[1.329s] Invoking command in '/home/kanal-raspi5/ws_amr_robot/src/robot_bringup': DEBUGINFOD_URLS=https://debuginfod.ubuntu.com NX_CONNECTION=100.78.101.29 57528 100.82.208.104 4000 PYTHONPATH=/home/kanal-raspi5/ws_amr_robot/build/robot_bringup/prefix_override:/usr/lib/python3/dist-packages/colcon_core/task/python/colcon_distutils_commands:/home/kanal-raspi5/ws_amr_robot/install/robot_bringup/lib/python3.12/site-packages:${PYTHONPATH} /usr/bin/python3 -W ignore:setup.py install is deprecated -W ignore:easy_install command is deprecated setup.py egg_info --egg-base ../../build/robot_bringup build --build-base /home/kanal-raspi5/ws_amr_robot/build/robot_bringup/build install --record /home/kanal-raspi5/ws_amr_robot/build/robot_bringup/install.log --single-version-externally-managed install_data
[1.714s] running egg_info
[1.742s] writing ../../build/robot_bringup/robot_bringup.egg-info/PKG-INFO
[1.742s] writing dependency_links to ../../build/robot_bringup/robot_bringup.egg-info/dependency_links.txt
[1.743s] writing entry points to ../../build/robot_bringup/robot_bringup.egg-info/entry_points.txt
[1.743s] writing requirements to ../../build/robot_bringup/robot_bringup.egg-info/requires.txt
[1.743s] writing top-level names to ../../build/robot_bringup/robot_bringup.egg-info/top_level.txt
[1.791s] reading manifest file '../../build/robot_bringup/robot_bringup.egg-info/SOURCES.txt'
[1.792s] writing manifest file '../../build/robot_bringup/robot_bringup.egg-info/SOURCES.txt'
[1.792s] running build
[1.793s] running build_py
[1.793s] copying robot_bringup/stm32_bridge.py -> /home/kanal-raspi5/ws_amr_robot/build/robot_bringup/build/lib/robot_bringup
[1.793s] running install
[1.803s] running install_lib
[1.829s] copying /home/kanal-raspi5/ws_amr_robot/build/robot_bringup/build/lib/robot_bringup/stm32_bridge.py -> /home/kanal-raspi5/ws_amr_robot/install/robot_bringup/lib/python3.12/site-packages/robot_bringup
[1.830s] byte-compiling /home/kanal-raspi5/ws_amr_robot/install/robot_bringup/lib/python3.12/site-packages/robot_bringup/stm32_bridge.py to stm32_bridge.cpython-312.pyc
[1.834s] running install_data
[1.835s] running install_egg_info
[1.863s] removing '/home/kanal-raspi5/ws_amr_robot/install/robot_bringup/lib/python3.12/site-packages/robot_bringup-0.0.0-py3.12.egg-info' (and everything under it)
[1.863s] Copying ../../build/robot_bringup/robot_bringup.egg-info to /home/kanal-raspi5/ws_amr_robot/install/robot_bringup/lib/python3.12/site-packages/robot_bringup-0.0.0-py3.12.egg-info
[1.865s] running install_scripts
[2.061s] Installing laser_restamper script to /home/kanal-raspi5/ws_amr_robot/install/robot_bringup/lib/robot_bringup
[2.061s] Installing odometry_node script to /home/kanal-raspi5/ws_amr_robot/install/robot_bringup/lib/robot_bringup
[2.062s] Installing stm32_bridge script to /home/kanal-raspi5/ws_amr_robot/install/robot_bringup/lib/robot_bringup
[2.062s] Installing teleop_keyboard script to /home/kanal-raspi5/ws_amr_robot/install/robot_bringup/lib/robot_bringup
[2.062s] writing list of installed files to '/home/kanal-raspi5/ws_amr_robot/build/robot_bringup/install.log'
[2.150s] Invoked command in '/home/kanal-raspi5/ws_amr_robot/src/robot_bringup' returned '0': DEBUGINFOD_URLS=https://debuginfod.ubuntu.com NX_CONNECTION=100.78.101.29 57528 100.82.208.104 4000 PYTHONPATH=/home/kanal-raspi5/ws_amr_robot/build/robot_bringup/prefix_override:/usr/lib/python3/dist-packages/colcon_core/task/python/colcon_distutils_commands:/home/kanal-raspi5/ws_amr_robot/install/robot_bringup/lib/python3.12/site-packages:${PYTHONPATH} /usr/bin/python3 -W ignore:setup.py install is deprecated -W ignore:easy_install command is deprecated setup.py egg_info --egg-base ../../build/robot_bringup build --build-base /home/kanal-raspi5/ws_amr_robot/build/robot_bringup/build install --record /home/kanal-raspi5/ws_amr_robot/build/robot_bringup/install.log --single-version-externally-managed install_data
