[1.731s] Invoking command in '/home/kanal-raspi5/Autonomous-Mobile-Robot/ws_amr_robot/build/robot_bringup': DEBUGINFOD_URLS=https://debuginfod.ubuntu.com NX_CONNECTION=100.78.101.29 62284 100.82.208.104 4000 PYTHONPATH=/home/kanal-raspi5/Autonomous-Mobile-Robot/ws_amr_robot/build/robot_bringup/prefix_override:/usr/lib/python3/dist-packages/colcon_core/task/python/colcon_distutils_commands:/home/kanal-raspi5/Autonomous-Mobile-Robot/ws_amr_robot/install/robot_bringup/lib/python3.12/site-packages:${PYTHONPATH} /usr/bin/python3 -W ignore:setup.py install is deprecated -W ignore:easy_install command is deprecated setup.py develop --editable --build-directory /home/kanal-raspi5/Autonomous-Mobile-Robot/ws_amr_robot/build/robot_bringup/build --no-deps symlink_data
[2.287s] running develop
[2.624s] running egg_info
[2.624s] creating robot_bringup.egg-info
[2.657s] writing robot_bringup.egg-info/PKG-INFO
[2.658s] writing dependency_links to robot_bringup.egg-info/dependency_links.txt
[2.658s] writing entry points to robot_bringup.egg-info/entry_points.txt
[2.658s] writing requirements to robot_bringup.egg-info/requires.txt
[2.658s] writing top-level names to robot_bringup.egg-info/top_level.txt
[2.658s] writing manifest file 'robot_bringup.egg-info/SOURCES.txt'
[2.715s] reading manifest file 'robot_bringup.egg-info/SOURCES.txt'
[2.717s] writing manifest file 'robot_bringup.egg-info/SOURCES.txt'
[2.758s] running build_ext
[2.759s] Creating /home/kanal-raspi5/Autonomous-Mobile-Robot/ws_amr_robot/install/robot_bringup/lib/python3.12/site-packages/robot-bringup.egg-link (link to .)
[2.759s] Installing laser_restamper script to /home/kanal-raspi5/Autonomous-Mobile-Robot/ws_amr_robot/install/robot_bringup/lib/robot_bringup
[2.759s] Installing odometry_node script to /home/kanal-raspi5/Autonomous-Mobile-Robot/ws_amr_robot/install/robot_bringup/lib/robot_bringup
[2.759s] Installing stm32_bridge script to /home/kanal-raspi5/Autonomous-Mobile-Robot/ws_amr_robot/install/robot_bringup/lib/robot_bringup
[2.759s] Installing teleop_keyboard script to /home/kanal-raspi5/Autonomous-Mobile-Robot/ws_amr_robot/install/robot_bringup/lib/robot_bringup
[2.759s] 
[2.759s] Installed /home/kanal-raspi5/Autonomous-Mobile-Robot/ws_amr_robot/build/robot_bringup
[2.759s] running symlink_data
[2.759s] creating /home/kanal-raspi5/Autonomous-Mobile-Robot/ws_amr_robot/install/robot_bringup/share/ament_index
[2.760s] creating /home/kanal-raspi5/Autonomous-Mobile-Robot/ws_amr_robot/install/robot_bringup/share/ament_index/resource_index
[2.760s] creating /home/kanal-raspi5/Autonomous-Mobile-Robot/ws_amr_robot/install/robot_bringup/share/ament_index/resource_index/packages
[2.760s] symbolically linking /home/kanal-raspi5/Autonomous-Mobile-Robot/ws_amr_robot/build/robot_bringup/resource/robot_bringup -> /home/kanal-raspi5/Autonomous-Mobile-Robot/ws_amr_robot/install/robot_bringup/share/ament_index/resource_index/packages
[2.760s] symbolically linking /home/kanal-raspi5/Autonomous-Mobile-Robot/ws_amr_robot/build/robot_bringup/package.xml -> /home/kanal-raspi5/Autonomous-Mobile-Robot/ws_amr_robot/install/robot_bringup/share/robot_bringup
[2.761s] creating /home/kanal-raspi5/Autonomous-Mobile-Robot/ws_amr_robot/install/robot_bringup/share/robot_bringup/launch
[2.761s] symbolically linking /home/kanal-raspi5/Autonomous-Mobile-Robot/ws_amr_robot/build/robot_bringup/launch/robot_bringup.launch.py -> /home/kanal-raspi5/Autonomous-Mobile-Robot/ws_amr_robot/install/robot_bringup/share/robot_bringup/launch
[2.761s] creating /home/kanal-raspi5/Autonomous-Mobile-Robot/ws_amr_robot/install/robot_bringup/share/robot_bringup/rviz
[2.761s] symbolically linking /home/kanal-raspi5/Autonomous-Mobile-Robot/ws_amr_robot/build/robot_bringup/rviz/default.rviz -> /home/kanal-raspi5/Autonomous-Mobile-Robot/ws_amr_robot/install/robot_bringup/share/robot_bringup/rviz
[2.761s] creating /home/kanal-raspi5/Autonomous-Mobile-Robot/ws_amr_robot/install/robot_bringup/share/robot_bringup/config
[2.762s] symbolically linking /home/kanal-raspi5/Autonomous-Mobile-Robot/ws_amr_robot/build/robot_bringup/config/ekf.yaml -> /home/kanal-raspi5/Autonomous-Mobile-Robot/ws_amr_robot/install/robot_bringup/share/robot_bringup/config
[2.762s] symbolically linking /home/kanal-raspi5/Autonomous-Mobile-Robot/ws_amr_robot/build/robot_bringup/config/mapper_params_online_async.yaml -> /home/kanal-raspi5/Autonomous-Mobile-Robot/ws_amr_robot/install/robot_bringup/share/robot_bringup/config
[2.913s] Invoked command in '/home/kanal-raspi5/Autonomous-Mobile-Robot/ws_amr_robot/build/robot_bringup' returned '0': DEBUGINFOD_URLS=https://debuginfod.ubuntu.com NX_CONNECTION=100.78.101.29 62284 100.82.208.104 4000 PYTHONPATH=/home/kanal-raspi5/Autonomous-Mobile-Robot/ws_amr_robot/build/robot_bringup/prefix_override:/usr/lib/python3/dist-packages/colcon_core/task/python/colcon_distutils_commands:/home/kanal-raspi5/Autonomous-Mobile-Robot/ws_amr_robot/install/robot_bringup/lib/python3.12/site-packages:${PYTHONPATH} /usr/bin/python3 -W ignore:setup.py install is deprecated -W ignore:easy_install command is deprecated setup.py develop --editable --build-directory /home/kanal-raspi5/Autonomous-Mobile-Robot/ws_amr_robot/build/robot_bringup/build --no-deps symlink_data
