[1.648s] Invoking command in '/home/kanal-raspi5/ws_amr_robot/build/robot_bringup': DEBUGINFOD_URLS=https://debuginfod.ubuntu.com NX_CONNECTION=100.78.101.29 59725 100.82.208.104 4000 PYTHONPATH=/home/kanal-raspi5/ws_amr_robot/build/robot_bringup/prefix_override:/usr/lib/python3/dist-packages/colcon_core/task/python/colcon_distutils_commands:/home/kanal-raspi5/ws_amr_robot/install/robot_bringup/lib/python3.12/site-packages:${PYTHONPATH} /usr/bin/python3 -W ignore:setup.py install is deprecated -W ignore:easy_install command is deprecated setup.py develop --uninstall --editable --build-directory /home/kanal-raspi5/ws_amr_robot/build/robot_bringup/build
[2.157s] running develop
[2.445s] Removing /home/kanal-raspi5/ws_amr_robot/install/robot_bringup/lib/python3.12/site-packages/robot-bringup.egg-link (link to .)
[2.550s] Invoked command in '/home/kanal-raspi5/ws_amr_robot/build/robot_bringup' returned '0': DEBUGINFOD_URLS=https://debuginfod.ubuntu.com NX_CONNECTION=100.78.101.29 59725 100.82.208.104 4000 PYTHONPATH=/home/kanal-raspi5/ws_amr_robot/build/robot_bringup/prefix_override:/usr/lib/python3/dist-packages/colcon_core/task/python/colcon_distutils_commands:/home/kanal-raspi5/ws_amr_robot/install/robot_bringup/lib/python3.12/site-packages:${PYTHONPATH} /usr/bin/python3 -W ignore:setup.py install is deprecated -W ignore:easy_install command is deprecated setup.py develop --uninstall --editable --build-directory /home/kanal-raspi5/ws_amr_robot/build/robot_bringup/build
[2.552s] Invoking command in '/home/kanal-raspi5/ws_amr_robot/src/robot_bringup': DEBUGINFOD_URLS=https://debuginfod.ubuntu.com NX_CONNECTION=100.78.101.29 59725 100.82.208.104 4000 PYTHONPATH=/home/kanal-raspi5/ws_amr_robot/build/robot_bringup/prefix_override:/usr/lib/python3/dist-packages/colcon_core/task/python/colcon_distutils_commands:/home/kanal-raspi5/ws_amr_robot/install/robot_bringup/lib/python3.12/site-packages:${PYTHONPATH} /usr/bin/python3 -W ignore:setup.py install is deprecated -W ignore:easy_install command is deprecated setup.py egg_info --egg-base ../../build/robot_bringup build --build-base /home/kanal-raspi5/ws_amr_robot/build/robot_bringup/build install --record /home/kanal-raspi5/ws_amr_robot/build/robot_bringup/install.log --single-version-externally-managed install_data --force
[2.947s] running egg_info
[2.970s] writing ../../build/robot_bringup/robot_bringup.egg-info/PKG-INFO
[2.970s] writing dependency_links to ../../build/robot_bringup/robot_bringup.egg-info/dependency_links.txt
[2.971s] writing entry points to ../../build/robot_bringup/robot_bringup.egg-info/entry_points.txt
[2.971s] writing requirements to ../../build/robot_bringup/robot_bringup.egg-info/requires.txt
[2.971s] writing top-level names to ../../build/robot_bringup/robot_bringup.egg-info/top_level.txt
[3.022s] reading manifest file '../../build/robot_bringup/robot_bringup.egg-info/SOURCES.txt'
[3.025s] writing manifest file '../../build/robot_bringup/robot_bringup.egg-info/SOURCES.txt'
[3.026s] running build
[3.026s] running build_py
[3.030s] copying robot_bringup/odometry_node.py -> /home/kanal-raspi5/ws_amr_robot/build/robot_bringup/build/lib/robot_bringup
[3.030s] running install
[3.040s] running install_lib
[3.065s] creating /home/kanal-raspi5/ws_amr_robot/install/robot_bringup/lib/python3.12/site-packages/robot_bringup
[3.065s] copying /home/kanal-raspi5/ws_amr_robot/build/robot_bringup/build/lib/robot_bringup/stm32_bridge.py -> /home/kanal-raspi5/ws_amr_robot/install/robot_bringup/lib/python3.12/site-packages/robot_bringup
[3.065s] copying /home/kanal-raspi5/ws_amr_robot/build/robot_bringup/build/lib/robot_bringup/odometry_node.py -> /home/kanal-raspi5/ws_amr_robot/install/robot_bringup/lib/python3.12/site-packages/robot_bringup
[3.065s] copying /home/kanal-raspi5/ws_amr_robot/build/robot_bringup/build/lib/robot_bringup/laser_restamper.py -> /home/kanal-raspi5/ws_amr_robot/install/robot_bringup/lib/python3.12/site-packages/robot_bringup
[3.066s] copying /home/kanal-raspi5/ws_amr_robot/build/robot_bringup/build/lib/robot_bringup/__init__.py -> /home/kanal-raspi5/ws_amr_robot/install/robot_bringup/lib/python3.12/site-packages/robot_bringup
[3.066s] byte-compiling /home/kanal-raspi5/ws_amr_robot/install/robot_bringup/lib/python3.12/site-packages/robot_bringup/stm32_bridge.py to stm32_bridge.cpython-312.pyc
[3.068s] byte-compiling /home/kanal-raspi5/ws_amr_robot/install/robot_bringup/lib/python3.12/site-packages/robot_bringup/odometry_node.py to odometry_node.cpython-312.pyc
[3.069s] byte-compiling /home/kanal-raspi5/ws_amr_robot/install/robot_bringup/lib/python3.12/site-packages/robot_bringup/laser_restamper.py to laser_restamper.cpython-312.pyc
[3.070s] byte-compiling /home/kanal-raspi5/ws_amr_robot/install/robot_bringup/lib/python3.12/site-packages/robot_bringup/__init__.py to __init__.cpython-312.pyc
[3.070s] running install_data
[3.070s] copying resource/robot_bringup -> /home/kanal-raspi5/ws_amr_robot/install/robot_bringup/share/ament_index/resource_index/packages
[3.070s] copying package.xml -> /home/kanal-raspi5/ws_amr_robot/install/robot_bringup/share/robot_bringup
[3.071s] copying launch/robot_bringup.launch.py -> /home/kanal-raspi5/ws_amr_robot/install/robot_bringup/share/robot_bringup/launch
[3.071s] copying rviz/default.rviz -> /home/kanal-raspi5/ws_amr_robot/install/robot_bringup/share/robot_bringup/rviz
[3.071s] copying config/mapper_params_online_async.yaml -> /home/kanal-raspi5/ws_amr_robot/install/robot_bringup/share/robot_bringup/config
[3.071s] running install_egg_info
[3.098s] Copying ../../build/robot_bringup/robot_bringup.egg-info to /home/kanal-raspi5/ws_amr_robot/install/robot_bringup/lib/python3.12/site-packages/robot_bringup-0.0.0-py3.12.egg-info
[3.100s] running install_scripts
[3.296s] Installing laser_restamper script to /home/kanal-raspi5/ws_amr_robot/install/robot_bringup/lib/robot_bringup
[3.296s] Installing odometry_node script to /home/kanal-raspi5/ws_amr_robot/install/robot_bringup/lib/robot_bringup
[3.297s] Installing stm32_bridge script to /home/kanal-raspi5/ws_amr_robot/install/robot_bringup/lib/robot_bringup
[3.297s] writing list of installed files to '/home/kanal-raspi5/ws_amr_robot/build/robot_bringup/install.log'
[3.385s] Invoked command in '/home/kanal-raspi5/ws_amr_robot/src/robot_bringup' returned '0': DEBUGINFOD_URLS=https://debuginfod.ubuntu.com NX_CONNECTION=100.78.101.29 59725 100.82.208.104 4000 PYTHONPATH=/home/kanal-raspi5/ws_amr_robot/build/robot_bringup/prefix_override:/usr/lib/python3/dist-packages/colcon_core/task/python/colcon_distutils_commands:/home/kanal-raspi5/ws_amr_robot/install/robot_bringup/lib/python3.12/site-packages:${PYTHONPATH} /usr/bin/python3 -W ignore:setup.py install is deprecated -W ignore:easy_install command is deprecated setup.py egg_info --egg-base ../../build/robot_bringup build --build-base /home/kanal-raspi5/ws_amr_robot/build/robot_bringup/build install --record /home/kanal-raspi5/ws_amr_robot/build/robot_bringup/install.log --single-version-externally-managed install_data --force
