[1.424s] Invoking command in '/home/kanal-raspi5/ws_amr_robot/build/robot_bringup': DEBUGINFOD_URLS=https://debuginfod.ubuntu.com NX_CONNECTION=100.78.101.29 59725 100.82.208.104 4000 PYTHONPATH=/home/kanal-raspi5/ws_amr_robot/build/robot_bringup/prefix_override:/usr/lib/python3/dist-packages/colcon_core/task/python/colcon_distutils_commands:/home/kanal-raspi5/ws_amr_robot/install/robot_bringup/lib/python3.12/site-packages:${PYTHONPATH} /usr/bin/python3 -W ignore:setup.py install is deprecated -W ignore:easy_install command is deprecated setup.py develop --editable --build-directory /home/kanal-raspi5/ws_amr_robot/build/robot_bringup/build --no-deps symlink_data --force
[1.962s] running develop
[2.252s] running egg_info
[2.277s] writing robot_bringup.egg-info/PKG-INFO
[2.278s] writing dependency_links to robot_bringup.egg-info/dependency_links.txt
[2.278s] writing entry points to robot_bringup.egg-info/entry_points.txt
[2.279s] writing requirements to robot_bringup.egg-info/requires.txt
[2.279s] writing top-level names to robot_bringup.egg-info/top_level.txt
[2.336s] reading manifest file 'robot_bringup.egg-info/SOURCES.txt'
[2.337s] writing manifest file 'robot_bringup.egg-info/SOURCES.txt'
[2.362s] running build_ext
[2.362s] Creating /home/kanal-raspi5/ws_amr_robot/install/robot_bringup/lib/python3.12/site-packages/robot-bringup.egg-link (link to .)
[2.363s] Installing laser_restamper script to /home/kanal-raspi5/ws_amr_robot/install/robot_bringup/lib/robot_bringup
[2.364s] Installing odometry_node script to /home/kanal-raspi5/ws_amr_robot/install/robot_bringup/lib/robot_bringup
[2.364s] Installing stm32_bridge script to /home/kanal-raspi5/ws_amr_robot/install/robot_bringup/lib/robot_bringup
[2.364s] 
[2.364s] Installed /home/kanal-raspi5/ws_amr_robot/build/robot_bringup
[2.364s] running symlink_data
[2.364s] symbolically linking /home/kanal-raspi5/ws_amr_robot/build/robot_bringup/resource/robot_bringup -> /home/kanal-raspi5/ws_amr_robot/install/robot_bringup/share/ament_index/resource_index/packages
[2.364s] symbolically linking /home/kanal-raspi5/ws_amr_robot/build/robot_bringup/package.xml -> /home/kanal-raspi5/ws_amr_robot/install/robot_bringup/share/robot_bringup
[2.365s] symbolically linking /home/kanal-raspi5/ws_amr_robot/build/robot_bringup/launch/robot_bringup.launch.py -> /home/kanal-raspi5/ws_amr_robot/install/robot_bringup/share/robot_bringup/launch
[2.365s] symbolically linking /home/kanal-raspi5/ws_amr_robot/build/robot_bringup/rviz/default.rviz -> /home/kanal-raspi5/ws_amr_robot/install/robot_bringup/share/robot_bringup/rviz
[2.365s] symbolically linking /home/kanal-raspi5/ws_amr_robot/build/robot_bringup/config/mapper_params_online_async.yaml -> /home/kanal-raspi5/ws_amr_robot/install/robot_bringup/share/robot_bringup/config
[2.463s] Invoked command in '/home/kanal-raspi5/ws_amr_robot/build/robot_bringup' returned '0': DEBUGINFOD_URLS=https://debuginfod.ubuntu.com NX_CONNECTION=100.78.101.29 59725 100.82.208.104 4000 PYTHONPATH=/home/kanal-raspi5/ws_amr_robot/build/robot_bringup/prefix_override:/usr/lib/python3/dist-packages/colcon_core/task/python/colcon_distutils_commands:/home/kanal-raspi5/ws_amr_robot/install/robot_bringup/lib/python3.12/site-packages:${PYTHONPATH} /usr/bin/python3 -W ignore:setup.py install is deprecated -W ignore:easy_install command is deprecated setup.py develop --editable --build-directory /home/kanal-raspi5/ws_amr_robot/build/robot_bringup/build --no-deps symlink_data --force
