[0.139s] DEBUG:colcon:Command line arguments: ['/usr/bin/colcon', 'build']
[0.139s] DEBUG:colcon:Parsed command line arguments: Namespace(log_base=None, log_level=None, verb_name='build', build_base='build', install_base='install', merge_install=False, symlink_install=False, test_result_base=None, continue_on_error=False, executor='parallel', parallel_workers=4, event_handlers=None, ignore_user_meta=False, metas=['./colcon.meta'], base_paths=['.'], packages_ignore=None, packages_ignore_regex=None, paths=None, packages_up_to=None, packages_up_to_regex=None, packages_above=None, packages_above_and_dependencies=None, packages_above_depth=None, packages_select_by_dep=None, packages_skip_by_dep=None, packages_skip_up_to=None, packages_select_build_failed=False, packages_skip_build_finished=False, packages_select_test_failures=False, packages_skip_test_passed=False, packages_select=None, packages_skip=None, packages_select_regex=None, packages_skip_regex=None, packages_start=None, packages_end=None, cmake_args=None, cmake_target=None, cmake_target_skip_unavailable=False, cmake_clean_cache=False, cmake_clean_first=False, cmake_force_configure=False, ament_cmake_args=None, catkin_cmake_args=None, catkin_skip_building_tests=False, verb_parser=<colcon_defaults.argument_parser.defaults.DefaultArgumentsDecorator object at 0xffffb6cc0d10>, verb_extension=<colcon_core.verb.build.BuildVerb object at 0xffffb6c114c0>, main=<bound method BuildVerb.main of <colcon_core.verb.build.BuildVerb object at 0xffffb6c114c0>>)
[0.197s] Level 1:colcon.colcon_core.package_discovery:discover_packages(colcon_meta) check parameters
[0.197s] Level 1:colcon.colcon_core.package_discovery:discover_packages(recursive) check parameters
[0.197s] Level 1:colcon.colcon_core.package_discovery:discover_packages(ignore) check parameters
[0.197s] Level 1:colcon.colcon_core.package_discovery:discover_packages(path) check parameters
[0.197s] Level 1:colcon.colcon_core.package_discovery:discover_packages(colcon_meta) discover
[0.197s] Level 1:colcon.colcon_core.package_discovery:discover_packages(recursive) discover
[0.197s] INFO:colcon.colcon_core.package_discovery:Crawling recursively for packages in '/home/kanal-raspi5/ws_amr_robot'
[0.197s] Level 1:colcon.colcon_core.package_identification:_identify(.) by extensions ['ignore', 'ignore_ament_install']
[0.198s] Level 1:colcon.colcon_core.package_identification:_identify(.) by extension 'ignore'
[0.198s] Level 1:colcon.colcon_core.package_identification:_identify(.) by extension 'ignore_ament_install'
[0.198s] Level 1:colcon.colcon_core.package_identification:_identify(.) by extensions ['colcon_pkg']
[0.198s] Level 1:colcon.colcon_core.package_identification:_identify(.) by extension 'colcon_pkg'
[0.198s] Level 1:colcon.colcon_core.package_identification:_identify(.) by extensions ['colcon_meta']
[0.198s] Level 1:colcon.colcon_core.package_identification:_identify(.) by extension 'colcon_meta'
[0.198s] Level 1:colcon.colcon_core.package_identification:_identify(.) by extensions ['ros']
[0.198s] Level 1:colcon.colcon_core.package_identification:_identify(.) by extension 'ros'
[0.234s] Level 1:colcon.colcon_core.package_identification:_identify(.) by extensions ['cmake', 'python']
[0.234s] Level 1:colcon.colcon_core.package_identification:_identify(.) by extension 'cmake'
[0.234s] Level 1:colcon.colcon_core.package_identification:_identify(.) by extension 'python'
[0.235s] Level 1:colcon.colcon_core.package_identification:_identify(.) by extensions ['python_setup_py']
[0.235s] Level 1:colcon.colcon_core.package_identification:_identify(.) by extension 'python_setup_py'
[0.235s] Level 1:colcon.colcon_core.package_identification:_identify(build) by extensions ['ignore', 'ignore_ament_install']
[0.235s] Level 1:colcon.colcon_core.package_identification:_identify(build) by extension 'ignore'
[0.235s] Level 1:colcon.colcon_core.package_identification:_identify(build) ignored
[0.235s] Level 1:colcon.colcon_core.package_identification:_identify(install) by extensions ['ignore', 'ignore_ament_install']
[0.235s] Level 1:colcon.colcon_core.package_identification:_identify(install) by extension 'ignore'
[0.235s] Level 1:colcon.colcon_core.package_identification:_identify(install) ignored
[0.235s] Level 1:colcon.colcon_core.package_identification:_identify(log) by extensions ['ignore', 'ignore_ament_install']
[0.235s] Level 1:colcon.colcon_core.package_identification:_identify(log) by extension 'ignore'
[0.235s] Level 1:colcon.colcon_core.package_identification:_identify(log) ignored
[0.236s] Level 1:colcon.colcon_core.package_identification:_identify(src) by extensions ['ignore', 'ignore_ament_install']
[0.236s] Level 1:colcon.colcon_core.package_identification:_identify(src) by extension 'ignore'
[0.236s] Level 1:colcon.colcon_core.package_identification:_identify(src) by extension 'ignore_ament_install'
[0.236s] Level 1:colcon.colcon_core.package_identification:_identify(src) by extensions ['colcon_pkg']
[0.236s] Level 1:colcon.colcon_core.package_identification:_identify(src) by extension 'colcon_pkg'
[0.236s] Level 1:colcon.colcon_core.package_identification:_identify(src) by extensions ['colcon_meta']
[0.236s] Level 1:colcon.colcon_core.package_identification:_identify(src) by extension 'colcon_meta'
[0.236s] Level 1:colcon.colcon_core.package_identification:_identify(src) by extensions ['ros']
[0.236s] Level 1:colcon.colcon_core.package_identification:_identify(src) by extension 'ros'
[0.236s] Level 1:colcon.colcon_core.package_identification:_identify(src) by extensions ['cmake', 'python']
[0.236s] Level 1:colcon.colcon_core.package_identification:_identify(src) by extension 'cmake'
[0.236s] Level 1:colcon.colcon_core.package_identification:_identify(src) by extension 'python'
[0.236s] Level 1:colcon.colcon_core.package_identification:_identify(src) by extensions ['python_setup_py']
[0.236s] Level 1:colcon.colcon_core.package_identification:_identify(src) by extension 'python_setup_py'
[0.236s] Level 1:colcon.colcon_core.package_identification:_identify(src/robot_bringup) by extensions ['ignore', 'ignore_ament_install']
[0.236s] Level 1:colcon.colcon_core.package_identification:_identify(src/robot_bringup) by extension 'ignore'
[0.236s] Level 1:colcon.colcon_core.package_identification:_identify(src/robot_bringup) by extension 'ignore_ament_install'
[0.236s] Level 1:colcon.colcon_core.package_identification:_identify(src/robot_bringup) by extensions ['colcon_pkg']
[0.236s] Level 1:colcon.colcon_core.package_identification:_identify(src/robot_bringup) by extension 'colcon_pkg'
[0.237s] Level 1:colcon.colcon_core.package_identification:_identify(src/robot_bringup) by extensions ['colcon_meta']
[0.237s] Level 1:colcon.colcon_core.package_identification:_identify(src/robot_bringup) by extension 'colcon_meta'
[0.237s] Level 1:colcon.colcon_core.package_identification:_identify(src/robot_bringup) by extensions ['ros']
[0.237s] Level 1:colcon.colcon_core.package_identification:_identify(src/robot_bringup) by extension 'ros'
[0.240s] DEBUG:colcon.colcon_core.package_identification:Package 'src/robot_bringup' with type 'ros.ament_python' and name 'robot_bringup'
[0.241s] Level 1:colcon.colcon_core.package_identification:_identify(src/sllidar_ros2) by extensions ['ignore', 'ignore_ament_install']
[0.241s] Level 1:colcon.colcon_core.package_identification:_identify(src/sllidar_ros2) by extension 'ignore'
[0.241s] Level 1:colcon.colcon_core.package_identification:_identify(src/sllidar_ros2) by extension 'ignore_ament_install'
[0.241s] Level 1:colcon.colcon_core.package_identification:_identify(src/sllidar_ros2) by extensions ['colcon_pkg']
[0.241s] Level 1:colcon.colcon_core.package_identification:_identify(src/sllidar_ros2) by extension 'colcon_pkg'
[0.241s] Level 1:colcon.colcon_core.package_identification:_identify(src/sllidar_ros2) by extensions ['colcon_meta']
[0.241s] Level 1:colcon.colcon_core.package_identification:_identify(src/sllidar_ros2) by extension 'colcon_meta'
[0.241s] Level 1:colcon.colcon_core.package_identification:_identify(src/sllidar_ros2) by extensions ['ros']
[0.241s] Level 1:colcon.colcon_core.package_identification:_identify(src/sllidar_ros2) by extension 'ros'
[0.242s] DEBUG:colcon.colcon_core.package_identification:Package 'src/sllidar_ros2' with type 'ros.ament_cmake' and name 'sllidar_ros2'
[0.242s] Level 1:colcon.colcon_core.package_discovery:discover_packages(recursive) using defaults
[0.242s] Level 1:colcon.colcon_core.package_discovery:discover_packages(ignore) discover
[0.242s] Level 1:colcon.colcon_core.package_discovery:discover_packages(ignore) using defaults
[0.242s] Level 1:colcon.colcon_core.package_discovery:discover_packages(path) discover
[0.242s] Level 1:colcon.colcon_core.package_discovery:discover_packages(path) using defaults
[0.268s] Level 5:colcon.colcon_core.verb:set package 'robot_bringup' build argument 'cmake_args' from command line to 'None'
[0.268s] Level 5:colcon.colcon_core.verb:set package 'robot_bringup' build argument 'cmake_target' from command line to 'None'
[0.268s] Level 5:colcon.colcon_core.verb:set package 'robot_bringup' build argument 'cmake_target_skip_unavailable' from command line to 'False'
[0.268s] Level 5:colcon.colcon_core.verb:set package 'robot_bringup' build argument 'cmake_clean_cache' from command line to 'False'
[0.268s] Level 5:colcon.colcon_core.verb:set package 'robot_bringup' build argument 'cmake_clean_first' from command line to 'False'
[0.268s] Level 5:colcon.colcon_core.verb:set package 'robot_bringup' build argument 'cmake_force_configure' from command line to 'False'
[0.268s] Level 5:colcon.colcon_core.verb:set package 'robot_bringup' build argument 'ament_cmake_args' from command line to 'None'
[0.268s] Level 5:colcon.colcon_core.verb:set package 'robot_bringup' build argument 'catkin_cmake_args' from command line to 'None'
[0.268s] Level 5:colcon.colcon_core.verb:set package 'robot_bringup' build argument 'catkin_skip_building_tests' from command line to 'False'
[0.268s] DEBUG:colcon.colcon_core.verb:Building package 'robot_bringup' with the following arguments: {'ament_cmake_args': None, 'build_base': '/home/kanal-raspi5/ws_amr_robot/build/robot_bringup', 'catkin_cmake_args': None, 'catkin_skip_building_tests': False, 'cmake_args': None, 'cmake_clean_cache': False, 'cmake_clean_first': False, 'cmake_force_configure': False, 'cmake_target': None, 'cmake_target_skip_unavailable': False, 'install_base': '/home/kanal-raspi5/ws_amr_robot/install/robot_bringup', 'merge_install': False, 'path': '/home/kanal-raspi5/ws_amr_robot/src/robot_bringup', 'symlink_install': False, 'test_result_base': None}
[0.268s] Level 5:colcon.colcon_core.verb:set package 'sllidar_ros2' build argument 'cmake_args' from command line to 'None'
[0.268s] Level 5:colcon.colcon_core.verb:set package 'sllidar_ros2' build argument 'cmake_target' from command line to 'None'
[0.268s] Level 5:colcon.colcon_core.verb:set package 'sllidar_ros2' build argument 'cmake_target_skip_unavailable' from command line to 'False'
[0.268s] Level 5:colcon.colcon_core.verb:set package 'sllidar_ros2' build argument 'cmake_clean_cache' from command line to 'False'
[0.269s] Level 5:colcon.colcon_core.verb:set package 'sllidar_ros2' build argument 'cmake_clean_first' from command line to 'False'
[0.269s] Level 5:colcon.colcon_core.verb:set package 'sllidar_ros2' build argument 'cmake_force_configure' from command line to 'False'
[0.269s] Level 5:colcon.colcon_core.verb:set package 'sllidar_ros2' build argument 'ament_cmake_args' from command line to 'None'
[0.269s] Level 5:colcon.colcon_core.verb:set package 'sllidar_ros2' build argument 'catkin_cmake_args' from command line to 'None'
[0.269s] Level 5:colcon.colcon_core.verb:set package 'sllidar_ros2' build argument 'catkin_skip_building_tests' from command line to 'False'
[0.269s] DEBUG:colcon.colcon_core.verb:Building package 'sllidar_ros2' with the following arguments: {'ament_cmake_args': None, 'build_base': '/home/kanal-raspi5/ws_amr_robot/build/sllidar_ros2', 'catkin_cmake_args': None, 'catkin_skip_building_tests': False, 'cmake_args': None, 'cmake_clean_cache': False, 'cmake_clean_first': False, 'cmake_force_configure': False, 'cmake_target': None, 'cmake_target_skip_unavailable': False, 'install_base': '/home/kanal-raspi5/ws_amr_robot/install/sllidar_ros2', 'merge_install': False, 'path': '/home/kanal-raspi5/ws_amr_robot/src/sllidar_ros2', 'symlink_install': False, 'test_result_base': None}
[0.269s] INFO:colcon.colcon_core.executor:Executing jobs using 'parallel' executor
[0.270s] DEBUG:colcon.colcon_parallel_executor.executor.parallel:run_until_complete
[0.271s] INFO:colcon.colcon_ros.task.ament_python.build:Building ROS package in '/home/kanal-raspi5/ws_amr_robot/src/robot_bringup' with build type 'ament_python'
[0.271s] Level 1:colcon.colcon_core.shell:create_environment_hook('robot_bringup', 'ament_prefix_path')
[0.274s] INFO:colcon.colcon_core.plugin_system:Skipping extension 'colcon_core.shell.bat': Not used on non-Windows systems
[0.275s] INFO:colcon.colcon_core.shell:Creating environment descriptor '/home/kanal-raspi5/ws_amr_robot/install/robot_bringup/share/robot_bringup/hook/ament_prefix_path.dsv'
[0.276s] INFO:colcon.colcon_core.shell:Creating environment hook '/home/kanal-raspi5/ws_amr_robot/install/robot_bringup/share/robot_bringup/hook/ament_prefix_path.sh'
[0.277s] DEBUG:colcon.colcon_core.shell:Skip shell extension 'dsv' for command environment
[0.283s] INFO:colcon.colcon_ros.task.ament_cmake.build:Building ROS package in '/home/kanal-raspi5/ws_amr_robot/src/sllidar_ros2' with build type 'ament_cmake'
[0.283s] INFO:colcon.colcon_cmake.task.cmake.build:Building CMake package in '/home/kanal-raspi5/ws_amr_robot/src/sllidar_ros2'
[0.283s] DEBUG:colcon.colcon_core.shell:Skip shell extension 'dsv' for command environment
[0.674s] INFO:colcon.colcon_core.task.python.build:Building Python package in '/home/kanal-raspi5/ws_amr_robot/src/robot_bringup'
[0.676s] DEBUG:colcon.colcon_core.shell:Skip shell extension 'dsv' for command environment
[0.689s] DEBUG:colcon.colcon_core.event_handler.log_command:Invoking command in '/home/kanal-raspi5/ws_amr_robot/build/sllidar_ros2': CMAKE_PREFIX_PATH=${CMAKE_PREFIX_PATH}:/home/kanal-raspi5/ws_amr_robot/install/robot_bringup:/opt/ros/jazzy DEBUGINFOD_URLS=https://debuginfod.ubuntu.com NX_CONNECTION=100.78.101.29 62747 100.82.208.104 4000 /usr/bin/cmake --build /home/kanal-raspi5/ws_amr_robot/build/sllidar_ros2 -- -j4 -l4
[0.926s] DEBUG:colcon.colcon_core.event_handler.log_command:Invoked command in '/home/kanal-raspi5/ws_amr_robot/build/sllidar_ros2' returned '0': CMAKE_PREFIX_PATH=${CMAKE_PREFIX_PATH}:/home/kanal-raspi5/ws_amr_robot/install/robot_bringup:/opt/ros/jazzy DEBUGINFOD_URLS=https://debuginfod.ubuntu.com NX_CONNECTION=100.78.101.29 62747 100.82.208.104 4000 /usr/bin/cmake --build /home/kanal-raspi5/ws_amr_robot/build/sllidar_ros2 -- -j4 -l4
[0.955s] DEBUG:colcon.colcon_core.event_handler.log_command:Invoking command in '/home/kanal-raspi5/ws_amr_robot/build/sllidar_ros2': CMAKE_PREFIX_PATH=${CMAKE_PREFIX_PATH}:/home/kanal-raspi5/ws_amr_robot/install/robot_bringup:/opt/ros/jazzy DEBUGINFOD_URLS=https://debuginfod.ubuntu.com NX_CONNECTION=100.78.101.29 62747 100.82.208.104 4000 /usr/bin/cmake --install /home/kanal-raspi5/ws_amr_robot/build/sllidar_ros2
[1.007s] Level 1:colcon.colcon_core.environment:create_environment_scripts_only(sllidar_ros2)
[1.007s] DEBUG:colcon.colcon_core.event_handler.log_command:Invoked command in '/home/kanal-raspi5/ws_amr_robot/build/sllidar_ros2' returned '0': CMAKE_PREFIX_PATH=${CMAKE_PREFIX_PATH}:/home/kanal-raspi5/ws_amr_robot/install/robot_bringup:/opt/ros/jazzy DEBUGINFOD_URLS=https://debuginfod.ubuntu.com NX_CONNECTION=100.78.101.29 62747 100.82.208.104 4000 /usr/bin/cmake --install /home/kanal-raspi5/ws_amr_robot/build/sllidar_ros2
[1.010s] Level 1:colcon.colcon_core.environment:checking '/home/kanal-raspi5/ws_amr_robot/install/sllidar_ros2' for CMake module files
[1.011s] Level 1:colcon.colcon_core.environment:checking '/home/kanal-raspi5/ws_amr_robot/install/sllidar_ros2' for CMake config files
[1.012s] Level 1:colcon.colcon_core.shell:create_environment_hook('sllidar_ros2', 'cmake_prefix_path')
[1.012s] INFO:colcon.colcon_core.shell:Creating environment descriptor '/home/kanal-raspi5/ws_amr_robot/install/sllidar_ros2/share/sllidar_ros2/hook/cmake_prefix_path.dsv'
[1.013s] INFO:colcon.colcon_core.shell:Creating environment hook '/home/kanal-raspi5/ws_amr_robot/install/sllidar_ros2/share/sllidar_ros2/hook/cmake_prefix_path.sh'
[1.013s] Level 1:colcon.colcon_core.environment:checking '/home/kanal-raspi5/ws_amr_robot/install/sllidar_ros2/lib'
[1.014s] Level 1:colcon.colcon_core.environment:checking '/home/kanal-raspi5/ws_amr_robot/install/sllidar_ros2/bin'
[1.014s] Level 1:colcon.colcon_core.environment:checking '/home/kanal-raspi5/ws_amr_robot/install/sllidar_ros2/lib/pkgconfig/sllidar_ros2.pc'
[1.014s] Level 1:colcon.colcon_core.environment:checking '/home/kanal-raspi5/ws_amr_robot/install/sllidar_ros2/lib/python3.12/site-packages'
[1.015s] Level 1:colcon.colcon_core.environment:checking '/home/kanal-raspi5/ws_amr_robot/install/sllidar_ros2/bin'
[1.015s] INFO:colcon.colcon_core.shell:Creating package descriptor '/home/kanal-raspi5/ws_amr_robot/install/sllidar_ros2/share/sllidar_ros2/package.dsv'
[1.016s] INFO:colcon.colcon_core.shell:Creating package script '/home/kanal-raspi5/ws_amr_robot/install/sllidar_ros2/share/sllidar_ros2/package.sh'
[1.016s] INFO:colcon.colcon_core.shell:Creating package script '/home/kanal-raspi5/ws_amr_robot/install/sllidar_ros2/share/sllidar_ros2/package.bash'
[1.017s] INFO:colcon.colcon_core.shell:Creating package script '/home/kanal-raspi5/ws_amr_robot/install/sllidar_ros2/share/sllidar_ros2/package.zsh'
[1.018s] Level 1:colcon.colcon_core.environment:create_file_with_runtime_dependencies(/home/kanal-raspi5/ws_amr_robot/install/sllidar_ros2/share/colcon-core/packages/sllidar_ros2)
[1.019s] Level 1:colcon.colcon_core.environment:create_environment_scripts_only(sllidar_ros2)
[1.019s] Level 1:colcon.colcon_core.environment:checking '/home/kanal-raspi5/ws_amr_robot/install/sllidar_ros2' for CMake module files
[1.020s] Level 1:colcon.colcon_core.environment:checking '/home/kanal-raspi5/ws_amr_robot/install/sllidar_ros2' for CMake config files
[1.020s] Level 1:colcon.colcon_core.shell:create_environment_hook('sllidar_ros2', 'cmake_prefix_path')
[1.020s] INFO:colcon.colcon_core.shell:Creating environment descriptor '/home/kanal-raspi5/ws_amr_robot/install/sllidar_ros2/share/sllidar_ros2/hook/cmake_prefix_path.dsv'
[1.021s] INFO:colcon.colcon_core.shell:Creating environment hook '/home/kanal-raspi5/ws_amr_robot/install/sllidar_ros2/share/sllidar_ros2/hook/cmake_prefix_path.sh'
[1.022s] Level 1:colcon.colcon_core.environment:checking '/home/kanal-raspi5/ws_amr_robot/install/sllidar_ros2/lib'
[1.022s] Level 1:colcon.colcon_core.environment:checking '/home/kanal-raspi5/ws_amr_robot/install/sllidar_ros2/bin'
[1.022s] Level 1:colcon.colcon_core.environment:checking '/home/kanal-raspi5/ws_amr_robot/install/sllidar_ros2/lib/pkgconfig/sllidar_ros2.pc'
[1.022s] Level 1:colcon.colcon_core.environment:checking '/home/kanal-raspi5/ws_amr_robot/install/sllidar_ros2/lib/python3.12/site-packages'
[1.023s] Level 1:colcon.colcon_core.environment:checking '/home/kanal-raspi5/ws_amr_robot/install/sllidar_ros2/bin'
[1.023s] INFO:colcon.colcon_core.shell:Creating package descriptor '/home/kanal-raspi5/ws_amr_robot/install/sllidar_ros2/share/sllidar_ros2/package.dsv'
[1.024s] INFO:colcon.colcon_core.shell:Creating package script '/home/kanal-raspi5/ws_amr_robot/install/sllidar_ros2/share/sllidar_ros2/package.sh'
[1.024s] INFO:colcon.colcon_core.shell:Creating package script '/home/kanal-raspi5/ws_amr_robot/install/sllidar_ros2/share/sllidar_ros2/package.bash'
[1.025s] INFO:colcon.colcon_core.shell:Creating package script '/home/kanal-raspi5/ws_amr_robot/install/sllidar_ros2/share/sllidar_ros2/package.zsh'
[1.025s] Level 1:colcon.colcon_core.environment:create_file_with_runtime_dependencies(/home/kanal-raspi5/ws_amr_robot/install/sllidar_ros2/share/colcon-core/packages/sllidar_ros2)
[1.727s] DEBUG:colcon.colcon_core.event_handler.log_command:Invoking command in '/home/kanal-raspi5/ws_amr_robot/src/robot_bringup': DEBUGINFOD_URLS=https://debuginfod.ubuntu.com NX_CONNECTION=100.78.101.29 62747 100.82.208.104 4000 PYTHONPATH=/home/kanal-raspi5/ws_amr_robot/build/robot_bringup/prefix_override:/usr/lib/python3/dist-packages/colcon_core/task/python/colcon_distutils_commands:/home/kanal-raspi5/ws_amr_robot/install/robot_bringup/lib/python3.12/site-packages:${PYTHONPATH} /usr/bin/python3 -W ignore:setup.py install is deprecated -W ignore:easy_install command is deprecated setup.py egg_info --egg-base ../../build/robot_bringup build --build-base /home/kanal-raspi5/ws_amr_robot/build/robot_bringup/build install --record /home/kanal-raspi5/ws_amr_robot/build/robot_bringup/install.log --single-version-externally-managed install_data
[1.824s] DEBUG:colcon.colcon_parallel_executor.executor.parallel:run_until_complete was interrupted
[1.824s] DEBUG:colcon.colcon_parallel_executor.executor.parallel:run_until_complete again
[1.865s] DEBUG:colcon.colcon_core.event_handler.log_command:Invoked command in '/home/kanal-raspi5/ws_amr_robot/src/robot_bringup' returned '-2': DEBUGINFOD_URLS=https://debuginfod.ubuntu.com NX_CONNECTION=100.78.101.29 62747 100.82.208.104 4000 PYTHONPATH=/home/kanal-raspi5/ws_amr_robot/build/robot_bringup/prefix_override:/usr/lib/python3/dist-packages/colcon_core/task/python/colcon_distutils_commands:/home/kanal-raspi5/ws_amr_robot/install/robot_bringup/lib/python3.12/site-packages:${PYTHONPATH} /usr/bin/python3 -W ignore:setup.py install is deprecated -W ignore:easy_install command is deprecated setup.py egg_info --egg-base ../../build/robot_bringup build --build-base /home/kanal-raspi5/ws_amr_robot/build/robot_bringup/build install --record /home/kanal-raspi5/ws_amr_robot/build/robot_bringup/install.log --single-version-externally-managed install_data
[1.875s] DEBUG:colcon.colcon_parallel_executor.executor.parallel:run_until_complete finished
[1.875s] DEBUG:colcon.colcon_parallel_executor.executor.parallel:closing loop
[1.875s] DEBUG:colcon.colcon_parallel_executor.executor.parallel:loop closed
[1.875s] DEBUG:colcon.colcon_core.event_reactor:joining thread
[1.888s] INFO:colcon.colcon_core.plugin_system:Skipping extension 'colcon_notification.desktop_notification.terminal_notifier': Not used on non-Darwin systems
[1.888s] INFO:colcon.colcon_core.plugin_system:Skipping extension 'colcon_notification.desktop_notification.win32': Not used on non-Windows systems
[1.888s] INFO:colcon.colcon_notification.desktop_notification:Sending desktop notification using 'notify2'
[1.905s] DEBUG:colcon.colcon_core.event_reactor:joined thread
[1.906s] INFO:colcon.colcon_core.shell:Creating prefix script '/home/kanal-raspi5/ws_amr_robot/install/local_setup.sh'
[1.908s] INFO:colcon.colcon_core.shell:Creating prefix util module '/home/kanal-raspi5/ws_amr_robot/install/_local_setup_util_sh.py'
[1.910s] INFO:colcon.colcon_core.shell:Creating prefix chain script '/home/kanal-raspi5/ws_amr_robot/install/setup.sh'
[1.912s] INFO:colcon.colcon_core.shell:Creating prefix script '/home/kanal-raspi5/ws_amr_robot/install/local_setup.bash'
[1.913s] INFO:colcon.colcon_core.shell:Creating prefix chain script '/home/kanal-raspi5/ws_amr_robot/install/setup.bash'
[1.914s] INFO:colcon.colcon_core.shell:Creating prefix script '/home/kanal-raspi5/ws_amr_robot/install/local_setup.zsh'
[1.915s] INFO:colcon.colcon_core.shell:Creating prefix chain script '/home/kanal-raspi5/ws_amr_robot/install/setup.zsh'
