[0.153s] DEBUG:colcon:Command line arguments: ['/usr/bin/colcon', 'build', '--symlink-install']
[0.153s] DEBUG:colcon:Parsed command line arguments: Namespace(log_base=None, log_level=None, verb_name='build', build_base='build', install_base='install', merge_install=False, symlink_install=True, test_result_base=None, continue_on_error=False, executor='parallel', parallel_workers=4, event_handlers=None, ignore_user_meta=False, metas=['./colcon.meta'], base_paths=['.'], packages_ignore=None, packages_ignore_regex=None, paths=None, packages_up_to=None, packages_up_to_regex=None, packages_above=None, packages_above_and_dependencies=None, packages_above_depth=None, packages_select_by_dep=None, packages_skip_by_dep=None, packages_skip_up_to=None, packages_select_build_failed=False, packages_skip_build_finished=False, packages_select_test_failures=False, packages_skip_test_passed=False, packages_select=None, packages_skip=None, packages_select_regex=None, packages_skip_regex=None, packages_start=None, packages_end=None, cmake_args=None, cmake_target=None, cmake_target_skip_unavailable=False, cmake_clean_cache=False, cmake_clean_first=False, cmake_force_configure=False, ament_cmake_args=None, catkin_cmake_args=None, catkin_skip_building_tests=False, verb_parser=<colcon_defaults.argument_parser.defaults.DefaultArgumentsDecorator object at 0xffff92b05640>, verb_extension=<colcon_core.verb.build.BuildVerb object at 0xffff92cea0c0>, main=<bound method BuildVerb.main of <colcon_core.verb.build.BuildVerb object at 0xffff92cea0c0>>)
[0.212s] Level 1:colcon.colcon_core.package_discovery:discover_packages(colcon_meta) check parameters
[0.212s] Level 1:colcon.colcon_core.package_discovery:discover_packages(recursive) check parameters
[0.212s] Level 1:colcon.colcon_core.package_discovery:discover_packages(ignore) check parameters
[0.212s] Level 1:colcon.colcon_core.package_discovery:discover_packages(path) check parameters
[0.212s] Level 1:colcon.colcon_core.package_discovery:discover_packages(colcon_meta) discover
[0.212s] Level 1:colcon.colcon_core.package_discovery:discover_packages(recursive) discover
[0.212s] INFO:colcon.colcon_core.package_discovery:Crawling recursively for packages in '/home/kanal-raspi5/Autonomous-Mobile-Robot/ws_amr_robot'
[0.212s] Level 1:colcon.colcon_core.package_identification:_identify(.) by extensions ['ignore', 'ignore_ament_install']
[0.213s] Level 1:colcon.colcon_core.package_identification:_identify(.) by extension 'ignore'
[0.213s] Level 1:colcon.colcon_core.package_identification:_identify(.) by extension 'ignore_ament_install'
[0.213s] Level 1:colcon.colcon_core.package_identification:_identify(.) by extensions ['colcon_pkg']
[0.213s] Level 1:colcon.colcon_core.package_identification:_identify(.) by extension 'colcon_pkg'
[0.213s] Level 1:colcon.colcon_core.package_identification:_identify(.) by extensions ['colcon_meta']
[0.213s] Level 1:colcon.colcon_core.package_identification:_identify(.) by extension 'colcon_meta'
[0.213s] Level 1:colcon.colcon_core.package_identification:_identify(.) by extensions ['ros']
[0.213s] Level 1:colcon.colcon_core.package_identification:_identify(.) by extension 'ros'
[0.249s] Level 1:colcon.colcon_core.package_identification:_identify(.) by extensions ['cmake', 'python']
[0.249s] Level 1:colcon.colcon_core.package_identification:_identify(.) by extension 'cmake'
[0.249s] Level 1:colcon.colcon_core.package_identification:_identify(.) by extension 'python'
[0.249s] Level 1:colcon.colcon_core.package_identification:_identify(.) by extensions ['python_setup_py']
[0.249s] Level 1:colcon.colcon_core.package_identification:_identify(.) by extension 'python_setup_py'
[0.249s] Level 1:colcon.colcon_core.package_identification:_identify(build) by extensions ['ignore', 'ignore_ament_install']
[0.250s] Level 1:colcon.colcon_core.package_identification:_identify(build) by extension 'ignore'
[0.250s] Level 1:colcon.colcon_core.package_identification:_identify(build) ignored
[0.250s] Level 1:colcon.colcon_core.package_identification:_identify(install) by extensions ['ignore', 'ignore_ament_install']
[0.250s] Level 1:colcon.colcon_core.package_identification:_identify(install) by extension 'ignore'
[0.250s] Level 1:colcon.colcon_core.package_identification:_identify(install) ignored
[0.250s] Level 1:colcon.colcon_core.package_identification:_identify(log) by extensions ['ignore', 'ignore_ament_install']
[0.250s] Level 1:colcon.colcon_core.package_identification:_identify(log) by extension 'ignore'
[0.250s] Level 1:colcon.colcon_core.package_identification:_identify(log) ignored
[0.250s] Level 1:colcon.colcon_core.package_identification:_identify(src) by extensions ['ignore', 'ignore_ament_install']
[0.250s] Level 1:colcon.colcon_core.package_identification:_identify(src) by extension 'ignore'
[0.250s] Level 1:colcon.colcon_core.package_identification:_identify(src) by extension 'ignore_ament_install'
[0.250s] Level 1:colcon.colcon_core.package_identification:_identify(src) by extensions ['colcon_pkg']
[0.251s] Level 1:colcon.colcon_core.package_identification:_identify(src) by extension 'colcon_pkg'
[0.251s] Level 1:colcon.colcon_core.package_identification:_identify(src) by extensions ['colcon_meta']
[0.251s] Level 1:colcon.colcon_core.package_identification:_identify(src) by extension 'colcon_meta'
[0.251s] Level 1:colcon.colcon_core.package_identification:_identify(src) by extensions ['ros']
[0.251s] Level 1:colcon.colcon_core.package_identification:_identify(src) by extension 'ros'
[0.251s] Level 1:colcon.colcon_core.package_identification:_identify(src) by extensions ['cmake', 'python']
[0.251s] Level 1:colcon.colcon_core.package_identification:_identify(src) by extension 'cmake'
[0.251s] Level 1:colcon.colcon_core.package_identification:_identify(src) by extension 'python'
[0.251s] Level 1:colcon.colcon_core.package_identification:_identify(src) by extensions ['python_setup_py']
[0.251s] Level 1:colcon.colcon_core.package_identification:_identify(src) by extension 'python_setup_py'
[0.251s] Level 1:colcon.colcon_core.package_identification:_identify(src/robot_bringup) by extensions ['ignore', 'ignore_ament_install']
[0.251s] Level 1:colcon.colcon_core.package_identification:_identify(src/robot_bringup) by extension 'ignore'
[0.251s] Level 1:colcon.colcon_core.package_identification:_identify(src/robot_bringup) by extension 'ignore_ament_install'
[0.251s] Level 1:colcon.colcon_core.package_identification:_identify(src/robot_bringup) by extensions ['colcon_pkg']
[0.251s] Level 1:colcon.colcon_core.package_identification:_identify(src/robot_bringup) by extension 'colcon_pkg'
[0.251s] Level 1:colcon.colcon_core.package_identification:_identify(src/robot_bringup) by extensions ['colcon_meta']
[0.251s] Level 1:colcon.colcon_core.package_identification:_identify(src/robot_bringup) by extension 'colcon_meta'
[0.251s] Level 1:colcon.colcon_core.package_identification:_identify(src/robot_bringup) by extensions ['ros']
[0.251s] Level 1:colcon.colcon_core.package_identification:_identify(src/robot_bringup) by extension 'ros'
[0.255s] DEBUG:colcon.colcon_core.package_identification:Package 'src/robot_bringup' with type 'ros.ament_python' and name 'robot_bringup'
[0.255s] Level 1:colcon.colcon_core.package_identification:_identify(src/sllidar_ros2) by extensions ['ignore', 'ignore_ament_install']
[0.255s] Level 1:colcon.colcon_core.package_identification:_identify(src/sllidar_ros2) by extension 'ignore'
[0.255s] Level 1:colcon.colcon_core.package_identification:_identify(src/sllidar_ros2) by extension 'ignore_ament_install'
[0.255s] Level 1:colcon.colcon_core.package_identification:_identify(src/sllidar_ros2) by extensions ['colcon_pkg']
[0.255s] Level 1:colcon.colcon_core.package_identification:_identify(src/sllidar_ros2) by extension 'colcon_pkg'
[0.255s] Level 1:colcon.colcon_core.package_identification:_identify(src/sllidar_ros2) by extensions ['colcon_meta']
[0.255s] Level 1:colcon.colcon_core.package_identification:_identify(src/sllidar_ros2) by extension 'colcon_meta'
[0.255s] Level 1:colcon.colcon_core.package_identification:_identify(src/sllidar_ros2) by extensions ['ros']
[0.255s] Level 1:colcon.colcon_core.package_identification:_identify(src/sllidar_ros2) by extension 'ros'
[0.256s] DEBUG:colcon.colcon_core.package_identification:Package 'src/sllidar_ros2' with type 'ros.ament_cmake' and name 'sllidar_ros2'
[0.256s] Level 1:colcon.colcon_core.package_discovery:discover_packages(recursive) using defaults
[0.256s] Level 1:colcon.colcon_core.package_discovery:discover_packages(ignore) discover
[0.256s] Level 1:colcon.colcon_core.package_discovery:discover_packages(ignore) using defaults
[0.256s] Level 1:colcon.colcon_core.package_discovery:discover_packages(path) discover
[0.256s] Level 1:colcon.colcon_core.package_discovery:discover_packages(path) using defaults
[0.283s] Level 5:colcon.colcon_core.verb:set package 'robot_bringup' build argument 'cmake_args' from command line to 'None'
[0.283s] Level 5:colcon.colcon_core.verb:set package 'robot_bringup' build argument 'cmake_target' from command line to 'None'
[0.283s] Level 5:colcon.colcon_core.verb:set package 'robot_bringup' build argument 'cmake_target_skip_unavailable' from command line to 'False'
[0.283s] Level 5:colcon.colcon_core.verb:set package 'robot_bringup' build argument 'cmake_clean_cache' from command line to 'False'
[0.283s] Level 5:colcon.colcon_core.verb:set package 'robot_bringup' build argument 'cmake_clean_first' from command line to 'False'
[0.283s] Level 5:colcon.colcon_core.verb:set package 'robot_bringup' build argument 'cmake_force_configure' from command line to 'False'
[0.283s] Level 5:colcon.colcon_core.verb:set package 'robot_bringup' build argument 'ament_cmake_args' from command line to 'None'
[0.283s] Level 5:colcon.colcon_core.verb:set package 'robot_bringup' build argument 'catkin_cmake_args' from command line to 'None'
[0.283s] Level 5:colcon.colcon_core.verb:set package 'robot_bringup' build argument 'catkin_skip_building_tests' from command line to 'False'
[0.283s] DEBUG:colcon.colcon_core.verb:Building package 'robot_bringup' with the following arguments: {'ament_cmake_args': None, 'build_base': '/home/kanal-raspi5/Autonomous-Mobile-Robot/ws_amr_robot/build/robot_bringup', 'catkin_cmake_args': None, 'catkin_skip_building_tests': False, 'cmake_args': None, 'cmake_clean_cache': False, 'cmake_clean_first': False, 'cmake_force_configure': False, 'cmake_target': None, 'cmake_target_skip_unavailable': False, 'install_base': '/home/kanal-raspi5/Autonomous-Mobile-Robot/ws_amr_robot/install/robot_bringup', 'merge_install': False, 'path': '/home/kanal-raspi5/Autonomous-Mobile-Robot/ws_amr_robot/src/robot_bringup', 'symlink_install': True, 'test_result_base': None}
[0.283s] Level 5:colcon.colcon_core.verb:set package 'sllidar_ros2' build argument 'cmake_args' from command line to 'None'
[0.283s] Level 5:colcon.colcon_core.verb:set package 'sllidar_ros2' build argument 'cmake_target' from command line to 'None'
[0.283s] Level 5:colcon.colcon_core.verb:set package 'sllidar_ros2' build argument 'cmake_target_skip_unavailable' from command line to 'False'
[0.283s] Level 5:colcon.colcon_core.verb:set package 'sllidar_ros2' build argument 'cmake_clean_cache' from command line to 'False'
[0.283s] Level 5:colcon.colcon_core.verb:set package 'sllidar_ros2' build argument 'cmake_clean_first' from command line to 'False'
[0.283s] Level 5:colcon.colcon_core.verb:set package 'sllidar_ros2' build argument 'cmake_force_configure' from command line to 'False'
[0.283s] Level 5:colcon.colcon_core.verb:set package 'sllidar_ros2' build argument 'ament_cmake_args' from command line to 'None'
[0.284s] Level 5:colcon.colcon_core.verb:set package 'sllidar_ros2' build argument 'catkin_cmake_args' from command line to 'None'
[0.284s] Level 5:colcon.colcon_core.verb:set package 'sllidar_ros2' build argument 'catkin_skip_building_tests' from command line to 'False'
[0.284s] DEBUG:colcon.colcon_core.verb:Building package 'sllidar_ros2' with the following arguments: {'ament_cmake_args': None, 'build_base': '/home/kanal-raspi5/Autonomous-Mobile-Robot/ws_amr_robot/build/sllidar_ros2', 'catkin_cmake_args': None, 'catkin_skip_building_tests': False, 'cmake_args': None, 'cmake_clean_cache': False, 'cmake_clean_first': False, 'cmake_force_configure': False, 'cmake_target': None, 'cmake_target_skip_unavailable': False, 'install_base': '/home/kanal-raspi5/Autonomous-Mobile-Robot/ws_amr_robot/install/sllidar_ros2', 'merge_install': False, 'path': '/home/kanal-raspi5/Autonomous-Mobile-Robot/ws_amr_robot/src/sllidar_ros2', 'symlink_install': True, 'test_result_base': None}
[0.284s] INFO:colcon.colcon_core.executor:Executing jobs using 'parallel' executor
[0.285s] DEBUG:colcon.colcon_parallel_executor.executor.parallel:run_until_complete
[0.286s] INFO:colcon.colcon_ros.task.ament_python.build:Building ROS package in '/home/kanal-raspi5/Autonomous-Mobile-Robot/ws_amr_robot/src/robot_bringup' with build type 'ament_python'
[0.286s] Level 1:colcon.colcon_core.shell:create_environment_hook('robot_bringup', 'ament_prefix_path')
[0.289s] INFO:colcon.colcon_core.plugin_system:Skipping extension 'colcon_core.shell.bat': Not used on non-Windows systems
[0.289s] INFO:colcon.colcon_core.shell:Creating environment descriptor '/home/kanal-raspi5/Autonomous-Mobile-Robot/ws_amr_robot/install/robot_bringup/share/robot_bringup/hook/ament_prefix_path.dsv'
[0.290s] INFO:colcon.colcon_core.shell:Creating environment hook '/home/kanal-raspi5/Autonomous-Mobile-Robot/ws_amr_robot/install/robot_bringup/share/robot_bringup/hook/ament_prefix_path.sh'
[0.291s] DEBUG:colcon.colcon_core.shell:Skip shell extension 'dsv' for command environment
[0.297s] INFO:colcon.colcon_ros.task.ament_cmake.build:Building ROS package in '/home/kanal-raspi5/Autonomous-Mobile-Robot/ws_amr_robot/src/sllidar_ros2' with build type 'ament_cmake'
[0.298s] INFO:colcon.colcon_cmake.task.cmake.build:Building CMake package in '/home/kanal-raspi5/Autonomous-Mobile-Robot/ws_amr_robot/src/sllidar_ros2'
[0.298s] DEBUG:colcon.colcon_core.shell:Skip shell extension 'dsv' for command environment
[0.701s] INFO:colcon.colcon_core.task.python.build:Building Python package in '/home/kanal-raspi5/Autonomous-Mobile-Robot/ws_amr_robot/src/robot_bringup'
[0.702s] DEBUG:colcon.colcon_core.shell:Skip shell extension 'dsv' for command environment
[0.716s] DEBUG:colcon.colcon_core.event_handler.log_command:Invoking command in '/home/kanal-raspi5/Autonomous-Mobile-Robot/ws_amr_robot/build/sllidar_ros2': CMAKE_PREFIX_PATH=${CMAKE_PREFIX_PATH}:/home/kanal-raspi5/Autonomous-Mobile-Robot/ws_amr_robot/install/robot_bringup:/home/kanal-raspi5/install/robot_bringup:/opt/ros/jazzy DEBUGINFOD_URLS=https://debuginfod.ubuntu.com NX_CONNECTION=100.78.101.29 57883 100.82.208.104 4000 /usr/bin/cmake /home/kanal-raspi5/Autonomous-Mobile-Robot/ws_amr_robot/src/sllidar_ros2 -DAMENT_CMAKE_SYMLINK_INSTALL=1 -DCMAKE_INSTALL_PREFIX=/home/kanal-raspi5/Autonomous-Mobile-Robot/ws_amr_robot/install/sllidar_ros2
[2.164s] DEBUG:colcon.colcon_core.task.python.build:While undoing a previous installation files outside the Python library path are being ignored: /home/kanal-raspi5/Autonomous-Mobile-Robot/ws_amr_robot/install/robot_bringup/share/ament_index/resource_index/packages/robot_bringup
[2.164s] DEBUG:colcon.colcon_core.task.python.build:While undoing a previous installation files outside the Python library path are being ignored: /home/kanal-raspi5/Autonomous-Mobile-Robot/ws_amr_robot/install/robot_bringup/share/robot_bringup/package.xml
[2.164s] DEBUG:colcon.colcon_core.task.python.build:While undoing a previous installation files outside the Python library path are being ignored: /home/kanal-raspi5/Autonomous-Mobile-Robot/ws_amr_robot/install/robot_bringup/share/robot_bringup/launch/robot_bringup.launch.py
[2.164s] DEBUG:colcon.colcon_core.task.python.build:While undoing a previous installation files outside the Python library path are being ignored: /home/kanal-raspi5/Autonomous-Mobile-Robot/ws_amr_robot/install/robot_bringup/share/robot_bringup/rviz/default.rviz
[2.164s] DEBUG:colcon.colcon_core.task.python.build:While undoing a previous installation files outside the Python library path are being ignored: /home/kanal-raspi5/Autonomous-Mobile-Robot/ws_amr_robot/install/robot_bringup/share/robot_bringup/config/mapper_params_online_async.yaml
[2.165s] DEBUG:colcon.colcon_core.task.python.build:While undoing a previous installation files outside the Python library path are being ignored: /home/kanal-raspi5/Autonomous-Mobile-Robot/ws_amr_robot/install/robot_bringup/lib/robot_bringup/laser_restamper
[2.165s] DEBUG:colcon.colcon_core.task.python.build:While undoing a previous installation files outside the Python library path are being ignored: /home/kanal-raspi5/Autonomous-Mobile-Robot/ws_amr_robot/install/robot_bringup/lib/robot_bringup/odometry_node
[2.165s] DEBUG:colcon.colcon_core.task.python.build:While undoing a previous installation files outside the Python library path are being ignored: /home/kanal-raspi5/Autonomous-Mobile-Robot/ws_amr_robot/install/robot_bringup/lib/robot_bringup/stm32_bridge
[2.165s] DEBUG:colcon.colcon_core.task.python.build:While undoing a previous installation files outside the Python library path are being ignored: /home/kanal-raspi5/Autonomous-Mobile-Robot/ws_amr_robot/install/robot_bringup/lib/robot_bringup/teleop_keyboard
[2.166s] DEBUG:colcon.colcon_core.event_handler.log_command:Invoking command in '/home/kanal-raspi5/Autonomous-Mobile-Robot/ws_amr_robot/build/robot_bringup': DEBUGINFOD_URLS=https://debuginfod.ubuntu.com NX_CONNECTION=100.78.101.29 57883 100.82.208.104 4000 PYTHONPATH=/home/kanal-raspi5/Autonomous-Mobile-Robot/ws_amr_robot/build/robot_bringup/prefix_override:/usr/lib/python3/dist-packages/colcon_core/task/python/colcon_distutils_commands:/home/kanal-raspi5/Autonomous-Mobile-Robot/ws_amr_robot/install/robot_bringup/lib/python3.12/site-packages:${PYTHONPATH} /usr/bin/python3 -W ignore:setup.py install is deprecated -W ignore:easy_install command is deprecated setup.py develop --editable --build-directory /home/kanal-raspi5/Autonomous-Mobile-Robot/ws_amr_robot/build/robot_bringup/build --no-deps symlink_data --force
[2.373s] DEBUG:colcon.colcon_core.event_handler.log_command:Invoked command in '/home/kanal-raspi5/Autonomous-Mobile-Robot/ws_amr_robot/build/sllidar_ros2' returned '0': CMAKE_PREFIX_PATH=${CMAKE_PREFIX_PATH}:/home/kanal-raspi5/Autonomous-Mobile-Robot/ws_amr_robot/install/robot_bringup:/home/kanal-raspi5/install/robot_bringup:/opt/ros/jazzy DEBUGINFOD_URLS=https://debuginfod.ubuntu.com NX_CONNECTION=100.78.101.29 57883 100.82.208.104 4000 /usr/bin/cmake /home/kanal-raspi5/Autonomous-Mobile-Robot/ws_amr_robot/src/sllidar_ros2 -DAMENT_CMAKE_SYMLINK_INSTALL=1 -DCMAKE_INSTALL_PREFIX=/home/kanal-raspi5/Autonomous-Mobile-Robot/ws_amr_robot/install/sllidar_ros2
[2.376s] DEBUG:colcon.colcon_core.event_handler.log_command:Invoking command in '/home/kanal-raspi5/Autonomous-Mobile-Robot/ws_amr_robot/build/sllidar_ros2': CMAKE_PREFIX_PATH=${CMAKE_PREFIX_PATH}:/home/kanal-raspi5/Autonomous-Mobile-Robot/ws_amr_robot/install/robot_bringup:/home/kanal-raspi5/install/robot_bringup:/opt/ros/jazzy DEBUGINFOD_URLS=https://debuginfod.ubuntu.com NX_CONNECTION=100.78.101.29 57883 100.82.208.104 4000 /usr/bin/cmake --build /home/kanal-raspi5/Autonomous-Mobile-Robot/ws_amr_robot/build/sllidar_ros2 -- -j4 -l4
[2.556s] DEBUG:colcon.colcon_core.event_handler.log_command:Invoked command in '/home/kanal-raspi5/Autonomous-Mobile-Robot/ws_amr_robot/build/sllidar_ros2' returned '0': CMAKE_PREFIX_PATH=${CMAKE_PREFIX_PATH}:/home/kanal-raspi5/Autonomous-Mobile-Robot/ws_amr_robot/install/robot_bringup:/home/kanal-raspi5/install/robot_bringup:/opt/ros/jazzy DEBUGINFOD_URLS=https://debuginfod.ubuntu.com NX_CONNECTION=100.78.101.29 57883 100.82.208.104 4000 /usr/bin/cmake --build /home/kanal-raspi5/Autonomous-Mobile-Robot/ws_amr_robot/build/sllidar_ros2 -- -j4 -l4
[2.575s] DEBUG:colcon.colcon_core.event_handler.log_command:Invoking command in '/home/kanal-raspi5/Autonomous-Mobile-Robot/ws_amr_robot/build/sllidar_ros2': CMAKE_PREFIX_PATH=${CMAKE_PREFIX_PATH}:/home/kanal-raspi5/Autonomous-Mobile-Robot/ws_amr_robot/install/robot_bringup:/home/kanal-raspi5/install/robot_bringup:/opt/ros/jazzy DEBUGINFOD_URLS=https://debuginfod.ubuntu.com NX_CONNECTION=100.78.101.29 57883 100.82.208.104 4000 /usr/bin/cmake --install /home/kanal-raspi5/Autonomous-Mobile-Robot/ws_amr_robot/build/sllidar_ros2
[2.623s] Level 1:colcon.colcon_core.environment:create_environment_scripts_only(sllidar_ros2)
[2.624s] DEBUG:colcon.colcon_core.event_handler.log_command:Invoked command in '/home/kanal-raspi5/Autonomous-Mobile-Robot/ws_amr_robot/build/sllidar_ros2' returned '0': CMAKE_PREFIX_PATH=${CMAKE_PREFIX_PATH}:/home/kanal-raspi5/Autonomous-Mobile-Robot/ws_amr_robot/install/robot_bringup:/home/kanal-raspi5/install/robot_bringup:/opt/ros/jazzy DEBUGINFOD_URLS=https://debuginfod.ubuntu.com NX_CONNECTION=100.78.101.29 57883 100.82.208.104 4000 /usr/bin/cmake --install /home/kanal-raspi5/Autonomous-Mobile-Robot/ws_amr_robot/build/sllidar_ros2
[2.626s] Level 1:colcon.colcon_core.environment:checking '/home/kanal-raspi5/Autonomous-Mobile-Robot/ws_amr_robot/install/sllidar_ros2' for CMake module files
[2.628s] Level 1:colcon.colcon_core.environment:checking '/home/kanal-raspi5/Autonomous-Mobile-Robot/ws_amr_robot/install/sllidar_ros2' for CMake config files
[2.628s] Level 1:colcon.colcon_core.shell:create_environment_hook('sllidar_ros2', 'cmake_prefix_path')
[2.629s] INFO:colcon.colcon_core.shell:Creating environment descriptor '/home/kanal-raspi5/Autonomous-Mobile-Robot/ws_amr_robot/install/sllidar_ros2/share/sllidar_ros2/hook/cmake_prefix_path.dsv'
[2.629s] INFO:colcon.colcon_core.shell:Creating environment hook '/home/kanal-raspi5/Autonomous-Mobile-Robot/ws_amr_robot/install/sllidar_ros2/share/sllidar_ros2/hook/cmake_prefix_path.sh'
[2.630s] Level 1:colcon.colcon_core.environment:checking '/home/kanal-raspi5/Autonomous-Mobile-Robot/ws_amr_robot/install/sllidar_ros2/lib'
[2.630s] Level 1:colcon.colcon_core.environment:checking '/home/kanal-raspi5/Autonomous-Mobile-Robot/ws_amr_robot/install/sllidar_ros2/bin'
[2.631s] Level 1:colcon.colcon_core.environment:checking '/home/kanal-raspi5/Autonomous-Mobile-Robot/ws_amr_robot/install/sllidar_ros2/lib/pkgconfig/sllidar_ros2.pc'
[2.631s] Level 1:colcon.colcon_core.environment:checking '/home/kanal-raspi5/Autonomous-Mobile-Robot/ws_amr_robot/install/sllidar_ros2/lib/python3.12/site-packages'
[2.631s] Level 1:colcon.colcon_core.environment:checking '/home/kanal-raspi5/Autonomous-Mobile-Robot/ws_amr_robot/install/sllidar_ros2/bin'
[2.632s] INFO:colcon.colcon_core.shell:Creating package descriptor '/home/kanal-raspi5/Autonomous-Mobile-Robot/ws_amr_robot/install/sllidar_ros2/share/sllidar_ros2/package.dsv'
[2.633s] INFO:colcon.colcon_core.shell:Creating package script '/home/kanal-raspi5/Autonomous-Mobile-Robot/ws_amr_robot/install/sllidar_ros2/share/sllidar_ros2/package.sh'
[2.634s] INFO:colcon.colcon_core.shell:Creating package script '/home/kanal-raspi5/Autonomous-Mobile-Robot/ws_amr_robot/install/sllidar_ros2/share/sllidar_ros2/package.bash'
[2.638s] INFO:colcon.colcon_core.shell:Creating package script '/home/kanal-raspi5/Autonomous-Mobile-Robot/ws_amr_robot/install/sllidar_ros2/share/sllidar_ros2/package.zsh'
[2.639s] Level 1:colcon.colcon_core.environment:create_file_with_runtime_dependencies(/home/kanal-raspi5/Autonomous-Mobile-Robot/ws_amr_robot/install/sllidar_ros2/share/colcon-core/packages/sllidar_ros2)
[2.641s] Level 1:colcon.colcon_core.environment:create_environment_scripts_only(sllidar_ros2)
[2.642s] Level 1:colcon.colcon_core.environment:checking '/home/kanal-raspi5/Autonomous-Mobile-Robot/ws_amr_robot/install/sllidar_ros2' for CMake module files
[2.643s] Level 1:colcon.colcon_core.environment:checking '/home/kanal-raspi5/Autonomous-Mobile-Robot/ws_amr_robot/install/sllidar_ros2' for CMake config files
[2.644s] Level 1:colcon.colcon_core.shell:create_environment_hook('sllidar_ros2', 'cmake_prefix_path')
[2.644s] INFO:colcon.colcon_core.shell:Creating environment descriptor '/home/kanal-raspi5/Autonomous-Mobile-Robot/ws_amr_robot/install/sllidar_ros2/share/sllidar_ros2/hook/cmake_prefix_path.dsv'
[2.645s] INFO:colcon.colcon_core.shell:Creating environment hook '/home/kanal-raspi5/Autonomous-Mobile-Robot/ws_amr_robot/install/sllidar_ros2/share/sllidar_ros2/hook/cmake_prefix_path.sh'
[2.646s] Level 1:colcon.colcon_core.environment:checking '/home/kanal-raspi5/Autonomous-Mobile-Robot/ws_amr_robot/install/sllidar_ros2/lib'
[2.646s] Level 1:colcon.colcon_core.environment:checking '/home/kanal-raspi5/Autonomous-Mobile-Robot/ws_amr_robot/install/sllidar_ros2/bin'
[2.646s] Level 1:colcon.colcon_core.environment:checking '/home/kanal-raspi5/Autonomous-Mobile-Robot/ws_amr_robot/install/sllidar_ros2/lib/pkgconfig/sllidar_ros2.pc'
[2.647s] Level 1:colcon.colcon_core.environment:checking '/home/kanal-raspi5/Autonomous-Mobile-Robot/ws_amr_robot/install/sllidar_ros2/lib/python3.12/site-packages'
[2.647s] Level 1:colcon.colcon_core.environment:checking '/home/kanal-raspi5/Autonomous-Mobile-Robot/ws_amr_robot/install/sllidar_ros2/bin'
[2.647s] INFO:colcon.colcon_core.shell:Creating package descriptor '/home/kanal-raspi5/Autonomous-Mobile-Robot/ws_amr_robot/install/sllidar_ros2/share/sllidar_ros2/package.dsv'
[2.648s] INFO:colcon.colcon_core.shell:Creating package script '/home/kanal-raspi5/Autonomous-Mobile-Robot/ws_amr_robot/install/sllidar_ros2/share/sllidar_ros2/package.sh'
[2.648s] INFO:colcon.colcon_core.shell:Creating package script '/home/kanal-raspi5/Autonomous-Mobile-Robot/ws_amr_robot/install/sllidar_ros2/share/sllidar_ros2/package.bash'
[2.649s] INFO:colcon.colcon_core.shell:Creating package script '/home/kanal-raspi5/Autonomous-Mobile-Robot/ws_amr_robot/install/sllidar_ros2/share/sllidar_ros2/package.zsh'
[2.649s] Level 1:colcon.colcon_core.environment:create_file_with_runtime_dependencies(/home/kanal-raspi5/Autonomous-Mobile-Robot/ws_amr_robot/install/sllidar_ros2/share/colcon-core/packages/sllidar_ros2)
[3.300s] Level 1:colcon.colcon_core.shell:create_environment_hook('robot_bringup', 'pythonpath_develop')
[3.300s] INFO:colcon.colcon_core.shell:Creating environment descriptor '/home/kanal-raspi5/Autonomous-Mobile-Robot/ws_amr_robot/build/robot_bringup/share/robot_bringup/hook/pythonpath_develop.dsv'
[3.301s] DEBUG:colcon.colcon_core.event_handler.log_command:Invoked command in '/home/kanal-raspi5/Autonomous-Mobile-Robot/ws_amr_robot/build/robot_bringup' returned '0': DEBUGINFOD_URLS=https://debuginfod.ubuntu.com NX_CONNECTION=100.78.101.29 57883 100.82.208.104 4000 PYTHONPATH=/home/kanal-raspi5/Autonomous-Mobile-Robot/ws_amr_robot/build/robot_bringup/prefix_override:/usr/lib/python3/dist-packages/colcon_core/task/python/colcon_distutils_commands:/home/kanal-raspi5/Autonomous-Mobile-Robot/ws_amr_robot/install/robot_bringup/lib/python3.12/site-packages:${PYTHONPATH} /usr/bin/python3 -W ignore:setup.py install is deprecated -W ignore:easy_install command is deprecated setup.py develop --editable --build-directory /home/kanal-raspi5/Autonomous-Mobile-Robot/ws_amr_robot/build/robot_bringup/build --no-deps symlink_data --force
[3.301s] INFO:colcon.colcon_core.shell:Creating environment hook '/home/kanal-raspi5/Autonomous-Mobile-Robot/ws_amr_robot/build/robot_bringup/share/robot_bringup/hook/pythonpath_develop.sh'
[3.305s] Level 1:colcon.colcon_core.environment:checking '/home/kanal-raspi5/Autonomous-Mobile-Robot/ws_amr_robot/install/robot_bringup' for CMake module files
[3.307s] Level 1:colcon.colcon_core.environment:checking '/home/kanal-raspi5/Autonomous-Mobile-Robot/ws_amr_robot/install/robot_bringup' for CMake config files
[3.309s] Level 1:colcon.colcon_core.environment:checking '/home/kanal-raspi5/Autonomous-Mobile-Robot/ws_amr_robot/install/robot_bringup/lib'
[3.309s] Level 1:colcon.colcon_core.environment:checking '/home/kanal-raspi5/Autonomous-Mobile-Robot/ws_amr_robot/install/robot_bringup/bin'
[3.309s] Level 1:colcon.colcon_core.environment:checking '/home/kanal-raspi5/Autonomous-Mobile-Robot/ws_amr_robot/install/robot_bringup/lib/pkgconfig/robot_bringup.pc'
[3.310s] Level 1:colcon.colcon_core.environment:checking '/home/kanal-raspi5/Autonomous-Mobile-Robot/ws_amr_robot/install/robot_bringup/lib/python3.12/site-packages'
[3.311s] Level 1:colcon.colcon_core.shell:create_environment_hook('robot_bringup', 'pythonpath')
[3.312s] INFO:colcon.colcon_core.shell:Creating environment descriptor '/home/kanal-raspi5/Autonomous-Mobile-Robot/ws_amr_robot/install/robot_bringup/share/robot_bringup/hook/pythonpath.dsv'
[3.314s] INFO:colcon.colcon_core.shell:Creating environment hook '/home/kanal-raspi5/Autonomous-Mobile-Robot/ws_amr_robot/install/robot_bringup/share/robot_bringup/hook/pythonpath.sh'
[3.316s] Level 1:colcon.colcon_core.environment:checking '/home/kanal-raspi5/Autonomous-Mobile-Robot/ws_amr_robot/install/robot_bringup/bin'
[3.316s] Level 1:colcon.colcon_core.environment:create_environment_scripts_only(robot_bringup)
[3.317s] INFO:colcon.colcon_core.shell:Creating package descriptor '/home/kanal-raspi5/Autonomous-Mobile-Robot/ws_amr_robot/install/robot_bringup/share/robot_bringup/package.dsv'
[3.317s] INFO:colcon.colcon_core.shell:Creating package script '/home/kanal-raspi5/Autonomous-Mobile-Robot/ws_amr_robot/install/robot_bringup/share/robot_bringup/package.sh'
[3.318s] INFO:colcon.colcon_core.shell:Creating package script '/home/kanal-raspi5/Autonomous-Mobile-Robot/ws_amr_robot/install/robot_bringup/share/robot_bringup/package.bash'
[3.319s] INFO:colcon.colcon_core.shell:Creating package script '/home/kanal-raspi5/Autonomous-Mobile-Robot/ws_amr_robot/install/robot_bringup/share/robot_bringup/package.zsh'
[3.320s] Level 1:colcon.colcon_core.environment:create_file_with_runtime_dependencies(/home/kanal-raspi5/Autonomous-Mobile-Robot/ws_amr_robot/install/robot_bringup/share/colcon-core/packages/robot_bringup)
[3.320s] DEBUG:colcon.colcon_parallel_executor.executor.parallel:closing loop
[3.322s] DEBUG:colcon.colcon_parallel_executor.executor.parallel:loop closed
[3.322s] DEBUG:colcon.colcon_parallel_executor.executor.parallel:run_until_complete finished with '0'
[3.322s] DEBUG:colcon.colcon_core.event_reactor:joining thread
[3.333s] INFO:colcon.colcon_core.plugin_system:Skipping extension 'colcon_notification.desktop_notification.terminal_notifier': Not used on non-Darwin systems
[3.333s] INFO:colcon.colcon_core.plugin_system:Skipping extension 'colcon_notification.desktop_notification.win32': Not used on non-Windows systems
[3.333s] INFO:colcon.colcon_notification.desktop_notification:Sending desktop notification using 'notify2'
[3.351s] DEBUG:colcon.colcon_core.event_reactor:joined thread
[3.351s] INFO:colcon.colcon_core.shell:Creating prefix script '/home/kanal-raspi5/Autonomous-Mobile-Robot/ws_amr_robot/install/local_setup.sh'
[3.354s] INFO:colcon.colcon_core.shell:Creating prefix util module '/home/kanal-raspi5/Autonomous-Mobile-Robot/ws_amr_robot/install/_local_setup_util_sh.py'
[3.358s] INFO:colcon.colcon_core.shell:Creating prefix chain script '/home/kanal-raspi5/Autonomous-Mobile-Robot/ws_amr_robot/install/setup.sh'
[3.360s] INFO:colcon.colcon_core.shell:Creating prefix script '/home/kanal-raspi5/Autonomous-Mobile-Robot/ws_amr_robot/install/local_setup.bash'
[3.361s] INFO:colcon.colcon_core.shell:Creating prefix chain script '/home/kanal-raspi5/Autonomous-Mobile-Robot/ws_amr_robot/install/setup.bash'
[3.363s] INFO:colcon.colcon_core.shell:Creating prefix script '/home/kanal-raspi5/Autonomous-Mobile-Robot/ws_amr_robot/install/local_setup.zsh'
[3.364s] INFO:colcon.colcon_core.shell:Creating prefix chain script '/home/kanal-raspi5/Autonomous-Mobile-Robot/ws_amr_robot/install/setup.zsh'
