[1.533s] Invoking command in '/home/kanal-raspi5/ws_amr_robot/src/robot_bringup': DEBUGINFOD_URLS=https://debuginfod.ubuntu.com NX_CONNECTION=100.78.101.29 64119 100.82.208.104 4000 PYTHONPATH=/home/kanal-raspi5/ws_amr_robot/build/robot_bringup/prefix_override:/usr/lib/python3/dist-packages/colcon_core/task/python/colcon_distutils_commands:/home/kanal-raspi5/ws_amr_robot/install/robot_bringup/lib/python3.12/site-packages:${PYTHONPATH} /usr/bin/python3 -W ignore:setup.py install is deprecated -W ignore:easy_install command is deprecated setup.py egg_info --egg-base ../../build/robot_bringup build --build-base /home/kanal-raspi5/ws_amr_robot/build/robot_bringup/build install --record /home/kanal-raspi5/ws_amr_robot/build/robot_bringup/install.log --single-version-externally-managed install_data
[1.912s] running egg_info
[1.940s] writing ../../build/robot_bringup/robot_bringup.egg-info/PKG-INFO
[1.941s] writing dependency_links to ../../build/robot_bringup/robot_bringup.egg-info/dependency_links.txt
[1.941s] writing entry points to ../../build/robot_bringup/robot_bringup.egg-info/entry_points.txt
[1.941s] writing requirements to ../../build/robot_bringup/robot_bringup.egg-info/requires.txt
[1.942s] writing top-level names to ../../build/robot_bringup/robot_bringup.egg-info/top_level.txt
[1.996s] reading manifest file '../../build/robot_bringup/robot_bringup.egg-info/SOURCES.txt'
[1.997s] writing manifest file '../../build/robot_bringup/robot_bringup.egg-info/SOURCES.txt'
[1.997s] running build
[1.997s] running build_py
[1.999s] running install
[2.011s] running install_lib
[2.049s] running install_data
[2.050s] copying config/mapper_params_online_async.yaml -> /home/kanal-raspi5/ws_amr_robot/install/robot_bringup/share/robot_bringup/config
[2.050s] running install_egg_info
[2.079s] removing '/home/kanal-raspi5/ws_amr_robot/install/robot_bringup/lib/python3.12/site-packages/robot_bringup-0.0.0-py3.12.egg-info' (and everything under it)
[2.080s] Copying ../../build/robot_bringup/robot_bringup.egg-info to /home/kanal-raspi5/ws_amr_robot/install/robot_bringup/lib/python3.12/site-packages/robot_bringup-0.0.0-py3.12.egg-info
[2.082s] running install_scripts
[2.285s] Installing laser_restamper script to /home/kanal-raspi5/ws_amr_robot/install/robot_bringup/lib/robot_bringup
[2.285s] Installing odometry_node script to /home/kanal-raspi5/ws_amr_robot/install/robot_bringup/lib/robot_bringup
[2.285s] Installing stm32_bridge script to /home/kanal-raspi5/ws_amr_robot/install/robot_bringup/lib/robot_bringup
[2.286s] writing list of installed files to '/home/kanal-raspi5/ws_amr_robot/build/robot_bringup/install.log'
[2.371s] Invoked command in '/home/kanal-raspi5/ws_amr_robot/src/robot_bringup' returned '0': DEBUGINFOD_URLS=https://debuginfod.ubuntu.com NX_CONNECTION=100.78.101.29 64119 100.82.208.104 4000 PYTHONPATH=/home/kanal-raspi5/ws_amr_robot/build/robot_bringup/prefix_override:/usr/lib/python3/dist-packages/colcon_core/task/python/colcon_distutils_commands:/home/kanal-raspi5/ws_amr_robot/install/robot_bringup/lib/python3.12/site-packages:${PYTHONPATH} /usr/bin/python3 -W ignore:setup.py install is deprecated -W ignore:easy_install command is deprecated setup.py egg_info --egg-base ../../build/robot_bringup build --build-base /home/kanal-raspi5/ws_amr_robot/build/robot_bringup/build install --record /home/kanal-raspi5/ws_amr_robot/build/robot_bringup/install.log --single-version-externally-managed install_data
