[0.437s] Invoking command in '/home/kanal-raspi5/Autonomous-Mobile-Robot/ws_amr_robot/build/sllidar_ros2': CMAKE_PREFIX_PATH=${CMAKE_PREFIX_PATH}:/home/kanal-raspi5/Autonomous-Mobile-Robot/ws_amr_robot/install/robot_bringup:/opt/ros/jazzy DEBUGINFOD_URLS=https://debuginfod.ubuntu.com NX_CONNECTION=100.78.101.29 51457 100.82.208.104 4000 /usr/bin/cmake --build /home/kanal-raspi5/Autonomous-Mobile-Robot/ws_amr_robot/build/sllidar_ros2 -- -j4 -l4
[0.578s] [ 10%] Built target sllidar_client
[0.599s] [100%] Built target sllidar_node
[0.639s] Invoked command in '/home/kanal-raspi5/Autonomous-Mobile-Robot/ws_amr_robot/build/sllidar_ros2' returned '0': CMAKE_PREFIX_PATH=${CMAKE_PREFIX_PATH}:/home/kanal-raspi5/Autonomous-Mobile-Robot/ws_amr_robot/install/robot_bringup:/opt/ros/jazzy DEBUGINFOD_URLS=https://debuginfod.ubuntu.com NX_CONNECTION=100.78.101.29 51457 100.82.208.104 4000 /usr/bin/cmake --build /home/kanal-raspi5/Autonomous-Mobile-Robot/ws_amr_robot/build/sllidar_ros2 -- -j4 -l4
[0.659s] Invoking command in '/home/kanal-raspi5/Autonomous-Mobile-Robot/ws_amr_robot/build/sllidar_ros2': CMAKE_PREFIX_PATH=${CMAKE_PREFIX_PATH}:/home/kanal-raspi5/Autonomous-Mobile-Robot/ws_amr_robot/install/robot_bringup:/opt/ros/jazzy DEBUGINFOD_URLS=https://debuginfod.ubuntu.com NX_CONNECTION=100.78.101.29 51457 100.82.208.104 4000 /usr/bin/cmake --install /home/kanal-raspi5/Autonomous-Mobile-Robot/ws_amr_robot/build/sllidar_ros2
[0.673s] -- Install configuration: ""
[0.673s] -- Execute custom install script
[0.675s] -- Up-to-date symlink: /home/kanal-raspi5/Autonomous-Mobile-Robot/ws_amr_robot/install/sllidar_ros2/share/sllidar_ros2/launch/.~lock.sllidar_a1_launch.py#
[0.675s] -- Up-to-date symlink: /home/kanal-raspi5/Autonomous-Mobile-Robot/ws_amr_robot/install/sllidar_ros2/share/sllidar_ros2/launch/sllidar_a1_launch.py
[0.675s] -- Up-to-date symlink: /home/kanal-raspi5/Autonomous-Mobile-Robot/ws_amr_robot/install/sllidar_ros2/share/sllidar_ros2/launch/sllidar_a2m12_launch .py
[0.675s] -- Up-to-date symlink: /home/kanal-raspi5/Autonomous-Mobile-Robot/ws_amr_robot/install/sllidar_ros2/share/sllidar_ros2/launch/sllidar_a2m7_launch.py
[0.675s] -- Up-to-date symlink: /home/kanal-raspi5/Autonomous-Mobile-Robot/ws_amr_robot/install/sllidar_ros2/share/sllidar_ros2/launch/sllidar_a2m8_launch.py
[0.675s] -- Up-to-date symlink: /home/kanal-raspi5/Autonomous-Mobile-Robot/ws_amr_robot/install/sllidar_ros2/share/sllidar_ros2/launch/sllidar_a3_launch.py
[0.676s] -- Up-to-date symlink: /home/kanal-raspi5/Autonomous-Mobile-Robot/ws_amr_robot/install/sllidar_ros2/share/sllidar_ros2/launch/sllidar_c1_launch.py
[0.676s] -- Up-to-date symlink: /home/kanal-raspi5/Autonomous-Mobile-Robot/ws_amr_robot/install/sllidar_ros2/share/sllidar_ros2/launch/sllidar_s1_launch.py
[0.676s] -- Up-to-date symlink: /home/kanal-raspi5/Autonomous-Mobile-Robot/ws_amr_robot/install/sllidar_ros2/share/sllidar_ros2/launch/sllidar_s1_tcp_launch.py
[0.676s] -- Up-to-date symlink: /home/kanal-raspi5/Autonomous-Mobile-Robot/ws_amr_robot/install/sllidar_ros2/share/sllidar_ros2/launch/sllidar_s2_launch.py
[0.676s] -- Up-to-date symlink: /home/kanal-raspi5/Autonomous-Mobile-Robot/ws_amr_robot/install/sllidar_ros2/share/sllidar_ros2/launch/sllidar_s2e_launch.py
[0.677s] -- Up-to-date symlink: /home/kanal-raspi5/Autonomous-Mobile-Robot/ws_amr_robot/install/sllidar_ros2/share/sllidar_ros2/launch/sllidar_s3_launch.py
[0.677s] -- Up-to-date symlink: /home/kanal-raspi5/Autonomous-Mobile-Robot/ws_amr_robot/install/sllidar_ros2/share/sllidar_ros2/launch/sllidar_t1_launch.py
[0.677s] -- Up-to-date symlink: /home/kanal-raspi5/Autonomous-Mobile-Robot/ws_amr_robot/install/sllidar_ros2/share/sllidar_ros2/launch/view_sllidar_a1_launch.py
[0.677s] -- Up-to-date symlink: /home/kanal-raspi5/Autonomous-Mobile-Robot/ws_amr_robot/install/sllidar_ros2/share/sllidar_ros2/launch/view_sllidar_a2m12_launch.py
[0.677s] -- Up-to-date symlink: /home/kanal-raspi5/Autonomous-Mobile-Robot/ws_amr_robot/install/sllidar_ros2/share/sllidar_ros2/launch/view_sllidar_a2m7_launch.py
[0.677s] -- Up-to-date symlink: /home/kanal-raspi5/Autonomous-Mobile-Robot/ws_amr_robot/install/sllidar_ros2/share/sllidar_ros2/launch/view_sllidar_a2m8_launch.py
[0.678s] -- Up-to-date symlink: /home/kanal-raspi5/Autonomous-Mobile-Robot/ws_amr_robot/install/sllidar_ros2/share/sllidar_ros2/launch/view_sllidar_a3_launch.py
[0.678s] -- Up-to-date symlink: /home/kanal-raspi5/Autonomous-Mobile-Robot/ws_amr_robot/install/sllidar_ros2/share/sllidar_ros2/launch/view_sllidar_c1_launch.py
[0.678s] -- Up-to-date symlink: /home/kanal-raspi5/Autonomous-Mobile-Robot/ws_amr_robot/install/sllidar_ros2/share/sllidar_ros2/launch/view_sllidar_s1_launch.py
[0.678s] -- Up-to-date symlink: /home/kanal-raspi5/Autonomous-Mobile-Robot/ws_amr_robot/install/sllidar_ros2/share/sllidar_ros2/launch/view_sllidar_s1_tcp_launch.py
[0.678s] -- Up-to-date symlink: /home/kanal-raspi5/Autonomous-Mobile-Robot/ws_amr_robot/install/sllidar_ros2/share/sllidar_ros2/launch/view_sllidar_s2_launch.py
[0.678s] -- Up-to-date symlink: /home/kanal-raspi5/Autonomous-Mobile-Robot/ws_amr_robot/install/sllidar_ros2/share/sllidar_ros2/launch/view_sllidar_s2e_launch.py
[0.678s] -- Up-to-date symlink: /home/kanal-raspi5/Autonomous-Mobile-Robot/ws_amr_robot/install/sllidar_ros2/share/sllidar_ros2/launch/view_sllidar_s3_launch.py
[0.678s] -- Up-to-date symlink: /home/kanal-raspi5/Autonomous-Mobile-Robot/ws_amr_robot/install/sllidar_ros2/share/sllidar_ros2/launch/view_sllidar_t1_launch.py
[0.679s] -- Up-to-date symlink: /home/kanal-raspi5/Autonomous-Mobile-Robot/ws_amr_robot/install/sllidar_ros2/share/sllidar_ros2/rviz/sllidar_ros2.rviz
[0.679s] -- Up-to-date symlink: /home/kanal-raspi5/Autonomous-Mobile-Robot/ws_amr_robot/install/sllidar_ros2/lib/sllidar_ros2/sllidar_node
[0.679s] -- Up-to-date symlink: /home/kanal-raspi5/Autonomous-Mobile-Robot/ws_amr_robot/install/sllidar_ros2/lib/sllidar_ros2/sllidar_client
[0.680s] -- Up-to-date symlink: /home/kanal-raspi5/Autonomous-Mobile-Robot/ws_amr_robot/install/sllidar_ros2/share/ament_index/resource_index/package_run_dependencies/sllidar_ros2
[0.680s] -- Up-to-date symlink: /home/kanal-raspi5/Autonomous-Mobile-Robot/ws_amr_robot/install/sllidar_ros2/share/ament_index/resource_index/parent_prefix_path/sllidar_ros2
[0.680s] -- Up-to-date symlink: /home/kanal-raspi5/Autonomous-Mobile-Robot/ws_amr_robot/install/sllidar_ros2/share/sllidar_ros2/environment/ament_prefix_path.sh
[0.681s] -- Up-to-date symlink: /home/kanal-raspi5/Autonomous-Mobile-Robot/ws_amr_robot/install/sllidar_ros2/share/sllidar_ros2/environment/ament_prefix_path.dsv
[0.681s] -- Up-to-date symlink: /home/kanal-raspi5/Autonomous-Mobile-Robot/ws_amr_robot/install/sllidar_ros2/share/sllidar_ros2/environment/path.sh
[0.681s] -- Up-to-date symlink: /home/kanal-raspi5/Autonomous-Mobile-Robot/ws_amr_robot/install/sllidar_ros2/share/sllidar_ros2/environment/path.dsv
[0.681s] -- Up-to-date symlink: /home/kanal-raspi5/Autonomous-Mobile-Robot/ws_amr_robot/install/sllidar_ros2/share/sllidar_ros2/local_setup.bash
[0.682s] -- Up-to-date symlink: /home/kanal-raspi5/Autonomous-Mobile-Robot/ws_amr_robot/install/sllidar_ros2/share/sllidar_ros2/local_setup.sh
[0.682s] -- Up-to-date symlink: /home/kanal-raspi5/Autonomous-Mobile-Robot/ws_amr_robot/install/sllidar_ros2/share/sllidar_ros2/local_setup.zsh
[0.682s] -- Up-to-date symlink: /home/kanal-raspi5/Autonomous-Mobile-Robot/ws_amr_robot/install/sllidar_ros2/share/sllidar_ros2/local_setup.dsv
[0.682s] -- Symlinking: /home/kanal-raspi5/Autonomous-Mobile-Robot/ws_amr_robot/install/sllidar_ros2/share/sllidar_ros2/package.dsv
[0.707s] -- Up-to-date symlink: /home/kanal-raspi5/Autonomous-Mobile-Robot/ws_amr_robot/install/sllidar_ros2/share/ament_index/resource_index/packages/sllidar_ros2
[0.707s] -- Up-to-date symlink: /home/kanal-raspi5/Autonomous-Mobile-Robot/ws_amr_robot/install/sllidar_ros2/share/sllidar_ros2/cmake/ament_cmake_export_dependencies-extras.cmake
[0.707s] -- Up-to-date symlink: /home/kanal-raspi5/Autonomous-Mobile-Robot/ws_amr_robot/install/sllidar_ros2/share/sllidar_ros2/cmake/ament_cmake_export_include_directories-extras.cmake
[0.708s] -- Up-to-date symlink: /home/kanal-raspi5/Autonomous-Mobile-Robot/ws_amr_robot/install/sllidar_ros2/share/sllidar_ros2/cmake/sllidar_ros2Config.cmake
[0.708s] -- Up-to-date symlink: /home/kanal-raspi5/Autonomous-Mobile-Robot/ws_amr_robot/install/sllidar_ros2/share/sllidar_ros2/cmake/sllidar_ros2Config-version.cmake
[0.708s] -- Up-to-date symlink: /home/kanal-raspi5/Autonomous-Mobile-Robot/ws_amr_robot/install/sllidar_ros2/share/sllidar_ros2/package.xml
[0.712s] Invoked command in '/home/kanal-raspi5/Autonomous-Mobile-Robot/ws_amr_robot/build/sllidar_ros2' returned '0': CMAKE_PREFIX_PATH=${CMAKE_PREFIX_PATH}:/home/kanal-raspi5/Autonomous-Mobile-Robot/ws_amr_robot/install/robot_bringup:/opt/ros/jazzy DEBUGINFOD_URLS=https://debuginfod.ubuntu.com NX_CONNECTION=100.78.101.29 51457 100.82.208.104 4000 /usr/bin/cmake --install /home/kanal-raspi5/Autonomous-Mobile-Robot/ws_amr_robot/build/sllidar_ros2
