running develop
running egg_info
writing robot_bringup.egg-info/PKG-INFO
writing dependency_links to robot_bringup.egg-info/dependency_links.txt
writing entry points to robot_bringup.egg-info/entry_points.txt
writing requirements to robot_bringup.egg-info/requires.txt
writing top-level names to robot_bringup.egg-info/top_level.txt
reading manifest file 'robot_bringup.egg-info/SOURCES.txt'
writing manifest file 'robot_bringup.egg-info/SOURCES.txt'
running build_ext
Creating /home/kanal-raspi5/ws_amr_robot/install/robot_bringup/lib/python3.12/site-packages/robot-bringup.egg-link (link to .)
Installing laser_restamper script to /home/kanal-raspi5/ws_amr_robot/install/robot_bringup/lib/robot_bringup
Installing odometry_node script to /home/kanal-raspi5/ws_amr_robot/install/robot_bringup/lib/robot_bringup
Installing stm32_bridge script to /home/kanal-raspi5/ws_amr_robot/install/robot_bringup/lib/robot_bringup

Installed /home/kanal-raspi5/ws_amr_robot/build/robot_bringup
running symlink_data
symbolically linking /home/kanal-raspi5/ws_amr_robot/build/robot_bringup/resource/robot_bringup -> /home/kanal-raspi5/ws_amr_robot/install/robot_bringup/share/ament_index/resource_index/packages
symbolically linking /home/kanal-raspi5/ws_amr_robot/build/robot_bringup/package.xml -> /home/kanal-raspi5/ws_amr_robot/install/robot_bringup/share/robot_bringup
symbolically linking /home/kanal-raspi5/ws_amr_robot/build/robot_bringup/launch/robot_bringup.launch.py -> /home/kanal-raspi5/ws_amr_robot/install/robot_bringup/share/robot_bringup/launch
symbolically linking /home/kanal-raspi5/ws_amr_robot/build/robot_bringup/resource/robot_bringup -> /home/kanal-raspi5/ws_amr_robot/install/robot_bringup/share/ament_index/resource_index/packages
symbolically linking /home/kanal-raspi5/ws_amr_robot/build/robot_bringup/package.xml -> /home/kanal-raspi5/ws_amr_robot/install/robot_bringup/share/robot_bringup
symbolically linking /home/kanal-raspi5/ws_amr_robot/build/robot_bringup/launch/robot_bringup.launch.py -> /home/kanal-raspi5/ws_amr_robot/install/robot_bringup/share/robot_bringup/launch
symbolically linking /home/kanal-raspi5/ws_amr_robot/build/robot_bringup/rviz/default.rviz -> /home/kanal-raspi5/ws_amr_robot/install/robot_bringup/share/robot_bringup/rviz
