[2.067s] Invoking command in '/home/kanal-raspi5/ws_amr_robot/build/robot_bringup': DEBUGINFOD_URLS=https://debuginfod.ubuntu.com NX_CONNECTION=100.78.101.29 62747 100.82.208.104 4000 PYTHONPATH=/home/kanal-raspi5/ws_amr_robot/build/robot_bringup/prefix_override:/usr/lib/python3/dist-packages/colcon_core/task/python/colcon_distutils_commands:/home/kanal-raspi5/ws_amr_robot/install/robot_bringup/lib/python3.12/site-packages:${PYTHONPATH} /usr/bin/python3 -W ignore:setup.py install is deprecated -W ignore:easy_install command is deprecated setup.py develop --editable --build-directory /home/kanal-raspi5/ws_amr_robot/build/robot_bringup/build --no-deps symlink_data --force
[2.825s] running develop
[3.270s] running egg_info
[3.308s] writing robot_bringup.egg-info/PKG-INFO
[3.308s] writing dependency_links to robot_bringup.egg-info/dependency_links.txt
[3.308s] writing entry points to robot_bringup.egg-info/entry_points.txt
[3.309s] writing requirements to robot_bringup.egg-info/requires.txt
[3.309s] writing top-level names to robot_bringup.egg-info/top_level.txt
[3.397s] reading manifest file 'robot_bringup.egg-info/SOURCES.txt'
[3.398s] writing manifest file 'robot_bringup.egg-info/SOURCES.txt'
[3.446s] running build_ext
[3.446s] Creating /home/kanal-raspi5/ws_amr_robot/install/robot_bringup/lib/python3.12/site-packages/robot-bringup.egg-link (link to .)
[3.448s] Installing laser_restamper script to /home/kanal-raspi5/ws_amr_robot/install/robot_bringup/lib/robot_bringup
[3.448s] Installing odometry_node script to /home/kanal-raspi5/ws_amr_robot/install/robot_bringup/lib/robot_bringup
[3.448s] Installing stm32_bridge script to /home/kanal-raspi5/ws_amr_robot/install/robot_bringup/lib/robot_bringup
[3.449s] 
[3.449s] Installed /home/kanal-raspi5/ws_amr_robot/build/robot_bringup
[3.449s] running symlink_data
[3.449s] symbolically linking /home/kanal-raspi5/ws_amr_robot/build/robot_bringup/resource/robot_bringup -> /home/kanal-raspi5/ws_amr_robot/install/robot_bringup/share/ament_index/resource_index/packages
[3.449s] symbolically linking /home/kanal-raspi5/ws_amr_robot/build/robot_bringup/package.xml -> /home/kanal-raspi5/ws_amr_robot/install/robot_bringup/share/robot_bringup
[3.450s] symbolically linking /home/kanal-raspi5/ws_amr_robot/build/robot_bringup/launch/robot_bringup.launch.py -> /home/kanal-raspi5/ws_amr_robot/install/robot_bringup/share/robot_bringup/launch
[3.450s] symbolically linking /home/kanal-raspi5/ws_amr_robot/build/robot_bringup/resource/robot_bringup -> /home/kanal-raspi5/ws_amr_robot/install/robot_bringup/share/ament_index/resource_index/packages
[3.450s] symbolically linking /home/kanal-raspi5/ws_amr_robot/build/robot_bringup/package.xml -> /home/kanal-raspi5/ws_amr_robot/install/robot_bringup/share/robot_bringup
[3.451s] symbolically linking /home/kanal-raspi5/ws_amr_robot/build/robot_bringup/launch/robot_bringup.launch.py -> /home/kanal-raspi5/ws_amr_robot/install/robot_bringup/share/robot_bringup/launch
[3.451s] symbolically linking /home/kanal-raspi5/ws_amr_robot/build/robot_bringup/rviz/default.rviz -> /home/kanal-raspi5/ws_amr_robot/install/robot_bringup/share/robot_bringup/rviz
[3.598s] Invoked command in '/home/kanal-raspi5/ws_amr_robot/build/robot_bringup' returned '0': DEBUGINFOD_URLS=https://debuginfod.ubuntu.com NX_CONNECTION=100.78.101.29 62747 100.82.208.104 4000 PYTHONPATH=/home/kanal-raspi5/ws_amr_robot/build/robot_bringup/prefix_override:/usr/lib/python3/dist-packages/colcon_core/task/python/colcon_distutils_commands:/home/kanal-raspi5/ws_amr_robot/install/robot_bringup/lib/python3.12/site-packages:${PYTHONPATH} /usr/bin/python3 -W ignore:setup.py install is deprecated -W ignore:easy_install command is deprecated setup.py develop --editable --build-directory /home/kanal-raspi5/ws_amr_robot/build/robot_bringup/build --no-deps symlink_data --force
