[0.385s] Invoking command in '/home/kanal-raspi5/ws_amr_robot/build/sllidar_ros2': CMAKE_PREFIX_PATH=${CMAKE_PREFIX_PATH}:/home/kanal-raspi5/ws_amr_robot/install/robot_bringup:/opt/ros/jazzy DEBUGINFOD_URLS=https://debuginfod.ubuntu.com NX_CONNECTION=100.78.101.29 59274 100.82.208.104 4000 /usr/bin/cmake /home/kanal-raspi5/ws_amr_robot/src/sllidar_ros2 -DAMENT_CMAKE_SYMLINK_INSTALL=1 -DCMAKE_INSTALL_PREFIX=/home/kanal-raspi5/ws_amr_robot/install/sllidar_ros2
[0.458s] -- Found ament_cmake: 2.5.4 (/opt/ros/jazzy/share/ament_cmake/cmake)
[0.859s] -- Override CMake install command with custom implementation using symlinks instead of copying resources
[0.885s] -- Found rclcpp: 28.1.13 (/opt/ros/jazzy/share/rclcpp/cmake)
[0.939s] -- Found rosidl_generator_c: 4.6.6 (/opt/ros/jazzy/share/rosidl_generator_c/cmake)
[0.957s] -- Found rosidl_generator_cpp: 4.6.6 (/opt/ros/jazzy/share/rosidl_generator_cpp/cmake)
[0.984s] -- Using all available rosidl_typesupport_c: rosidl_typesupport_fastrtps_c;rosidl_typesupport_introspection_c
[1.019s] -- Using all available rosidl_typesupport_cpp: rosidl_typesupport_fastrtps_cpp;rosidl_typesupport_introspection_cpp
[1.130s] -- Found rmw_implementation_cmake: 7.3.2 (/opt/ros/jazzy/share/rmw_implementation_cmake/cmake)
[1.133s] -- Found rmw_fastrtps_cpp: 8.4.3 (/opt/ros/jazzy/share/rmw_fastrtps_cpp/cmake)
[1.248s] -- Using RMW implementation 'rmw_fastrtps_cpp' as default
[1.362s] -- Found sensor_msgs: 5.3.6 (/opt/ros/jazzy/share/sensor_msgs/cmake)
[1.459s] -- Found std_srvs: 5.3.6 (/opt/ros/jazzy/share/std_srvs/cmake)
[1.694s] -- Configuring done (1.3s)
[1.741s] -- Generating done (0.0s)
[1.750s] -- Build files have been written to: /home/kanal-raspi5/ws_amr_robot/build/sllidar_ros2
[1.765s] Invoked command in '/home/kanal-raspi5/ws_amr_robot/build/sllidar_ros2' returned '0': CMAKE_PREFIX_PATH=${CMAKE_PREFIX_PATH}:/home/kanal-raspi5/ws_amr_robot/install/robot_bringup:/opt/ros/jazzy DEBUGINFOD_URLS=https://debuginfod.ubuntu.com NX_CONNECTION=100.78.101.29 59274 100.82.208.104 4000 /usr/bin/cmake /home/kanal-raspi5/ws_amr_robot/src/sllidar_ros2 -DAMENT_CMAKE_SYMLINK_INSTALL=1 -DCMAKE_INSTALL_PREFIX=/home/kanal-raspi5/ws_amr_robot/install/sllidar_ros2
[1.768s] Invoking command in '/home/kanal-raspi5/ws_amr_robot/build/sllidar_ros2': CMAKE_PREFIX_PATH=${CMAKE_PREFIX_PATH}:/home/kanal-raspi5/ws_amr_robot/install/robot_bringup:/opt/ros/jazzy DEBUGINFOD_URLS=https://debuginfod.ubuntu.com NX_CONNECTION=100.78.101.29 59274 100.82.208.104 4000 /usr/bin/cmake --build /home/kanal-raspi5/ws_amr_robot/build/sllidar_ros2 -- -j4 -l4
[1.941s] [ 10%] Built target sllidar_client
[1.947s] [100%] Built target sllidar_node
[1.976s] Invoked command in '/home/kanal-raspi5/ws_amr_robot/build/sllidar_ros2' returned '0': CMAKE_PREFIX_PATH=${CMAKE_PREFIX_PATH}:/home/kanal-raspi5/ws_amr_robot/install/robot_bringup:/opt/ros/jazzy DEBUGINFOD_URLS=https://debuginfod.ubuntu.com NX_CONNECTION=100.78.101.29 59274 100.82.208.104 4000 /usr/bin/cmake --build /home/kanal-raspi5/ws_amr_robot/build/sllidar_ros2 -- -j4 -l4
[1.998s] Invoking command in '/home/kanal-raspi5/ws_amr_robot/build/sllidar_ros2': CMAKE_PREFIX_PATH=${CMAKE_PREFIX_PATH}:/home/kanal-raspi5/ws_amr_robot/install/robot_bringup:/opt/ros/jazzy DEBUGINFOD_URLS=https://debuginfod.ubuntu.com NX_CONNECTION=100.78.101.29 59274 100.82.208.104 4000 /usr/bin/cmake --install /home/kanal-raspi5/ws_amr_robot/build/sllidar_ros2
[2.021s] -- Install configuration: ""
[2.021s] -- Execute custom install script
[2.022s] -- Up-to-date symlink: /home/kanal-raspi5/ws_amr_robot/install/sllidar_ros2/share/sllidar_ros2/launch/.~lock.sllidar_a1_launch.py#
[2.022s] -- Up-to-date symlink: /home/kanal-raspi5/ws_amr_robot/install/sllidar_ros2/share/sllidar_ros2/launch/sllidar_a1_launch.py
[2.022s] -- Up-to-date symlink: /home/kanal-raspi5/ws_amr_robot/install/sllidar_ros2/share/sllidar_ros2/launch/sllidar_a2m12_launch .py
[2.022s] -- Up-to-date symlink: /home/kanal-raspi5/ws_amr_robot/install/sllidar_ros2/share/sllidar_ros2/launch/sllidar_a2m7_launch.py
[2.023s] -- Up-to-date symlink: /home/kanal-raspi5/ws_amr_robot/install/sllidar_ros2/share/sllidar_ros2/launch/sllidar_a2m8_launch.py
[2.023s] -- Up-to-date symlink: /home/kanal-raspi5/ws_amr_robot/install/sllidar_ros2/share/sllidar_ros2/launch/sllidar_a3_launch.py
[2.024s] -- Up-to-date symlink: /home/kanal-raspi5/ws_amr_robot/install/sllidar_ros2/share/sllidar_ros2/launch/sllidar_c1_launch.py
[2.024s] -- Up-to-date symlink: /home/kanal-raspi5/ws_amr_robot/install/sllidar_ros2/share/sllidar_ros2/launch/sllidar_s1_launch.py
[2.025s] -- Up-to-date symlink: /home/kanal-raspi5/ws_amr_robot/install/sllidar_ros2/share/sllidar_ros2/launch/sllidar_s1_tcp_launch.py
[2.025s] -- Up-to-date symlink: /home/kanal-raspi5/ws_amr_robot/install/sllidar_ros2/share/sllidar_ros2/launch/sllidar_s2_launch.py
[2.027s] -- Up-to-date symlink: /home/kanal-raspi5/ws_amr_robot/install/sllidar_ros2/share/sllidar_ros2/launch/sllidar_s2e_launch.py
[2.027s] -- Up-to-date symlink: /home/kanal-raspi5/ws_amr_robot/install/sllidar_ros2/share/sllidar_ros2/launch/sllidar_s3_launch.py
[2.027s] -- Up-to-date symlink: /home/kanal-raspi5/ws_amr_robot/install/sllidar_ros2/share/sllidar_ros2/launch/sllidar_t1_launch.py
[2.027s] -- Up-to-date symlink: /home/kanal-raspi5/ws_amr_robot/install/sllidar_ros2/share/sllidar_ros2/launch/view_sllidar_a1_launch.py
[2.028s] -- Up-to-date symlink: /home/kanal-raspi5/ws_amr_robot/install/sllidar_ros2/share/sllidar_ros2/launch/view_sllidar_a2m12_launch.py
[2.029s] -- Up-to-date symlink: /home/kanal-raspi5/ws_amr_robot/install/sllidar_ros2/share/sllidar_ros2/launch/view_sllidar_a2m7_launch.py
[2.030s] -- Up-to-date symlink: /home/kanal-raspi5/ws_amr_robot/install/sllidar_ros2/share/sllidar_ros2/launch/view_sllidar_a2m8_launch.py
[2.030s] -- Up-to-date symlink: /home/kanal-raspi5/ws_amr_robot/install/sllidar_ros2/share/sllidar_ros2/launch/view_sllidar_a3_launch.py
[2.030s] -- Up-to-date symlink: /home/kanal-raspi5/ws_amr_robot/install/sllidar_ros2/share/sllidar_ros2/launch/view_sllidar_c1_launch.py
[2.031s] -- Up-to-date symlink: /home/kanal-raspi5/ws_amr_robot/install/sllidar_ros2/share/sllidar_ros2/launch/view_sllidar_s1_launch.py
[2.031s] -- Up-to-date symlink: /home/kanal-raspi5/ws_amr_robot/install/sllidar_ros2/share/sllidar_ros2/launch/view_sllidar_s1_tcp_launch.py
[2.032s] -- Up-to-date symlink: /home/kanal-raspi5/ws_amr_robot/install/sllidar_ros2/share/sllidar_ros2/launch/view_sllidar_s2_launch.py
[2.032s] -- Up-to-date symlink: /home/kanal-raspi5/ws_amr_robot/install/sllidar_ros2/share/sllidar_ros2/launch/view_sllidar_s2e_launch.py
[2.033s] -- Up-to-date symlink: /home/kanal-raspi5/ws_amr_robot/install/sllidar_ros2/share/sllidar_ros2/launch/view_sllidar_s3_launch.py
[2.033s] -- Up-to-date symlink: /home/kanal-raspi5/ws_amr_robot/install/sllidar_ros2/share/sllidar_ros2/launch/view_sllidar_t1_launch.py
[2.034s] -- Up-to-date symlink: /home/kanal-raspi5/ws_amr_robot/install/sllidar_ros2/share/sllidar_ros2/rviz/sllidar_ros2.rviz
[2.035s] -- Up-to-date symlink: /home/kanal-raspi5/ws_amr_robot/install/sllidar_ros2/lib/sllidar_ros2/sllidar_node
[2.035s] -- Up-to-date symlink: /home/kanal-raspi5/ws_amr_robot/install/sllidar_ros2/lib/sllidar_ros2/sllidar_client
[2.036s] -- Up-to-date symlink: /home/kanal-raspi5/ws_amr_robot/install/sllidar_ros2/share/ament_index/resource_index/package_run_dependencies/sllidar_ros2
[2.036s] -- Up-to-date symlink: /home/kanal-raspi5/ws_amr_robot/install/sllidar_ros2/share/ament_index/resource_index/parent_prefix_path/sllidar_ros2
[2.038s] -- Up-to-date symlink: /home/kanal-raspi5/ws_amr_robot/install/sllidar_ros2/share/sllidar_ros2/environment/ament_prefix_path.sh
[2.038s] -- Up-to-date symlink: /home/kanal-raspi5/ws_amr_robot/install/sllidar_ros2/share/sllidar_ros2/environment/ament_prefix_path.dsv
[2.039s] -- Up-to-date symlink: /home/kanal-raspi5/ws_amr_robot/install/sllidar_ros2/share/sllidar_ros2/environment/path.sh
[2.039s] -- Up-to-date symlink: /home/kanal-raspi5/ws_amr_robot/install/sllidar_ros2/share/sllidar_ros2/environment/path.dsv
[2.039s] -- Up-to-date symlink: /home/kanal-raspi5/ws_amr_robot/install/sllidar_ros2/share/sllidar_ros2/local_setup.bash
[2.039s] -- Up-to-date symlink: /home/kanal-raspi5/ws_amr_robot/install/sllidar_ros2/share/sllidar_ros2/local_setup.sh
[2.040s] -- Up-to-date symlink: /home/kanal-raspi5/ws_amr_robot/install/sllidar_ros2/share/sllidar_ros2/local_setup.zsh
[2.040s] -- Up-to-date symlink: /home/kanal-raspi5/ws_amr_robot/install/sllidar_ros2/share/sllidar_ros2/local_setup.dsv
[2.041s] -- Symlinking: /home/kanal-raspi5/ws_amr_robot/install/sllidar_ros2/share/sllidar_ros2/package.dsv
[2.062s] -- Up-to-date symlink: /home/kanal-raspi5/ws_amr_robot/install/sllidar_ros2/share/ament_index/resource_index/packages/sllidar_ros2
[2.062s] -- Up-to-date symlink: /home/kanal-raspi5/ws_amr_robot/install/sllidar_ros2/share/sllidar_ros2/cmake/ament_cmake_export_dependencies-extras.cmake
[2.063s] -- Up-to-date symlink: /home/kanal-raspi5/ws_amr_robot/install/sllidar_ros2/share/sllidar_ros2/cmake/ament_cmake_export_include_directories-extras.cmake
[2.063s] -- Up-to-date symlink: /home/kanal-raspi5/ws_amr_robot/install/sllidar_ros2/share/sllidar_ros2/cmake/sllidar_ros2Config.cmake
[2.065s] -- Up-to-date symlink: /home/kanal-raspi5/ws_amr_robot/install/sllidar_ros2/share/sllidar_ros2/cmake/sllidar_ros2Config-version.cmake
[2.065s] -- Up-to-date symlink: /home/kanal-raspi5/ws_amr_robot/install/sllidar_ros2/share/sllidar_ros2/package.xml
[2.072s] Invoked command in '/home/kanal-raspi5/ws_amr_robot/build/sllidar_ros2' returned '0': CMAKE_PREFIX_PATH=${CMAKE_PREFIX_PATH}:/home/kanal-raspi5/ws_amr_robot/install/robot_bringup:/opt/ros/jazzy DEBUGINFOD_URLS=https://debuginfod.ubuntu.com NX_CONNECTION=100.78.101.29 59274 100.82.208.104 4000 /usr/bin/cmake --install /home/kanal-raspi5/ws_amr_robot/build/sllidar_ros2
