[0.421s] Invoking command in '/home/kanal-raspi5/ws_amr_robot/build/sllidar_ros2': CMAKE_PREFIX_PATH=${CMAKE_PREFIX_PATH}:/home/kanal-raspi5/ws_amr_robot/install/robot_bringup:/home/kanal-raspi5/install/robot_bringup:/opt/ros/jazzy DEBUGINFOD_URLS=https://debuginfod.ubuntu.com NX_CONNECTION=100.78.101.29 63398 100.82.208.104 4000 /usr/bin/cmake --build /home/kanal-raspi5/ws_amr_robot/build/sllidar_ros2 -- -j4 -l4
[0.554s] [ 10%] Built target sllidar_client
[0.557s] [100%] Built target sllidar_node
[0.579s] Invoked command in '/home/kanal-raspi5/ws_amr_robot/build/sllidar_ros2' returned '0': CMAKE_PREFIX_PATH=${CMAKE_PREFIX_PATH}:/home/kanal-raspi5/ws_amr_robot/install/robot_bringup:/home/kanal-raspi5/install/robot_bringup:/opt/ros/jazzy DEBUGINFOD_URLS=https://debuginfod.ubuntu.com NX_CONNECTION=100.78.101.29 63398 100.82.208.104 4000 /usr/bin/cmake --build /home/kanal-raspi5/ws_amr_robot/build/sllidar_ros2 -- -j4 -l4
[0.605s] Invoking command in '/home/kanal-raspi5/ws_amr_robot/build/sllidar_ros2': CMAKE_PREFIX_PATH=${CMAKE_PREFIX_PATH}:/home/kanal-raspi5/ws_amr_robot/install/robot_bringup:/home/kanal-raspi5/install/robot_bringup:/opt/ros/jazzy DEBUGINFOD_URLS=https://debuginfod.ubuntu.com NX_CONNECTION=100.78.101.29 63398 100.82.208.104 4000 /usr/bin/cmake --install /home/kanal-raspi5/ws_amr_robot/build/sllidar_ros2
[0.619s] -- Install configuration: ""
[0.620s] -- Execute custom install script
[0.620s] -- Up-to-date symlink: /home/kanal-raspi5/ws_amr_robot/install/sllidar_ros2/share/sllidar_ros2/launch/.~lock.sllidar_a1_launch.py#
[0.621s] -- Up-to-date symlink: /home/kanal-raspi5/ws_amr_robot/install/sllidar_ros2/share/sllidar_ros2/launch/sllidar_a1_launch.py
[0.621s] -- Up-to-date symlink: /home/kanal-raspi5/ws_amr_robot/install/sllidar_ros2/share/sllidar_ros2/launch/sllidar_a2m12_launch .py
[0.621s] -- Up-to-date symlink: /home/kanal-raspi5/ws_amr_robot/install/sllidar_ros2/share/sllidar_ros2/launch/sllidar_a2m7_launch.py
[0.628s] -- Up-to-date symlink: /home/kanal-raspi5/ws_amr_robot/install/sllidar_ros2/share/sllidar_ros2/launch/sllidar_a2m8_launch.py
[0.628s] -- Up-to-date symlink: /home/kanal-raspi5/ws_amr_robot/install/sllidar_ros2/share/sllidar_ros2/launch/sllidar_a3_launch.py
[0.629s] -- Up-to-date symlink: /home/kanal-raspi5/ws_amr_robot/install/sllidar_ros2/share/sllidar_ros2/launch/sllidar_c1_launch.py
[0.630s] -- Up-to-date symlink: /home/kanal-raspi5/ws_amr_robot/install/sllidar_ros2/share/sllidar_ros2/launch/sllidar_s1_launch.py
[0.634s] -- Up-to-date symlink: /home/kanal-raspi5/ws_amr_robot/install/sllidar_ros2/share/sllidar_ros2/launch/sllidar_s1_tcp_launch.py
[0.634s] -- Up-to-date symlink: /home/kanal-raspi5/ws_amr_robot/install/sllidar_ros2/share/sllidar_ros2/launch/sllidar_s2_launch.py
[0.634s] -- Up-to-date symlink: /home/kanal-raspi5/ws_amr_robot/install/sllidar_ros2/share/sllidar_ros2/launch/sllidar_s2e_launch.py
[0.634s] -- Up-to-date symlink: /home/kanal-raspi5/ws_amr_robot/install/sllidar_ros2/share/sllidar_ros2/launch/sllidar_s3_launch.py
[0.634s] -- Up-to-date symlink: /home/kanal-raspi5/ws_amr_robot/install/sllidar_ros2/share/sllidar_ros2/launch/sllidar_t1_launch.py
[0.634s] -- Up-to-date symlink: /home/kanal-raspi5/ws_amr_robot/install/sllidar_ros2/share/sllidar_ros2/launch/view_sllidar_a1_launch.py
[0.635s] -- Up-to-date symlink: /home/kanal-raspi5/ws_amr_robot/install/sllidar_ros2/share/sllidar_ros2/launch/view_sllidar_a2m12_launch.py
[0.635s] -- Up-to-date symlink: /home/kanal-raspi5/ws_amr_robot/install/sllidar_ros2/share/sllidar_ros2/launch/view_sllidar_a2m7_launch.py
[0.635s] -- Up-to-date symlink: /home/kanal-raspi5/ws_amr_robot/install/sllidar_ros2/share/sllidar_ros2/launch/view_sllidar_a2m8_launch.py
[0.635s] -- Up-to-date symlink: /home/kanal-raspi5/ws_amr_robot/install/sllidar_ros2/share/sllidar_ros2/launch/view_sllidar_a3_launch.py
[0.635s] -- Up-to-date symlink: /home/kanal-raspi5/ws_amr_robot/install/sllidar_ros2/share/sllidar_ros2/launch/view_sllidar_c1_launch.py
[0.635s] -- Up-to-date symlink: /home/kanal-raspi5/ws_amr_robot/install/sllidar_ros2/share/sllidar_ros2/launch/view_sllidar_s1_launch.py
[0.635s] -- Up-to-date symlink: /home/kanal-raspi5/ws_amr_robot/install/sllidar_ros2/share/sllidar_ros2/launch/view_sllidar_s1_tcp_launch.py
[0.635s] -- Up-to-date symlink: /home/kanal-raspi5/ws_amr_robot/install/sllidar_ros2/share/sllidar_ros2/launch/view_sllidar_s2_launch.py
[0.635s] -- Up-to-date symlink: /home/kanal-raspi5/ws_amr_robot/install/sllidar_ros2/share/sllidar_ros2/launch/view_sllidar_s2e_launch.py
[0.635s] -- Up-to-date symlink: /home/kanal-raspi5/ws_amr_robot/install/sllidar_ros2/share/sllidar_ros2/launch/view_sllidar_s3_launch.py
[0.636s] -- Up-to-date symlink: /home/kanal-raspi5/ws_amr_robot/install/sllidar_ros2/share/sllidar_ros2/launch/view_sllidar_t1_launch.py
[0.636s] -- Up-to-date symlink: /home/kanal-raspi5/ws_amr_robot/install/sllidar_ros2/share/sllidar_ros2/rviz/sllidar_ros2.rviz
[0.636s] -- Up-to-date symlink: /home/kanal-raspi5/ws_amr_robot/install/sllidar_ros2/lib/sllidar_ros2/sllidar_node
[0.636s] -- Up-to-date symlink: /home/kanal-raspi5/ws_amr_robot/install/sllidar_ros2/lib/sllidar_ros2/sllidar_client
[0.636s] -- Up-to-date symlink: /home/kanal-raspi5/ws_amr_robot/install/sllidar_ros2/share/ament_index/resource_index/package_run_dependencies/sllidar_ros2
[0.636s] -- Up-to-date symlink: /home/kanal-raspi5/ws_amr_robot/install/sllidar_ros2/share/ament_index/resource_index/parent_prefix_path/sllidar_ros2
[0.636s] -- Up-to-date symlink: /home/kanal-raspi5/ws_amr_robot/install/sllidar_ros2/share/sllidar_ros2/environment/ament_prefix_path.sh
[0.636s] -- Up-to-date symlink: /home/kanal-raspi5/ws_amr_robot/install/sllidar_ros2/share/sllidar_ros2/environment/ament_prefix_path.dsv
[0.636s] -- Up-to-date symlink: /home/kanal-raspi5/ws_amr_robot/install/sllidar_ros2/share/sllidar_ros2/environment/path.sh
[0.636s] -- Up-to-date symlink: /home/kanal-raspi5/ws_amr_robot/install/sllidar_ros2/share/sllidar_ros2/environment/path.dsv
[0.637s] -- Up-to-date symlink: /home/kanal-raspi5/ws_amr_robot/install/sllidar_ros2/share/sllidar_ros2/local_setup.bash
[0.637s] -- Up-to-date symlink: /home/kanal-raspi5/ws_amr_robot/install/sllidar_ros2/share/sllidar_ros2/local_setup.sh
[0.637s] -- Up-to-date symlink: /home/kanal-raspi5/ws_amr_robot/install/sllidar_ros2/share/sllidar_ros2/local_setup.zsh
[0.637s] -- Up-to-date symlink: /home/kanal-raspi5/ws_amr_robot/install/sllidar_ros2/share/sllidar_ros2/local_setup.dsv
[0.637s] -- Symlinking: /home/kanal-raspi5/ws_amr_robot/install/sllidar_ros2/share/sllidar_ros2/package.dsv
[0.654s] -- Up-to-date symlink: /home/kanal-raspi5/ws_amr_robot/install/sllidar_ros2/share/ament_index/resource_index/packages/sllidar_ros2
[0.654s] -- Up-to-date symlink: /home/kanal-raspi5/ws_amr_robot/install/sllidar_ros2/share/sllidar_ros2/cmake/ament_cmake_export_dependencies-extras.cmake
[0.654s] -- Up-to-date symlink: /home/kanal-raspi5/ws_amr_robot/install/sllidar_ros2/share/sllidar_ros2/cmake/ament_cmake_export_include_directories-extras.cmake
[0.655s] -- Up-to-date symlink: /home/kanal-raspi5/ws_amr_robot/install/sllidar_ros2/share/sllidar_ros2/cmake/sllidar_ros2Config.cmake
[0.655s] -- Up-to-date symlink: /home/kanal-raspi5/ws_amr_robot/install/sllidar_ros2/share/sllidar_ros2/cmake/sllidar_ros2Config-version.cmake
[0.655s] -- Up-to-date symlink: /home/kanal-raspi5/ws_amr_robot/install/sllidar_ros2/share/sllidar_ros2/package.xml
[0.658s] Invoked command in '/home/kanal-raspi5/ws_amr_robot/build/sllidar_ros2' returned '0': CMAKE_PREFIX_PATH=${CMAKE_PREFIX_PATH}:/home/kanal-raspi5/ws_amr_robot/install/robot_bringup:/home/kanal-raspi5/install/robot_bringup:/opt/ros/jazzy DEBUGINFOD_URLS=https://debuginfod.ubuntu.com NX_CONNECTION=100.78.101.29 63398 100.82.208.104 4000 /usr/bin/cmake --install /home/kanal-raspi5/ws_amr_robot/build/sllidar_ros2
