[1.456s] Invoking command in '/home/kanal-raspi5/ws_amr_robot/src/robot_bringup': DEBUGINFOD_URLS=https://debuginfod.ubuntu.com NX_CONNECTION=100.78.101.29 62747 100.82.208.104 4000 PYTHONPATH=/home/kanal-raspi5/ws_amr_robot/build/robot_bringup/prefix_override:/usr/lib/python3/dist-packages/colcon_core/task/python/colcon_distutils_commands:/home/kanal-raspi5/ws_amr_robot/install/robot_bringup/lib/python3.12/site-packages:${PYTHONPATH} /usr/bin/python3 -W ignore:setup.py install is deprecated -W ignore:easy_install command is deprecated setup.py egg_info --egg-base ../../build/robot_bringup build --build-base /home/kanal-raspi5/ws_amr_robot/build/robot_bringup/build install --record /home/kanal-raspi5/ws_amr_robot/build/robot_bringup/install.log --single-version-externally-managed install_data
[1.554s] Traceback (most recent call last):
[1.554s]   File "/home/kanal-raspi5/ws_amr_robot/src/robot_bringup/setup.py", line 1, in <module>
[1.554s]     from setuptools import setup
[1.554s]   File "/usr/lib/python3/dist-packages/setuptools/__init__.py", line 15, in <module>
[1.554s]     import setuptools.version
[1.554s]   File "/usr/lib/python3/dist-packages/setuptools/version.py", line 1, in <module>
[1.555s]     from ._importlib import metadata
[1.555s]   File "/usr/lib/python3/dist-packages/setuptools/_importlib.py", line 45, in <module>
[1.555s]     import importlib.metadata as metadata  # noqa: F401
[1.555s]     ^^^^^^^^^^^^^^^^^^^^^^^^^^^^^^^^^^^^^
[1.555s]   File "/usr/lib/python3.12/importlib/metadata/__init__.py", line 4, in <module>
[1.555s]     import csv
[1.555s]   File "<frozen importlib._bootstrap>", line 1360, in _find_and_load
[1.555s]   File "<frozen importlib._bootstrap>", line 1331, in _find_and_load_unlocked
[1.556s]   File "<frozen importlib._bootstrap>", line 935, in _load_unlocked
[1.556s]   File "<frozen importlib._bootstrap_external>", line 991, in exec_module
[1.556s]   File "<frozen importlib._bootstrap_external>", line 1087, in get_code
[1.556s]   File "<frozen importlib._bootstrap_external>", line 1186, in get_data
[1.556s] KeyboardInterrupt
[1.594s] Invoked command in '/home/kanal-raspi5/ws_amr_robot/src/robot_bringup' returned '-2': DEBUGINFOD_URLS=https://debuginfod.ubuntu.com NX_CONNECTION=100.78.101.29 62747 100.82.208.104 4000 PYTHONPATH=/home/kanal-raspi5/ws_amr_robot/build/robot_bringup/prefix_override:/usr/lib/python3/dist-packages/colcon_core/task/python/colcon_distutils_commands:/home/kanal-raspi5/ws_amr_robot/install/robot_bringup/lib/python3.12/site-packages:${PYTHONPATH} /usr/bin/python3 -W ignore:setup.py install is deprecated -W ignore:easy_install command is deprecated setup.py egg_info --egg-base ../../build/robot_bringup build --build-base /home/kanal-raspi5/ws_amr_robot/build/robot_bringup/build install --record /home/kanal-raspi5/ws_amr_robot/build/robot_bringup/install.log --single-version-externally-managed install_data
