/home/kanal-raspi5/ws_amr_robot/install/robot_bringup/lib/python3.12/site-packages/robot_bringup/teleop_keyboard.py
/home/kanal-raspi5/ws_amr_robot/install/robot_bringup/lib/python3.12/site-packages/robot_bringup/stm32_bridge.py
/home/kanal-raspi5/ws_amr_robot/install/robot_bringup/lib/python3.12/site-packages/robot_bringup/odometry_node.py
/home/kanal-raspi5/ws_amr_robot/install/robot_bringup/lib/python3.12/site-packages/robot_bringup/laser_restamper.py
/home/kanal-raspi5/ws_amr_robot/install/robot_bringup/lib/python3.12/site-packages/robot_bringup/__init__.py
/home/kanal-raspi5/ws_amr_robot/install/robot_bringup/lib/python3.12/site-packages/robot_bringup/__pycache__/teleop_keyboard.cpython-312.pyc
/home/kanal-raspi5/ws_amr_robot/install/robot_bringup/lib/python3.12/site-packages/robot_bringup/__pycache__/stm32_bridge.cpython-312.pyc
/home/kanal-raspi5/ws_amr_robot/install/robot_bringup/lib/python3.12/site-packages/robot_bringup/__pycache__/odometry_node.cpython-312.pyc
/home/kanal-raspi5/ws_amr_robot/install/robot_bringup/lib/python3.12/site-packages/robot_bringup/__pycache__/laser_restamper.cpython-312.pyc
/home/kanal-raspi5/ws_amr_robot/install/robot_bringup/lib/python3.12/site-packages/robot_bringup/__pycache__/__init__.cpython-312.pyc
/home/kanal-raspi5/ws_amr_robot/install/robot_bringup/share/ament_index/resource_index/packages/robot_bringup
/home/kanal-raspi5/ws_amr_robot/install/robot_bringup/share/robot_bringup/package.xml
/home/kanal-raspi5/ws_amr_robot/install/robot_bringup/share/robot_bringup/launch/robot_bringup.launch.py
/home/kanal-raspi5/ws_amr_robot/install/robot_bringup/share/robot_bringup/rviz/default.rviz
/home/kanal-raspi5/ws_amr_robot/install/robot_bringup/share/robot_bringup/config/mapper_params_online_async.yaml
/home/kanal-raspi5/ws_amr_robot/install/robot_bringup/lib/python3.12/site-packages/robot_bringup-0.0.0-py3.12.egg-info/dependency_links.txt
/home/kanal-raspi5/ws_amr_robot/install/robot_bringup/lib/python3.12/site-packages/robot_bringup-0.0.0-py3.12.egg-info/zip-safe
/home/kanal-raspi5/ws_amr_robot/install/robot_bringup/lib/python3.12/site-packages/robot_bringup-0.0.0-py3.12.egg-info/top_level.txt
/home/kanal-raspi5/ws_amr_robot/install/robot_bringup/lib/python3.12/site-packages/robot_bringup-0.0.0-py3.12.egg-info/entry_points.txt
/home/kanal-raspi5/ws_amr_robot/install/robot_bringup/lib/python3.12/site-packages/robot_bringup-0.0.0-py3.12.egg-info/SOURCES.txt
/home/kanal-raspi5/ws_amr_robot/install/robot_bringup/lib/python3.12/site-packages/robot_bringup-0.0.0-py3.12.egg-info/PKG-INFO
/home/kanal-raspi5/ws_amr_robot/install/robot_bringup/lib/python3.12/site-packages/robot_bringup-0.0.0-py3.12.egg-info/requires.txt
/home/kanal-raspi5/ws_amr_robot/install/robot_bringup/lib/robot_bringup/laser_restamper
/home/kanal-raspi5/ws_amr_robot/install/robot_bringup/lib/robot_bringup/odometry_node
/home/kanal-raspi5/ws_amr_robot/install/robot_bringup/lib/robot_bringup/stm32_bridge
/home/kanal-raspi5/ws_amr_robot/install/robot_bringup/lib/robot_bringup/teleop_keyboard
