[1.468s] Invoking command in '/home/kanal-raspi5/ws_amr_robot/build/robot_bringup': DEBUGINFOD_URLS=https://debuginfod.ubuntu.com NX_CONNECTION=100.78.101.29 62747 100.82.208.104 4000 PYTHONPATH=/home/kanal-raspi5/ws_amr_robot/build/robot_bringup/prefix_override:/usr/lib/python3/dist-packages/colcon_core/task/python/colcon_distutils_commands:/home/kanal-raspi5/ws_amr_robot/install/robot_bringup/lib/python3.12/site-packages:${PYTHONPATH} /usr/bin/python3 -W ignore:setup.py install is deprecated -W ignore:easy_install command is deprecated setup.py develop --uninstall --editable --build-directory /home/kanal-raspi5/ws_amr_robot/build/robot_bringup/build
[1.972s] running develop
[2.259s] Removing /home/kanal-raspi5/ws_amr_robot/install/robot_bringup/lib/python3.12/site-packages/robot-bringup.egg-link (link to .)
[2.359s] Invoked command in '/home/kanal-raspi5/ws_amr_robot/build/robot_bringup' returned '0': DEBUGINFOD_URLS=https://debuginfod.ubuntu.com NX_CONNECTION=100.78.101.29 62747 100.82.208.104 4000 PYTHONPATH=/home/kanal-raspi5/ws_amr_robot/build/robot_bringup/prefix_override:/usr/lib/python3/dist-packages/colcon_core/task/python/colcon_distutils_commands:/home/kanal-raspi5/ws_amr_robot/install/robot_bringup/lib/python3.12/site-packages:${PYTHONPATH} /usr/bin/python3 -W ignore:setup.py install is deprecated -W ignore:easy_install command is deprecated setup.py develop --uninstall --editable --build-directory /home/kanal-raspi5/ws_amr_robot/build/robot_bringup/build
[2.361s] Invoking command in '/home/kanal-raspi5/ws_amr_robot/src/robot_bringup': DEBUGINFOD_URLS=https://debuginfod.ubuntu.com NX_CONNECTION=100.78.101.29 62747 100.82.208.104 4000 PYTHONPATH=/home/kanal-raspi5/ws_amr_robot/build/robot_bringup/prefix_override:/usr/lib/python3/dist-packages/colcon_core/task/python/colcon_distutils_commands:/home/kanal-raspi5/ws_amr_robot/install/robot_bringup/lib/python3.12/site-packages:${PYTHONPATH} /usr/bin/python3 -W ignore:setup.py install is deprecated -W ignore:easy_install command is deprecated setup.py egg_info --egg-base ../../build/robot_bringup build --build-base /home/kanal-raspi5/ws_amr_robot/build/robot_bringup/build install --record /home/kanal-raspi5/ws_amr_robot/build/robot_bringup/install.log --single-version-externally-managed install_data --force
[2.744s] running egg_info
[2.768s] writing ../../build/robot_bringup/robot_bringup.egg-info/PKG-INFO
[2.768s] writing dependency_links to ../../build/robot_bringup/robot_bringup.egg-info/dependency_links.txt
[2.768s] writing entry points to ../../build/robot_bringup/robot_bringup.egg-info/entry_points.txt
[2.768s] writing requirements to ../../build/robot_bringup/robot_bringup.egg-info/requires.txt
[2.768s] writing top-level names to ../../build/robot_bringup/robot_bringup.egg-info/top_level.txt
[2.818s] reading manifest file '../../build/robot_bringup/robot_bringup.egg-info/SOURCES.txt'
[2.819s] writing manifest file '../../build/robot_bringup/robot_bringup.egg-info/SOURCES.txt'
[2.819s] running build
[2.819s] running build_py
[2.819s] copying robot_bringup/odometry_node.py -> /home/kanal-raspi5/ws_amr_robot/build/robot_bringup/build/lib/robot_bringup
[2.820s] copying robot_bringup/laser_restamper.py -> /home/kanal-raspi5/ws_amr_robot/build/robot_bringup/build/lib/robot_bringup
[2.820s] running install
[2.830s] running install_lib
[2.860s] creating /home/kanal-raspi5/ws_amr_robot/install/robot_bringup/lib/python3.12/site-packages/robot_bringup
[2.860s] copying /home/kanal-raspi5/ws_amr_robot/build/robot_bringup/build/lib/robot_bringup/stm32_bridge.py -> /home/kanal-raspi5/ws_amr_robot/install/robot_bringup/lib/python3.12/site-packages/robot_bringup
[2.860s] copying /home/kanal-raspi5/ws_amr_robot/build/robot_bringup/build/lib/robot_bringup/odometry_node.py -> /home/kanal-raspi5/ws_amr_robot/install/robot_bringup/lib/python3.12/site-packages/robot_bringup
[2.860s] copying /home/kanal-raspi5/ws_amr_robot/build/robot_bringup/build/lib/robot_bringup/laser_restamper.py -> /home/kanal-raspi5/ws_amr_robot/install/robot_bringup/lib/python3.12/site-packages/robot_bringup
[2.861s] copying /home/kanal-raspi5/ws_amr_robot/build/robot_bringup/build/lib/robot_bringup/__init__.py -> /home/kanal-raspi5/ws_amr_robot/install/robot_bringup/lib/python3.12/site-packages/robot_bringup
[2.862s] byte-compiling /home/kanal-raspi5/ws_amr_robot/install/robot_bringup/lib/python3.12/site-packages/robot_bringup/stm32_bridge.py to stm32_bridge.cpython-312.pyc
[2.864s] byte-compiling /home/kanal-raspi5/ws_amr_robot/install/robot_bringup/lib/python3.12/site-packages/robot_bringup/odometry_node.py to odometry_node.cpython-312.pyc
[2.866s] byte-compiling /home/kanal-raspi5/ws_amr_robot/install/robot_bringup/lib/python3.12/site-packages/robot_bringup/laser_restamper.py to laser_restamper.cpython-312.pyc
[2.868s] byte-compiling /home/kanal-raspi5/ws_amr_robot/install/robot_bringup/lib/python3.12/site-packages/robot_bringup/__init__.py to __init__.cpython-312.pyc
[2.868s] running install_data
[2.868s] copying resource/robot_bringup -> /home/kanal-raspi5/ws_amr_robot/install/robot_bringup/share/ament_index/resource_index/packages
[2.869s] copying package.xml -> /home/kanal-raspi5/ws_amr_robot/install/robot_bringup/share/robot_bringup
[2.869s] copying launch/robot_bringup.launch.py -> /home/kanal-raspi5/ws_amr_robot/install/robot_bringup/share/robot_bringup/launch
[2.869s] copying rviz/default.rviz -> /home/kanal-raspi5/ws_amr_robot/install/robot_bringup/share/robot_bringup/rviz
[2.869s] copying config/mapper_params_online_async.yaml -> /home/kanal-raspi5/ws_amr_robot/install/robot_bringup/share/robot_bringup/config
[2.869s] running install_egg_info
[2.899s] Copying ../../build/robot_bringup/robot_bringup.egg-info to /home/kanal-raspi5/ws_amr_robot/install/robot_bringup/lib/python3.12/site-packages/robot_bringup-0.0.0-py3.12.egg-info
[2.901s] running install_scripts
[3.115s] Installing laser_restamper script to /home/kanal-raspi5/ws_amr_robot/install/robot_bringup/lib/robot_bringup
[3.115s] Installing odometry_node script to /home/kanal-raspi5/ws_amr_robot/install/robot_bringup/lib/robot_bringup
[3.116s] Installing stm32_bridge script to /home/kanal-raspi5/ws_amr_robot/install/robot_bringup/lib/robot_bringup
[3.116s] writing list of installed files to '/home/kanal-raspi5/ws_amr_robot/build/robot_bringup/install.log'
[3.211s] Invoked command in '/home/kanal-raspi5/ws_amr_robot/src/robot_bringup' returned '0': DEBUGINFOD_URLS=https://debuginfod.ubuntu.com NX_CONNECTION=100.78.101.29 62747 100.82.208.104 4000 PYTHONPATH=/home/kanal-raspi5/ws_amr_robot/build/robot_bringup/prefix_override:/usr/lib/python3/dist-packages/colcon_core/task/python/colcon_distutils_commands:/home/kanal-raspi5/ws_amr_robot/install/robot_bringup/lib/python3.12/site-packages:${PYTHONPATH} /usr/bin/python3 -W ignore:setup.py install is deprecated -W ignore:easy_install command is deprecated setup.py egg_info --egg-base ../../build/robot_bringup build --build-base /home/kanal-raspi5/ws_amr_robot/build/robot_bringup/build install --record /home/kanal-raspi5/ws_amr_robot/build/robot_bringup/install.log --single-version-externally-managed install_data --force
