[1.476s] Invoking command in '/home/kanal-raspi5/ws_amr_robot/build/robot_bringup': DEBUGINFOD_URLS=https://debuginfod.ubuntu.com NX_CONNECTION=100.78.101.29 56163 100.82.208.104 4000 PYTHONPATH=/home/kanal-raspi5/ws_amr_robot/build/robot_bringup/prefix_override:/usr/lib/python3/dist-packages/colcon_core/task/python/colcon_distutils_commands:/home/kanal-raspi5/ws_amr_robot/install/robot_bringup/lib/python3.12/site-packages:${PYTHONPATH} /usr/bin/python3 -W ignore:setup.py install is deprecated -W ignore:easy_install command is deprecated setup.py develop --editable --build-directory /home/kanal-raspi5/ws_amr_robot/build/robot_bringup/build --no-deps symlink_data
[1.966s] running develop
[2.247s] running egg_info
[2.247s] creating robot_bringup.egg-info
[2.270s] writing robot_bringup.egg-info/PKG-INFO
[2.271s] writing dependency_links to robot_bringup.egg-info/dependency_links.txt
[2.271s] writing entry points to robot_bringup.egg-info/entry_points.txt
[2.271s] writing requirements to robot_bringup.egg-info/requires.txt
[2.271s] writing top-level names to robot_bringup.egg-info/top_level.txt
[2.271s] writing manifest file 'robot_bringup.egg-info/SOURCES.txt'
[2.328s] reading manifest file 'robot_bringup.egg-info/SOURCES.txt'
[2.329s] writing manifest file 'robot_bringup.egg-info/SOURCES.txt'
[2.355s] running build_ext
[2.355s] Creating /home/kanal-raspi5/ws_amr_robot/install/robot_bringup/lib/python3.12/site-packages/robot-bringup.egg-link (link to .)
[2.356s] Installing odometry_node script to /home/kanal-raspi5/ws_amr_robot/install/robot_bringup/lib/robot_bringup
[2.356s] Installing stm32_bridge script to /home/kanal-raspi5/ws_amr_robot/install/robot_bringup/lib/robot_bringup
[2.357s] 
[2.357s] Installed /home/kanal-raspi5/ws_amr_robot/build/robot_bringup
[2.357s] running symlink_data
[2.357s] creating /home/kanal-raspi5/ws_amr_robot/install/robot_bringup/share/ament_index
[2.357s] creating /home/kanal-raspi5/ws_amr_robot/install/robot_bringup/share/ament_index/resource_index
[2.357s] creating /home/kanal-raspi5/ws_amr_robot/install/robot_bringup/share/ament_index/resource_index/packages
[2.358s] symbolically linking /home/kanal-raspi5/ws_amr_robot/build/robot_bringup/resource/robot_bringup -> /home/kanal-raspi5/ws_amr_robot/install/robot_bringup/share/ament_index/resource_index/packages
[2.358s] symbolically linking /home/kanal-raspi5/ws_amr_robot/build/robot_bringup/package.xml -> /home/kanal-raspi5/ws_amr_robot/install/robot_bringup/share/robot_bringup
[2.358s] creating /home/kanal-raspi5/ws_amr_robot/install/robot_bringup/share/robot_bringup/launch
[2.358s] symbolically linking /home/kanal-raspi5/ws_amr_robot/build/robot_bringup/launch/robot_bringup.launch.py -> /home/kanal-raspi5/ws_amr_robot/install/robot_bringup/share/robot_bringup/launch
[2.475s] Invoked command in '/home/kanal-raspi5/ws_amr_robot/build/robot_bringup' returned '0': DEBUGINFOD_URLS=https://debuginfod.ubuntu.com NX_CONNECTION=100.78.101.29 56163 100.82.208.104 4000 PYTHONPATH=/home/kanal-raspi5/ws_amr_robot/build/robot_bringup/prefix_override:/usr/lib/python3/dist-packages/colcon_core/task/python/colcon_distutils_commands:/home/kanal-raspi5/ws_amr_robot/install/robot_bringup/lib/python3.12/site-packages:${PYTHONPATH} /usr/bin/python3 -W ignore:setup.py install is deprecated -W ignore:easy_install command is deprecated setup.py develop --editable --build-directory /home/kanal-raspi5/ws_amr_robot/build/robot_bringup/build --no-deps symlink_data
