[1.627s] Invoking command in '/home/kanal-raspi5/ws_amr_robot/build/robot_bringup': DEBUGINFOD_URLS=https://debuginfod.ubuntu.com NX_CONNECTION=100.78.101.29 60729 100.82.208.104 4000 PYTHONPATH=/home/kanal-raspi5/ws_amr_robot/build/robot_bringup/prefix_override:/usr/lib/python3/dist-packages/colcon_core/task/python/colcon_distutils_commands:/home/kanal-raspi5/ws_amr_robot/install/robot_bringup/lib/python3.12/site-packages:${PYTHONPATH} /usr/bin/python3 -W ignore:setup.py install is deprecated -W ignore:easy_install command is deprecated setup.py develop --uninstall --editable --build-directory /home/kanal-raspi5/ws_amr_robot/build/robot_bringup/build
[2.139s] running develop
[2.423s] Removing /home/kanal-raspi5/ws_amr_robot/install/robot_bringup/lib/python3.12/site-packages/robot-bringup.egg-link (link to .)
[2.523s] Invoked command in '/home/kanal-raspi5/ws_amr_robot/build/robot_bringup' returned '0': DEBUGINFOD_URLS=https://debuginfod.ubuntu.com NX_CONNECTION=100.78.101.29 60729 100.82.208.104 4000 PYTHONPATH=/home/kanal-raspi5/ws_amr_robot/build/robot_bringup/prefix_override:/usr/lib/python3/dist-packages/colcon_core/task/python/colcon_distutils_commands:/home/kanal-raspi5/ws_amr_robot/install/robot_bringup/lib/python3.12/site-packages:${PYTHONPATH} /usr/bin/python3 -W ignore:setup.py install is deprecated -W ignore:easy_install command is deprecated setup.py develop --uninstall --editable --build-directory /home/kanal-raspi5/ws_amr_robot/build/robot_bringup/build
[2.527s] Invoking command in '/home/kanal-raspi5/ws_amr_robot/src/robot_bringup': DEBUGINFOD_URLS=https://debuginfod.ubuntu.com NX_CONNECTION=100.78.101.29 60729 100.82.208.104 4000 PYTHONPATH=/home/kanal-raspi5/ws_amr_robot/build/robot_bringup/prefix_override:/usr/lib/python3/dist-packages/colcon_core/task/python/colcon_distutils_commands:/home/kanal-raspi5/ws_amr_robot/install/robot_bringup/lib/python3.12/site-packages:${PYTHONPATH} /usr/bin/python3 -W ignore:setup.py install is deprecated -W ignore:easy_install command is deprecated setup.py egg_info --egg-base ../../build/robot_bringup build --build-base /home/kanal-raspi5/ws_amr_robot/build/robot_bringup/build install --record /home/kanal-raspi5/ws_amr_robot/build/robot_bringup/install.log --single-version-externally-managed install_data --force
[2.909s] running egg_info
[2.937s] writing ../../build/robot_bringup/robot_bringup.egg-info/PKG-INFO
[2.938s] writing dependency_links to ../../build/robot_bringup/robot_bringup.egg-info/dependency_links.txt
[2.938s] writing entry points to ../../build/robot_bringup/robot_bringup.egg-info/entry_points.txt
[2.938s] writing requirements to ../../build/robot_bringup/robot_bringup.egg-info/requires.txt
[2.938s] writing top-level names to ../../build/robot_bringup/robot_bringup.egg-info/top_level.txt
[2.987s] reading manifest file '../../build/robot_bringup/robot_bringup.egg-info/SOURCES.txt'
[2.988s] writing manifest file '../../build/robot_bringup/robot_bringup.egg-info/SOURCES.txt'
[2.988s] running build
[2.989s] running build_py
[2.990s] copying robot_bringup/odometry_node.py -> /home/kanal-raspi5/ws_amr_robot/build/robot_bringup/build/lib/robot_bringup
[2.990s] copying robot_bringup/laser_restamper.py -> /home/kanal-raspi5/ws_amr_robot/build/robot_bringup/build/lib/robot_bringup
[2.990s] running install
[3.000s] running install_lib
[3.031s] creating /home/kanal-raspi5/ws_amr_robot/install/robot_bringup/lib/python3.12/site-packages/robot_bringup
[3.031s] copying /home/kanal-raspi5/ws_amr_robot/build/robot_bringup/build/lib/robot_bringup/stm32_bridge.py -> /home/kanal-raspi5/ws_amr_robot/install/robot_bringup/lib/python3.12/site-packages/robot_bringup
[3.031s] copying /home/kanal-raspi5/ws_amr_robot/build/robot_bringup/build/lib/robot_bringup/odometry_node.py -> /home/kanal-raspi5/ws_amr_robot/install/robot_bringup/lib/python3.12/site-packages/robot_bringup
[3.032s] copying /home/kanal-raspi5/ws_amr_robot/build/robot_bringup/build/lib/robot_bringup/laser_restamper.py -> /home/kanal-raspi5/ws_amr_robot/install/robot_bringup/lib/python3.12/site-packages/robot_bringup
[3.032s] copying /home/kanal-raspi5/ws_amr_robot/build/robot_bringup/build/lib/robot_bringup/__init__.py -> /home/kanal-raspi5/ws_amr_robot/install/robot_bringup/lib/python3.12/site-packages/robot_bringup
[3.033s] byte-compiling /home/kanal-raspi5/ws_amr_robot/install/robot_bringup/lib/python3.12/site-packages/robot_bringup/stm32_bridge.py to stm32_bridge.cpython-312.pyc
[3.034s] byte-compiling /home/kanal-raspi5/ws_amr_robot/install/robot_bringup/lib/python3.12/site-packages/robot_bringup/odometry_node.py to odometry_node.cpython-312.pyc
[3.036s] byte-compiling /home/kanal-raspi5/ws_amr_robot/install/robot_bringup/lib/python3.12/site-packages/robot_bringup/laser_restamper.py to laser_restamper.cpython-312.pyc
[3.036s] byte-compiling /home/kanal-raspi5/ws_amr_robot/install/robot_bringup/lib/python3.12/site-packages/robot_bringup/__init__.py to __init__.cpython-312.pyc
[3.036s] running install_data
[3.037s] copying resource/robot_bringup -> /home/kanal-raspi5/ws_amr_robot/install/robot_bringup/share/ament_index/resource_index/packages
[3.037s] copying package.xml -> /home/kanal-raspi5/ws_amr_robot/install/robot_bringup/share/robot_bringup
[3.037s] copying launch/robot_bringup.launch.py -> /home/kanal-raspi5/ws_amr_robot/install/robot_bringup/share/robot_bringup/launch
[3.037s] copying rviz/default.rviz -> /home/kanal-raspi5/ws_amr_robot/install/robot_bringup/share/robot_bringup/rviz
[3.037s] copying config/mapper_params_online_async.yaml -> /home/kanal-raspi5/ws_amr_robot/install/robot_bringup/share/robot_bringup/config
[3.038s] running install_egg_info
[3.064s] Copying ../../build/robot_bringup/robot_bringup.egg-info to /home/kanal-raspi5/ws_amr_robot/install/robot_bringup/lib/python3.12/site-packages/robot_bringup-0.0.0-py3.12.egg-info
[3.065s] running install_scripts
[3.257s] Installing laser_restamper script to /home/kanal-raspi5/ws_amr_robot/install/robot_bringup/lib/robot_bringup
[3.257s] Installing odometry_node script to /home/kanal-raspi5/ws_amr_robot/install/robot_bringup/lib/robot_bringup
[3.257s] Installing stm32_bridge script to /home/kanal-raspi5/ws_amr_robot/install/robot_bringup/lib/robot_bringup
[3.258s] writing list of installed files to '/home/kanal-raspi5/ws_amr_robot/build/robot_bringup/install.log'
[3.346s] Invoked command in '/home/kanal-raspi5/ws_amr_robot/src/robot_bringup' returned '0': DEBUGINFOD_URLS=https://debuginfod.ubuntu.com NX_CONNECTION=100.78.101.29 60729 100.82.208.104 4000 PYTHONPATH=/home/kanal-raspi5/ws_amr_robot/build/robot_bringup/prefix_override:/usr/lib/python3/dist-packages/colcon_core/task/python/colcon_distutils_commands:/home/kanal-raspi5/ws_amr_robot/install/robot_bringup/lib/python3.12/site-packages:${PYTHONPATH} /usr/bin/python3 -W ignore:setup.py install is deprecated -W ignore:easy_install command is deprecated setup.py egg_info --egg-base ../../build/robot_bringup build --build-base /home/kanal-raspi5/ws_amr_robot/build/robot_bringup/build install --record /home/kanal-raspi5/ws_amr_robot/build/robot_bringup/install.log --single-version-externally-managed install_data --force
