[0.135s] DEBUG:colcon:Command line arguments: ['/usr/bin/colcon', 'build', '--symlink-install']
[0.136s] DEBUG:colcon:Parsed command line arguments: Namespace(log_base=None, log_level=None, verb_name='build', build_base='build', install_base='install', merge_install=False, symlink_install=True, test_result_base=None, continue_on_error=False, executor='parallel', parallel_workers=4, event_handlers=None, ignore_user_meta=False, metas=['./colcon.meta'], base_paths=['.'], packages_ignore=None, packages_ignore_regex=None, paths=None, packages_up_to=None, packages_up_to_regex=None, packages_above=None, packages_above_and_dependencies=None, packages_above_depth=None, packages_select_by_dep=None, packages_skip_by_dep=None, packages_skip_up_to=None, packages_select_build_failed=False, packages_skip_build_finished=False, packages_select_test_failures=False, packages_skip_test_passed=False, packages_select=None, packages_skip=None, packages_select_regex=None, packages_skip_regex=None, packages_start=None, packages_end=None, cmake_args=None, cmake_target=None, cmake_target_skip_unavailable=False, cmake_clean_cache=False, cmake_clean_first=False, cmake_force_configure=False, ament_cmake_args=None, catkin_cmake_args=None, catkin_skip_building_tests=False, verb_parser=<colcon_defaults.argument_parser.defaults.DefaultArgumentsDecorator object at 0xffff97fb1100>, verb_extension=<colcon_core.verb.build.BuildVerb object at 0xffff98195820>, main=<bound method BuildVerb.main of <colcon_core.verb.build.BuildVerb object at 0xffff98195820>>)
[0.211s] Level 1:colcon.colcon_core.package_discovery:discover_packages(colcon_meta) check parameters
[0.211s] Level 1:colcon.colcon_core.package_discovery:discover_packages(recursive) check parameters
[0.211s] Level 1:colcon.colcon_core.package_discovery:discover_packages(ignore) check parameters
[0.211s] Level 1:colcon.colcon_core.package_discovery:discover_packages(path) check parameters
[0.211s] Level 1:colcon.colcon_core.package_discovery:discover_packages(colcon_meta) discover
[0.211s] Level 1:colcon.colcon_core.package_discovery:discover_packages(recursive) discover
[0.211s] INFO:colcon.colcon_core.package_discovery:Crawling recursively for packages in '/home/kanal-raspi5/ws_amr_robot'
[0.211s] Level 1:colcon.colcon_core.package_identification:_identify(.) by extensions ['ignore', 'ignore_ament_install']
[0.212s] Level 1:colcon.colcon_core.package_identification:_identify(.) by extension 'ignore'
[0.212s] Level 1:colcon.colcon_core.package_identification:_identify(.) by extension 'ignore_ament_install'
[0.212s] Level 1:colcon.colcon_core.package_identification:_identify(.) by extensions ['colcon_pkg']
[0.212s] Level 1:colcon.colcon_core.package_identification:_identify(.) by extension 'colcon_pkg'
[0.212s] Level 1:colcon.colcon_core.package_identification:_identify(.) by extensions ['colcon_meta']
[0.212s] Level 1:colcon.colcon_core.package_identification:_identify(.) by extension 'colcon_meta'
[0.212s] Level 1:colcon.colcon_core.package_identification:_identify(.) by extensions ['ros']
[0.212s] Level 1:colcon.colcon_core.package_identification:_identify(.) by extension 'ros'
[0.248s] Level 1:colcon.colcon_core.package_identification:_identify(.) by extensions ['cmake', 'python']
[0.248s] Level 1:colcon.colcon_core.package_identification:_identify(.) by extension 'cmake'
[0.248s] Level 1:colcon.colcon_core.package_identification:_identify(.) by extension 'python'
[0.248s] Level 1:colcon.colcon_core.package_identification:_identify(.) by extensions ['python_setup_py']
[0.248s] Level 1:colcon.colcon_core.package_identification:_identify(.) by extension 'python_setup_py'
[0.249s] Level 1:colcon.colcon_core.package_identification:_identify(build) by extensions ['ignore', 'ignore_ament_install']
[0.249s] Level 1:colcon.colcon_core.package_identification:_identify(build) by extension 'ignore'
[0.249s] Level 1:colcon.colcon_core.package_identification:_identify(build) ignored
[0.249s] Level 1:colcon.colcon_core.package_identification:_identify(install) by extensions ['ignore', 'ignore_ament_install']
[0.249s] Level 1:colcon.colcon_core.package_identification:_identify(install) by extension 'ignore'
[0.249s] Level 1:colcon.colcon_core.package_identification:_identify(install) ignored
[0.249s] Level 1:colcon.colcon_core.package_identification:_identify(log) by extensions ['ignore', 'ignore_ament_install']
[0.249s] Level 1:colcon.colcon_core.package_identification:_identify(log) by extension 'ignore'
[0.249s] Level 1:colcon.colcon_core.package_identification:_identify(log) ignored
[0.249s] Level 1:colcon.colcon_core.package_identification:_identify(src) by extensions ['ignore', 'ignore_ament_install']
[0.250s] Level 1:colcon.colcon_core.package_identification:_identify(src) by extension 'ignore'
[0.250s] Level 1:colcon.colcon_core.package_identification:_identify(src) by extension 'ignore_ament_install'
[0.250s] Level 1:colcon.colcon_core.package_identification:_identify(src) by extensions ['colcon_pkg']
[0.250s] Level 1:colcon.colcon_core.package_identification:_identify(src) by extension 'colcon_pkg'
[0.250s] Level 1:colcon.colcon_core.package_identification:_identify(src) by extensions ['colcon_meta']
[0.250s] Level 1:colcon.colcon_core.package_identification:_identify(src) by extension 'colcon_meta'
[0.250s] Level 1:colcon.colcon_core.package_identification:_identify(src) by extensions ['ros']
[0.250s] Level 1:colcon.colcon_core.package_identification:_identify(src) by extension 'ros'
[0.250s] Level 1:colcon.colcon_core.package_identification:_identify(src) by extensions ['cmake', 'python']
[0.250s] Level 1:colcon.colcon_core.package_identification:_identify(src) by extension 'cmake'
[0.250s] Level 1:colcon.colcon_core.package_identification:_identify(src) by extension 'python'
[0.250s] Level 1:colcon.colcon_core.package_identification:_identify(src) by extensions ['python_setup_py']
[0.250s] Level 1:colcon.colcon_core.package_identification:_identify(src) by extension 'python_setup_py'
[0.250s] Level 1:colcon.colcon_core.package_identification:_identify(src/robot_bringup) by extensions ['ignore', 'ignore_ament_install']
[0.250s] Level 1:colcon.colcon_core.package_identification:_identify(src/robot_bringup) by extension 'ignore'
[0.250s] Level 1:colcon.colcon_core.package_identification:_identify(src/robot_bringup) by extension 'ignore_ament_install'
[0.250s] Level 1:colcon.colcon_core.package_identification:_identify(src/robot_bringup) by extensions ['colcon_pkg']
[0.250s] Level 1:colcon.colcon_core.package_identification:_identify(src/robot_bringup) by extension 'colcon_pkg'
[0.250s] Level 1:colcon.colcon_core.package_identification:_identify(src/robot_bringup) by extensions ['colcon_meta']
[0.250s] Level 1:colcon.colcon_core.package_identification:_identify(src/robot_bringup) by extension 'colcon_meta'
[0.250s] Level 1:colcon.colcon_core.package_identification:_identify(src/robot_bringup) by extensions ['ros']
[0.251s] Level 1:colcon.colcon_core.package_identification:_identify(src/robot_bringup) by extension 'ros'
[0.254s] DEBUG:colcon.colcon_core.package_identification:Package 'src/robot_bringup' with type 'ros.ament_python' and name 'robot_bringup'
[0.254s] Level 1:colcon.colcon_core.package_identification:_identify(src/sllidar_ros2) by extensions ['ignore', 'ignore_ament_install']
[0.254s] Level 1:colcon.colcon_core.package_identification:_identify(src/sllidar_ros2) by extension 'ignore'
[0.254s] Level 1:colcon.colcon_core.package_identification:_identify(src/sllidar_ros2) by extension 'ignore_ament_install'
[0.254s] Level 1:colcon.colcon_core.package_identification:_identify(src/sllidar_ros2) by extensions ['colcon_pkg']
[0.254s] Level 1:colcon.colcon_core.package_identification:_identify(src/sllidar_ros2) by extension 'colcon_pkg'
[0.255s] Level 1:colcon.colcon_core.package_identification:_identify(src/sllidar_ros2) by extensions ['colcon_meta']
[0.255s] Level 1:colcon.colcon_core.package_identification:_identify(src/sllidar_ros2) by extension 'colcon_meta'
[0.255s] Level 1:colcon.colcon_core.package_identification:_identify(src/sllidar_ros2) by extensions ['ros']
[0.255s] Level 1:colcon.colcon_core.package_identification:_identify(src/sllidar_ros2) by extension 'ros'
[0.255s] DEBUG:colcon.colcon_core.package_identification:Package 'src/sllidar_ros2' with type 'ros.ament_cmake' and name 'sllidar_ros2'
[0.255s] Level 1:colcon.colcon_core.package_discovery:discover_packages(recursive) using defaults
[0.256s] Level 1:colcon.colcon_core.package_discovery:discover_packages(ignore) discover
[0.256s] Level 1:colcon.colcon_core.package_discovery:discover_packages(ignore) using defaults
[0.256s] Level 1:colcon.colcon_core.package_discovery:discover_packages(path) discover
[0.256s] Level 1:colcon.colcon_core.package_discovery:discover_packages(path) using defaults
[0.282s] Level 5:colcon.colcon_core.verb:set package 'robot_bringup' build argument 'cmake_args' from command line to 'None'
[0.282s] Level 5:colcon.colcon_core.verb:set package 'robot_bringup' build argument 'cmake_target' from command line to 'None'
[0.282s] Level 5:colcon.colcon_core.verb:set package 'robot_bringup' build argument 'cmake_target_skip_unavailable' from command line to 'False'
[0.282s] Level 5:colcon.colcon_core.verb:set package 'robot_bringup' build argument 'cmake_clean_cache' from command line to 'False'
[0.282s] Level 5:colcon.colcon_core.verb:set package 'robot_bringup' build argument 'cmake_clean_first' from command line to 'False'
[0.282s] Level 5:colcon.colcon_core.verb:set package 'robot_bringup' build argument 'cmake_force_configure' from command line to 'False'
[0.282s] Level 5:colcon.colcon_core.verb:set package 'robot_bringup' build argument 'ament_cmake_args' from command line to 'None'
[0.282s] Level 5:colcon.colcon_core.verb:set package 'robot_bringup' build argument 'catkin_cmake_args' from command line to 'None'
[0.282s] Level 5:colcon.colcon_core.verb:set package 'robot_bringup' build argument 'catkin_skip_building_tests' from command line to 'False'
[0.282s] DEBUG:colcon.colcon_core.verb:Building package 'robot_bringup' with the following arguments: {'ament_cmake_args': None, 'build_base': '/home/kanal-raspi5/ws_amr_robot/build/robot_bringup', 'catkin_cmake_args': None, 'catkin_skip_building_tests': False, 'cmake_args': None, 'cmake_clean_cache': False, 'cmake_clean_first': False, 'cmake_force_configure': False, 'cmake_target': None, 'cmake_target_skip_unavailable': False, 'install_base': '/home/kanal-raspi5/ws_amr_robot/install/robot_bringup', 'merge_install': False, 'path': '/home/kanal-raspi5/ws_amr_robot/src/robot_bringup', 'symlink_install': True, 'test_result_base': None}
[0.282s] Level 5:colcon.colcon_core.verb:set package 'sllidar_ros2' build argument 'cmake_args' from command line to 'None'
[0.282s] Level 5:colcon.colcon_core.verb:set package 'sllidar_ros2' build argument 'cmake_target' from command line to 'None'
[0.282s] Level 5:colcon.colcon_core.verb:set package 'sllidar_ros2' build argument 'cmake_target_skip_unavailable' from command line to 'False'
[0.282s] Level 5:colcon.colcon_core.verb:set package 'sllidar_ros2' build argument 'cmake_clean_cache' from command line to 'False'
[0.282s] Level 5:colcon.colcon_core.verb:set package 'sllidar_ros2' build argument 'cmake_clean_first' from command line to 'False'
[0.282s] Level 5:colcon.colcon_core.verb:set package 'sllidar_ros2' build argument 'cmake_force_configure' from command line to 'False'
[0.283s] Level 5:colcon.colcon_core.verb:set package 'sllidar_ros2' build argument 'ament_cmake_args' from command line to 'None'
[0.283s] Level 5:colcon.colcon_core.verb:set package 'sllidar_ros2' build argument 'catkin_cmake_args' from command line to 'None'
[0.283s] Level 5:colcon.colcon_core.verb:set package 'sllidar_ros2' build argument 'catkin_skip_building_tests' from command line to 'False'
[0.283s] DEBUG:colcon.colcon_core.verb:Building package 'sllidar_ros2' with the following arguments: {'ament_cmake_args': None, 'build_base': '/home/kanal-raspi5/ws_amr_robot/build/sllidar_ros2', 'catkin_cmake_args': None, 'catkin_skip_building_tests': False, 'cmake_args': None, 'cmake_clean_cache': False, 'cmake_clean_first': False, 'cmake_force_configure': False, 'cmake_target': None, 'cmake_target_skip_unavailable': False, 'install_base': '/home/kanal-raspi5/ws_amr_robot/install/sllidar_ros2', 'merge_install': False, 'path': '/home/kanal-raspi5/ws_amr_robot/src/sllidar_ros2', 'symlink_install': True, 'test_result_base': None}
[0.283s] INFO:colcon.colcon_core.executor:Executing jobs using 'parallel' executor
[0.284s] DEBUG:colcon.colcon_parallel_executor.executor.parallel:run_until_complete
[0.285s] INFO:colcon.colcon_ros.task.ament_python.build:Building ROS package in '/home/kanal-raspi5/ws_amr_robot/src/robot_bringup' with build type 'ament_python'
[0.285s] Level 1:colcon.colcon_core.shell:create_environment_hook('robot_bringup', 'ament_prefix_path')
[0.288s] INFO:colcon.colcon_core.plugin_system:Skipping extension 'colcon_core.shell.bat': Not used on non-Windows systems
[0.289s] INFO:colcon.colcon_core.shell:Creating environment descriptor '/home/kanal-raspi5/ws_amr_robot/install/robot_bringup/share/robot_bringup/hook/ament_prefix_path.dsv'
[0.290s] INFO:colcon.colcon_core.shell:Creating environment hook '/home/kanal-raspi5/ws_amr_robot/install/robot_bringup/share/robot_bringup/hook/ament_prefix_path.sh'
[0.291s] DEBUG:colcon.colcon_core.shell:Skip shell extension 'dsv' for command environment
[0.292s] WARNING:colcon.colcon_ros.prefix_path.ament:The path '/home/kanal-raspi5/ws_amr_robot/install/sllidar_ros2' in the environment variable AMENT_PREFIX_PATH doesn't exist
[0.292s] WARNING:colcon.colcon_ros.prefix_path.catkin:The path '/home/kanal-raspi5/ws_amr_robot/install/sllidar_ros2' in the environment variable CMAKE_PREFIX_PATH doesn't exist
[0.296s] INFO:colcon.colcon_ros.task.ament_cmake.build:Building ROS package in '/home/kanal-raspi5/ws_amr_robot/src/sllidar_ros2' with build type 'ament_cmake'
[0.296s] INFO:colcon.colcon_cmake.task.cmake.build:Building CMake package in '/home/kanal-raspi5/ws_amr_robot/src/sllidar_ros2'
[0.297s] DEBUG:colcon.colcon_core.shell:Skip shell extension 'dsv' for command environment
[0.687s] INFO:colcon.colcon_core.task.python.build:Building Python package in '/home/kanal-raspi5/ws_amr_robot/src/robot_bringup'
[0.688s] DEBUG:colcon.colcon_core.shell:Skip shell extension 'dsv' for command environment
[0.696s] DEBUG:colcon.colcon_core.event_handler.log_command:Invoking command in '/home/kanal-raspi5/ws_amr_robot/build/sllidar_ros2': CMAKE_PREFIX_PATH=${CMAKE_PREFIX_PATH}:/home/kanal-raspi5/ws_amr_robot/install/robot_bringup:/opt/ros/jazzy DEBUGINFOD_URLS=https://debuginfod.ubuntu.com NX_CONNECTION=100.78.101.29 56163 100.82.208.104 4000 /usr/bin/cmake /home/kanal-raspi5/ws_amr_robot/src/sllidar_ros2 -DAMENT_CMAKE_SYMLINK_INSTALL=1 -DCMAKE_INSTALL_PREFIX=/home/kanal-raspi5/ws_amr_robot/install/sllidar_ros2
[1.761s] DEBUG:colcon.colcon_core.event_handler.log_command:Invoking command in '/home/kanal-raspi5/ws_amr_robot/build/robot_bringup': DEBUGINFOD_URLS=https://debuginfod.ubuntu.com NX_CONNECTION=100.78.101.29 56163 100.82.208.104 4000 PYTHONPATH=/home/kanal-raspi5/ws_amr_robot/build/robot_bringup/prefix_override:/usr/lib/python3/dist-packages/colcon_core/task/python/colcon_distutils_commands:/home/kanal-raspi5/ws_amr_robot/install/robot_bringup/lib/python3.12/site-packages:${PYTHONPATH} /usr/bin/python3 -W ignore:setup.py install is deprecated -W ignore:easy_install command is deprecated setup.py develop --editable --build-directory /home/kanal-raspi5/ws_amr_robot/build/robot_bringup/build --no-deps symlink_data
[2.759s] Level 1:colcon.colcon_core.shell:create_environment_hook('robot_bringup', 'pythonpath_develop')
[2.760s] INFO:colcon.colcon_core.shell:Creating environment descriptor '/home/kanal-raspi5/ws_amr_robot/build/robot_bringup/share/robot_bringup/hook/pythonpath_develop.dsv'
[2.760s] DEBUG:colcon.colcon_core.event_handler.log_command:Invoked command in '/home/kanal-raspi5/ws_amr_robot/build/robot_bringup' returned '0': DEBUGINFOD_URLS=https://debuginfod.ubuntu.com NX_CONNECTION=100.78.101.29 56163 100.82.208.104 4000 PYTHONPATH=/home/kanal-raspi5/ws_amr_robot/build/robot_bringup/prefix_override:/usr/lib/python3/dist-packages/colcon_core/task/python/colcon_distutils_commands:/home/kanal-raspi5/ws_amr_robot/install/robot_bringup/lib/python3.12/site-packages:${PYTHONPATH} /usr/bin/python3 -W ignore:setup.py install is deprecated -W ignore:easy_install command is deprecated setup.py develop --editable --build-directory /home/kanal-raspi5/ws_amr_robot/build/robot_bringup/build --no-deps symlink_data
[2.761s] INFO:colcon.colcon_core.shell:Creating environment hook '/home/kanal-raspi5/ws_amr_robot/build/robot_bringup/share/robot_bringup/hook/pythonpath_develop.sh'
[2.764s] Level 1:colcon.colcon_core.environment:checking '/home/kanal-raspi5/ws_amr_robot/install/robot_bringup' for CMake module files
[2.765s] Level 1:colcon.colcon_core.environment:checking '/home/kanal-raspi5/ws_amr_robot/install/robot_bringup' for CMake config files
[2.766s] Level 1:colcon.colcon_core.environment:checking '/home/kanal-raspi5/ws_amr_robot/install/robot_bringup/lib'
[2.766s] Level 1:colcon.colcon_core.environment:checking '/home/kanal-raspi5/ws_amr_robot/install/robot_bringup/bin'
[2.766s] Level 1:colcon.colcon_core.environment:checking '/home/kanal-raspi5/ws_amr_robot/install/robot_bringup/lib/pkgconfig/robot_bringup.pc'
[2.766s] Level 1:colcon.colcon_core.environment:checking '/home/kanal-raspi5/ws_amr_robot/install/robot_bringup/lib/python3.12/site-packages'
[2.767s] Level 1:colcon.colcon_core.shell:create_environment_hook('robot_bringup', 'pythonpath')
[2.767s] INFO:colcon.colcon_core.shell:Creating environment descriptor '/home/kanal-raspi5/ws_amr_robot/install/robot_bringup/share/robot_bringup/hook/pythonpath.dsv'
[2.767s] INFO:colcon.colcon_core.shell:Creating environment hook '/home/kanal-raspi5/ws_amr_robot/install/robot_bringup/share/robot_bringup/hook/pythonpath.sh'
[2.768s] Level 1:colcon.colcon_core.environment:checking '/home/kanal-raspi5/ws_amr_robot/install/robot_bringup/bin'
[2.768s] Level 1:colcon.colcon_core.environment:create_environment_scripts_only(robot_bringup)
[2.769s] INFO:colcon.colcon_core.shell:Creating package descriptor '/home/kanal-raspi5/ws_amr_robot/install/robot_bringup/share/robot_bringup/package.dsv'
[2.770s] INFO:colcon.colcon_core.shell:Creating package script '/home/kanal-raspi5/ws_amr_robot/install/robot_bringup/share/robot_bringup/package.sh'
[2.771s] INFO:colcon.colcon_core.shell:Creating package script '/home/kanal-raspi5/ws_amr_robot/install/robot_bringup/share/robot_bringup/package.bash'
[2.772s] INFO:colcon.colcon_core.shell:Creating package script '/home/kanal-raspi5/ws_amr_robot/install/robot_bringup/share/robot_bringup/package.zsh'
[2.773s] Level 1:colcon.colcon_core.environment:create_file_with_runtime_dependencies(/home/kanal-raspi5/ws_amr_robot/install/robot_bringup/share/colcon-core/packages/robot_bringup)
[2.891s] DEBUG:colcon.colcon_core.event_handler.log_command:Invoked command in '/home/kanal-raspi5/ws_amr_robot/build/sllidar_ros2' returned '0': CMAKE_PREFIX_PATH=${CMAKE_PREFIX_PATH}:/home/kanal-raspi5/ws_amr_robot/install/robot_bringup:/opt/ros/jazzy DEBUGINFOD_URLS=https://debuginfod.ubuntu.com NX_CONNECTION=100.78.101.29 56163 100.82.208.104 4000 /usr/bin/cmake /home/kanal-raspi5/ws_amr_robot/src/sllidar_ros2 -DAMENT_CMAKE_SYMLINK_INSTALL=1 -DCMAKE_INSTALL_PREFIX=/home/kanal-raspi5/ws_amr_robot/install/sllidar_ros2
[2.894s] DEBUG:colcon.colcon_core.event_handler.log_command:Invoking command in '/home/kanal-raspi5/ws_amr_robot/build/sllidar_ros2': CMAKE_PREFIX_PATH=${CMAKE_PREFIX_PATH}:/home/kanal-raspi5/ws_amr_robot/install/robot_bringup:/opt/ros/jazzy DEBUGINFOD_URLS=https://debuginfod.ubuntu.com NX_CONNECTION=100.78.101.29 56163 100.82.208.104 4000 /usr/bin/cmake --build /home/kanal-raspi5/ws_amr_robot/build/sllidar_ros2 -- -j4 -l4
[21.362s] DEBUG:colcon.colcon_core.event_handler.log_command:Invoked command in '/home/kanal-raspi5/ws_amr_robot/build/sllidar_ros2' returned '0': CMAKE_PREFIX_PATH=${CMAKE_PREFIX_PATH}:/home/kanal-raspi5/ws_amr_robot/install/robot_bringup:/opt/ros/jazzy DEBUGINFOD_URLS=https://debuginfod.ubuntu.com NX_CONNECTION=100.78.101.29 56163 100.82.208.104 4000 /usr/bin/cmake --build /home/kanal-raspi5/ws_amr_robot/build/sllidar_ros2 -- -j4 -l4
[21.380s] DEBUG:colcon.colcon_core.event_handler.log_command:Invoking command in '/home/kanal-raspi5/ws_amr_robot/build/sllidar_ros2': CMAKE_PREFIX_PATH=${CMAKE_PREFIX_PATH}:/home/kanal-raspi5/ws_amr_robot/install/robot_bringup:/opt/ros/jazzy DEBUGINFOD_URLS=https://debuginfod.ubuntu.com NX_CONNECTION=100.78.101.29 56163 100.82.208.104 4000 /usr/bin/cmake --install /home/kanal-raspi5/ws_amr_robot/build/sllidar_ros2
[22.214s] Level 1:colcon.colcon_core.environment:create_environment_scripts_only(sllidar_ros2)
[22.214s] Level 1:colcon.colcon_core.environment:checking '/home/kanal-raspi5/ws_amr_robot/install/sllidar_ros2' for CMake module files
[22.215s] DEBUG:colcon.colcon_core.event_handler.log_command:Invoked command in '/home/kanal-raspi5/ws_amr_robot/build/sllidar_ros2' returned '0': CMAKE_PREFIX_PATH=${CMAKE_PREFIX_PATH}:/home/kanal-raspi5/ws_amr_robot/install/robot_bringup:/opt/ros/jazzy DEBUGINFOD_URLS=https://debuginfod.ubuntu.com NX_CONNECTION=100.78.101.29 56163 100.82.208.104 4000 /usr/bin/cmake --install /home/kanal-raspi5/ws_amr_robot/build/sllidar_ros2
[22.216s] Level 1:colcon.colcon_core.environment:checking '/home/kanal-raspi5/ws_amr_robot/install/sllidar_ros2' for CMake config files
[22.216s] Level 1:colcon.colcon_core.shell:create_environment_hook('sllidar_ros2', 'cmake_prefix_path')
[22.216s] INFO:colcon.colcon_core.shell:Creating environment descriptor '/home/kanal-raspi5/ws_amr_robot/install/sllidar_ros2/share/sllidar_ros2/hook/cmake_prefix_path.dsv'
[22.217s] INFO:colcon.colcon_core.shell:Creating environment hook '/home/kanal-raspi5/ws_amr_robot/install/sllidar_ros2/share/sllidar_ros2/hook/cmake_prefix_path.sh'
[22.218s] Level 1:colcon.colcon_core.environment:checking '/home/kanal-raspi5/ws_amr_robot/install/sllidar_ros2/lib'
[22.218s] Level 1:colcon.colcon_core.environment:checking '/home/kanal-raspi5/ws_amr_robot/install/sllidar_ros2/bin'
[22.218s] Level 1:colcon.colcon_core.environment:checking '/home/kanal-raspi5/ws_amr_robot/install/sllidar_ros2/lib/pkgconfig/sllidar_ros2.pc'
[22.218s] Level 1:colcon.colcon_core.environment:checking '/home/kanal-raspi5/ws_amr_robot/install/sllidar_ros2/lib/python3.12/site-packages'
[22.219s] Level 1:colcon.colcon_core.environment:checking '/home/kanal-raspi5/ws_amr_robot/install/sllidar_ros2/bin'
[22.219s] INFO:colcon.colcon_core.shell:Creating package descriptor '/home/kanal-raspi5/ws_amr_robot/install/sllidar_ros2/share/sllidar_ros2/package.dsv'
[22.219s] INFO:colcon.colcon_core.shell:Creating package script '/home/kanal-raspi5/ws_amr_robot/install/sllidar_ros2/share/sllidar_ros2/package.sh'
[22.220s] INFO:colcon.colcon_core.shell:Creating package script '/home/kanal-raspi5/ws_amr_robot/install/sllidar_ros2/share/sllidar_ros2/package.bash'
[22.220s] INFO:colcon.colcon_core.shell:Creating package script '/home/kanal-raspi5/ws_amr_robot/install/sllidar_ros2/share/sllidar_ros2/package.zsh'
[22.220s] Level 1:colcon.colcon_core.environment:create_file_with_runtime_dependencies(/home/kanal-raspi5/ws_amr_robot/install/sllidar_ros2/share/colcon-core/packages/sllidar_ros2)
[22.224s] Level 1:colcon.colcon_core.environment:create_environment_scripts_only(sllidar_ros2)
[22.225s] Level 1:colcon.colcon_core.environment:checking '/home/kanal-raspi5/ws_amr_robot/install/sllidar_ros2' for CMake module files
[22.227s] Level 1:colcon.colcon_core.environment:checking '/home/kanal-raspi5/ws_amr_robot/install/sllidar_ros2' for CMake config files
[22.228s] Level 1:colcon.colcon_core.shell:create_environment_hook('sllidar_ros2', 'cmake_prefix_path')
[22.228s] INFO:colcon.colcon_core.shell:Creating environment descriptor '/home/kanal-raspi5/ws_amr_robot/install/sllidar_ros2/share/sllidar_ros2/hook/cmake_prefix_path.dsv'
[22.229s] INFO:colcon.colcon_core.shell:Creating environment hook '/home/kanal-raspi5/ws_amr_robot/install/sllidar_ros2/share/sllidar_ros2/hook/cmake_prefix_path.sh'
[22.230s] Level 1:colcon.colcon_core.environment:checking '/home/kanal-raspi5/ws_amr_robot/install/sllidar_ros2/lib'
[22.230s] Level 1:colcon.colcon_core.environment:checking '/home/kanal-raspi5/ws_amr_robot/install/sllidar_ros2/bin'
[22.230s] Level 1:colcon.colcon_core.environment:checking '/home/kanal-raspi5/ws_amr_robot/install/sllidar_ros2/lib/pkgconfig/sllidar_ros2.pc'
[22.231s] Level 1:colcon.colcon_core.environment:checking '/home/kanal-raspi5/ws_amr_robot/install/sllidar_ros2/lib/python3.12/site-packages'
[22.231s] Level 1:colcon.colcon_core.environment:checking '/home/kanal-raspi5/ws_amr_robot/install/sllidar_ros2/bin'
[22.231s] INFO:colcon.colcon_core.shell:Creating package descriptor '/home/kanal-raspi5/ws_amr_robot/install/sllidar_ros2/share/sllidar_ros2/package.dsv'
[22.232s] INFO:colcon.colcon_core.shell:Creating package script '/home/kanal-raspi5/ws_amr_robot/install/sllidar_ros2/share/sllidar_ros2/package.sh'
[22.232s] INFO:colcon.colcon_core.shell:Creating package script '/home/kanal-raspi5/ws_amr_robot/install/sllidar_ros2/share/sllidar_ros2/package.bash'
[22.233s] INFO:colcon.colcon_core.shell:Creating package script '/home/kanal-raspi5/ws_amr_robot/install/sllidar_ros2/share/sllidar_ros2/package.zsh'
[22.233s] Level 1:colcon.colcon_core.environment:create_file_with_runtime_dependencies(/home/kanal-raspi5/ws_amr_robot/install/sllidar_ros2/share/colcon-core/packages/sllidar_ros2)
[22.234s] DEBUG:colcon.colcon_parallel_executor.executor.parallel:closing loop
[22.235s] DEBUG:colcon.colcon_parallel_executor.executor.parallel:loop closed
[22.235s] DEBUG:colcon.colcon_parallel_executor.executor.parallel:run_until_complete finished with '0'
[22.235s] DEBUG:colcon.colcon_core.event_reactor:joining thread
[22.256s] INFO:colcon.colcon_core.plugin_system:Skipping extension 'colcon_notification.desktop_notification.terminal_notifier': Not used on non-Darwin systems
[22.256s] INFO:colcon.colcon_core.plugin_system:Skipping extension 'colcon_notification.desktop_notification.win32': Not used on non-Windows systems
[22.256s] INFO:colcon.colcon_notification.desktop_notification:Sending desktop notification using 'notify2'
[22.271s] DEBUG:colcon.colcon_core.event_reactor:joined thread
[22.272s] INFO:colcon.colcon_core.shell:Creating prefix script '/home/kanal-raspi5/ws_amr_robot/install/local_setup.sh'
[22.276s] INFO:colcon.colcon_core.shell:Creating prefix util module '/home/kanal-raspi5/ws_amr_robot/install/_local_setup_util_sh.py'
[22.278s] INFO:colcon.colcon_core.shell:Creating prefix chain script '/home/kanal-raspi5/ws_amr_robot/install/setup.sh'
[22.281s] INFO:colcon.colcon_core.shell:Creating prefix script '/home/kanal-raspi5/ws_amr_robot/install/local_setup.bash'
[22.282s] INFO:colcon.colcon_core.shell:Creating prefix chain script '/home/kanal-raspi5/ws_amr_robot/install/setup.bash'
[22.284s] INFO:colcon.colcon_core.shell:Creating prefix script '/home/kanal-raspi5/ws_amr_robot/install/local_setup.zsh'
[22.285s] INFO:colcon.colcon_core.shell:Creating prefix chain script '/home/kanal-raspi5/ws_amr_robot/install/setup.zsh'
