[1.531s] Invoking command in '/home/kanal-raspi5/ws_amr_robot/build/robot_bringup': DEBUGINFOD_URLS=https://debuginfod.ubuntu.com NX_CONNECTION=100.78.101.29 59274 100.82.208.104 4000 PYTHONPATH=/home/kanal-raspi5/ws_amr_robot/build/robot_bringup/prefix_override:/usr/lib/python3/dist-packages/colcon_core/task/python/colcon_distutils_commands:/home/kanal-raspi5/ws_amr_robot/install/robot_bringup/lib/python3.12/site-packages:${PYTHONPATH} /usr/bin/python3 -W ignore:setup.py install is deprecated -W ignore:easy_install command is deprecated setup.py develop --editable --build-directory /home/kanal-raspi5/ws_amr_robot/build/robot_bringup/build --no-deps symlink_data --force
[2.114s] running develop
[2.389s] running egg_info
[2.417s] writing robot_bringup.egg-info/PKG-INFO
[2.418s] writing dependency_links to robot_bringup.egg-info/dependency_links.txt
[2.418s] writing entry points to robot_bringup.egg-info/entry_points.txt
[2.418s] writing requirements to robot_bringup.egg-info/requires.txt
[2.418s] writing top-level names to robot_bringup.egg-info/top_level.txt
[2.472s] reading manifest file 'robot_bringup.egg-info/SOURCES.txt'
[2.473s] writing manifest file 'robot_bringup.egg-info/SOURCES.txt'
[2.497s] running build_ext
[2.498s] Creating /home/kanal-raspi5/ws_amr_robot/install/robot_bringup/lib/python3.12/site-packages/robot-bringup.egg-link (link to .)
[2.498s] Installing odometry_node script to /home/kanal-raspi5/ws_amr_robot/install/robot_bringup/lib/robot_bringup
[2.499s] Installing stm32_bridge script to /home/kanal-raspi5/ws_amr_robot/install/robot_bringup/lib/robot_bringup
[2.499s] 
[2.499s] Installed /home/kanal-raspi5/ws_amr_robot/build/robot_bringup
[2.499s] running symlink_data
[2.499s] symbolically linking /home/kanal-raspi5/ws_amr_robot/build/robot_bringup/resource/robot_bringup -> /home/kanal-raspi5/ws_amr_robot/install/robot_bringup/share/ament_index/resource_index/packages
[2.499s] symbolically linking /home/kanal-raspi5/ws_amr_robot/build/robot_bringup/package.xml -> /home/kanal-raspi5/ws_amr_robot/install/robot_bringup/share/robot_bringup
[2.500s] symbolically linking /home/kanal-raspi5/ws_amr_robot/build/robot_bringup/launch/robot_bringup.launch.py -> /home/kanal-raspi5/ws_amr_robot/install/robot_bringup/share/robot_bringup/launch
[2.500s] symbolically linking /home/kanal-raspi5/ws_amr_robot/build/robot_bringup/resource/robot_bringup -> /home/kanal-raspi5/ws_amr_robot/install/robot_bringup/share/ament_index/resource_index/packages
[2.500s] symbolically linking /home/kanal-raspi5/ws_amr_robot/build/robot_bringup/package.xml -> /home/kanal-raspi5/ws_amr_robot/install/robot_bringup/share/robot_bringup
[2.500s] symbolically linking /home/kanal-raspi5/ws_amr_robot/build/robot_bringup/launch/robot_bringup.launch.py -> /home/kanal-raspi5/ws_amr_robot/install/robot_bringup/share/robot_bringup/launch
[2.500s] symbolically linking /home/kanal-raspi5/ws_amr_robot/build/robot_bringup/rviz/default.rviz -> /home/kanal-raspi5/ws_amr_robot/install/robot_bringup/share/robot_bringup/rviz
[2.608s] Invoked command in '/home/kanal-raspi5/ws_amr_robot/build/robot_bringup' returned '0': DEBUGINFOD_URLS=https://debuginfod.ubuntu.com NX_CONNECTION=100.78.101.29 59274 100.82.208.104 4000 PYTHONPATH=/home/kanal-raspi5/ws_amr_robot/build/robot_bringup/prefix_override:/usr/lib/python3/dist-packages/colcon_core/task/python/colcon_distutils_commands:/home/kanal-raspi5/ws_amr_robot/install/robot_bringup/lib/python3.12/site-packages:${PYTHONPATH} /usr/bin/python3 -W ignore:setup.py install is deprecated -W ignore:easy_install command is deprecated setup.py develop --editable --build-directory /home/kanal-raspi5/ws_amr_robot/build/robot_bringup/build --no-deps symlink_data --force
