[0.886s] Invoking command in '/home/kanal-raspi5/ws_amr_robot/build/sllidar_ros2': CMAKE_PREFIX_PATH=${CMAKE_PREFIX_PATH}:/home/kanal-raspi5/ws_amr_robot/install/robot_bringup:/opt/ros/jazzy DEBUGINFOD_URLS=https://debuginfod.ubuntu.com NX_CONNECTION=100.78.101.29 62747 100.82.208.104 4000 /usr/bin/cmake --build /home/kanal-raspi5/ws_amr_robot/build/sllidar_ros2 -- -j4 -l4
[1.322s] [ 90%] Built target sllidar_node
[1.497s] [100%] Built target sllidar_client
[1.543s] Invoked command in '/home/kanal-raspi5/ws_amr_robot/build/sllidar_ros2' returned '0': CMAKE_PREFIX_PATH=${CMAKE_PREFIX_PATH}:/home/kanal-raspi5/ws_amr_robot/install/robot_bringup:/opt/ros/jazzy DEBUGINFOD_URLS=https://debuginfod.ubuntu.com NX_CONNECTION=100.78.101.29 62747 100.82.208.104 4000 /usr/bin/cmake --build /home/kanal-raspi5/ws_amr_robot/build/sllidar_ros2 -- -j4 -l4
[1.584s] Invoking command in '/home/kanal-raspi5/ws_amr_robot/build/sllidar_ros2': CMAKE_PREFIX_PATH=${CMAKE_PREFIX_PATH}:/home/kanal-raspi5/ws_amr_robot/install/robot_bringup:/opt/ros/jazzy DEBUGINFOD_URLS=https://debuginfod.ubuntu.com NX_CONNECTION=100.78.101.29 62747 100.82.208.104 4000 /usr/bin/cmake --install /home/kanal-raspi5/ws_amr_robot/build/sllidar_ros2
[1.624s] -- Install configuration: ""
[1.626s] -- Execute custom install script
[1.631s] -- Up-to-date symlink: /home/kanal-raspi5/ws_amr_robot/install/sllidar_ros2/share/sllidar_ros2/launch/.~lock.sllidar_a1_launch.py#
[1.633s] -- Up-to-date symlink: /home/kanal-raspi5/ws_amr_robot/install/sllidar_ros2/share/sllidar_ros2/launch/sllidar_a1_launch.py
[1.636s] -- Up-to-date symlink: /home/kanal-raspi5/ws_amr_robot/install/sllidar_ros2/share/sllidar_ros2/launch/sllidar_a2m12_launch .py
[1.636s] -- Up-to-date symlink: /home/kanal-raspi5/ws_amr_robot/install/sllidar_ros2/share/sllidar_ros2/launch/sllidar_a2m7_launch.py
[1.640s] -- Up-to-date symlink: /home/kanal-raspi5/ws_amr_robot/install/sllidar_ros2/share/sllidar_ros2/launch/sllidar_a2m8_launch.py
[1.640s] -- Up-to-date symlink: /home/kanal-raspi5/ws_amr_robot/install/sllidar_ros2/share/sllidar_ros2/launch/sllidar_a3_launch.py
[1.640s] -- Up-to-date symlink: /home/kanal-raspi5/ws_amr_robot/install/sllidar_ros2/share/sllidar_ros2/launch/sllidar_c1_launch.py
[1.643s] -- Up-to-date symlink: /home/kanal-raspi5/ws_amr_robot/install/sllidar_ros2/share/sllidar_ros2/launch/sllidar_s1_launch.py
[1.643s] -- Up-to-date symlink: /home/kanal-raspi5/ws_amr_robot/install/sllidar_ros2/share/sllidar_ros2/launch/sllidar_s1_tcp_launch.py
[1.643s] -- Up-to-date symlink: /home/kanal-raspi5/ws_amr_robot/install/sllidar_ros2/share/sllidar_ros2/launch/sllidar_s2_launch.py
[1.650s] -- Up-to-date symlink: /home/kanal-raspi5/ws_amr_robot/install/sllidar_ros2/share/sllidar_ros2/launch/sllidar_s2e_launch.py
[1.650s] -- Up-to-date symlink: /home/kanal-raspi5/ws_amr_robot/install/sllidar_ros2/share/sllidar_ros2/launch/sllidar_s3_launch.py
[1.650s] -- Up-to-date symlink: /home/kanal-raspi5/ws_amr_robot/install/sllidar_ros2/share/sllidar_ros2/launch/sllidar_t1_launch.py
[1.654s] -- Up-to-date symlink: /home/kanal-raspi5/ws_amr_robot/install/sllidar_ros2/share/sllidar_ros2/launch/view_sllidar_a1_launch.py
[1.655s] -- Up-to-date symlink: /home/kanal-raspi5/ws_amr_robot/install/sllidar_ros2/share/sllidar_ros2/launch/view_sllidar_a2m12_launch.py
[1.666s] -- Up-to-date symlink: /home/kanal-raspi5/ws_amr_robot/install/sllidar_ros2/share/sllidar_ros2/launch/view_sllidar_a2m7_launch.py
[1.667s] -- Up-to-date symlink: /home/kanal-raspi5/ws_amr_robot/install/sllidar_ros2/share/sllidar_ros2/launch/view_sllidar_a2m8_launch.py
[1.667s] -- Up-to-date symlink: /home/kanal-raspi5/ws_amr_robot/install/sllidar_ros2/share/sllidar_ros2/launch/view_sllidar_a3_launch.py
[1.668s] -- Up-to-date symlink: /home/kanal-raspi5/ws_amr_robot/install/sllidar_ros2/share/sllidar_ros2/launch/view_sllidar_c1_launch.py
[1.673s] -- Up-to-date symlink: /home/kanal-raspi5/ws_amr_robot/install/sllidar_ros2/share/sllidar_ros2/launch/view_sllidar_s1_launch.py
[1.673s] -- Up-to-date symlink: /home/kanal-raspi5/ws_amr_robot/install/sllidar_ros2/share/sllidar_ros2/launch/view_sllidar_s1_tcp_launch.py
[1.674s] -- Up-to-date symlink: /home/kanal-raspi5/ws_amr_robot/install/sllidar_ros2/share/sllidar_ros2/launch/view_sllidar_s2_launch.py
[1.676s] -- Up-to-date symlink: /home/kanal-raspi5/ws_amr_robot/install/sllidar_ros2/share/sllidar_ros2/launch/view_sllidar_s2e_launch.py
[1.676s] -- Up-to-date symlink: /home/kanal-raspi5/ws_amr_robot/install/sllidar_ros2/share/sllidar_ros2/launch/view_sllidar_s3_launch.py
[1.676s] -- Up-to-date symlink: /home/kanal-raspi5/ws_amr_robot/install/sllidar_ros2/share/sllidar_ros2/launch/view_sllidar_t1_launch.py
[1.677s] -- Up-to-date symlink: /home/kanal-raspi5/ws_amr_robot/install/sllidar_ros2/share/sllidar_ros2/rviz/sllidar_ros2.rviz
[1.678s] -- Up-to-date symlink: /home/kanal-raspi5/ws_amr_robot/install/sllidar_ros2/lib/sllidar_ros2/sllidar_node
[1.679s] -- Up-to-date symlink: /home/kanal-raspi5/ws_amr_robot/install/sllidar_ros2/lib/sllidar_ros2/sllidar_client
[1.681s] -- Up-to-date symlink: /home/kanal-raspi5/ws_amr_robot/install/sllidar_ros2/share/ament_index/resource_index/package_run_dependencies/sllidar_ros2
[1.684s] -- Up-to-date symlink: /home/kanal-raspi5/ws_amr_robot/install/sllidar_ros2/share/ament_index/resource_index/parent_prefix_path/sllidar_ros2
[1.692s] -- Up-to-date symlink: /home/kanal-raspi5/ws_amr_robot/install/sllidar_ros2/share/sllidar_ros2/environment/ament_prefix_path.sh
[1.700s] -- Up-to-date symlink: /home/kanal-raspi5/ws_amr_robot/install/sllidar_ros2/share/sllidar_ros2/environment/ament_prefix_path.dsv
[1.701s] -- Up-to-date symlink: /home/kanal-raspi5/ws_amr_robot/install/sllidar_ros2/share/sllidar_ros2/environment/path.sh
[1.701s] -- Up-to-date symlink: /home/kanal-raspi5/ws_amr_robot/install/sllidar_ros2/share/sllidar_ros2/environment/path.dsv
[1.702s] -- Up-to-date symlink: /home/kanal-raspi5/ws_amr_robot/install/sllidar_ros2/share/sllidar_ros2/local_setup.bash
[1.704s] -- Up-to-date symlink: /home/kanal-raspi5/ws_amr_robot/install/sllidar_ros2/share/sllidar_ros2/local_setup.sh
[1.707s] -- Up-to-date symlink: /home/kanal-raspi5/ws_amr_robot/install/sllidar_ros2/share/sllidar_ros2/local_setup.zsh
[1.718s] -- Up-to-date symlink: /home/kanal-raspi5/ws_amr_robot/install/sllidar_ros2/share/sllidar_ros2/local_setup.dsv
[1.719s] -- Symlinking: /home/kanal-raspi5/ws_amr_robot/install/sllidar_ros2/share/sllidar_ros2/package.dsv
[1.763s] -- Up-to-date symlink: /home/kanal-raspi5/ws_amr_robot/install/sllidar_ros2/share/ament_index/resource_index/packages/sllidar_ros2
[1.765s] -- Up-to-date symlink: /home/kanal-raspi5/ws_amr_robot/install/sllidar_ros2/share/sllidar_ros2/cmake/ament_cmake_export_dependencies-extras.cmake
[1.768s] -- Up-to-date symlink: /home/kanal-raspi5/ws_amr_robot/install/sllidar_ros2/share/sllidar_ros2/cmake/ament_cmake_export_include_directories-extras.cmake
[1.769s] -- Up-to-date symlink: /home/kanal-raspi5/ws_amr_robot/install/sllidar_ros2/share/sllidar_ros2/cmake/sllidar_ros2Config.cmake
[1.773s] -- Up-to-date symlink: /home/kanal-raspi5/ws_amr_robot/install/sllidar_ros2/share/sllidar_ros2/cmake/sllidar_ros2Config-version.cmake
[1.773s] -- Up-to-date symlink: /home/kanal-raspi5/ws_amr_robot/install/sllidar_ros2/share/sllidar_ros2/package.xml
[1.778s] Invoked command in '/home/kanal-raspi5/ws_amr_robot/build/sllidar_ros2' returned '0': CMAKE_PREFIX_PATH=${CMAKE_PREFIX_PATH}:/home/kanal-raspi5/ws_amr_robot/install/robot_bringup:/opt/ros/jazzy DEBUGINFOD_URLS=https://debuginfod.ubuntu.com NX_CONNECTION=100.78.101.29 62747 100.82.208.104 4000 /usr/bin/cmake --install /home/kanal-raspi5/ws_amr_robot/build/sllidar_ros2
